{"event_id": 4688, "source_name": "Microsoft-Windows-Security-Auditing", "time_generated": "2025-01-18 13:10:53", "event_type": 8, "event_category": 13312, "computer_name": "UNICORN", "string_inserts": ["S-1-5-18", "-", "-", "0x3e7", "0x198", "C:\\Windows\\System32\\smss.exe", "%%1936", "0x254", "", "S-1-0-0", "-", "-", "0x0", "C:\\Windows\\System32\\smss.exe", "S-1-16-16384"], "record_number": 210}
{"event_id": 4688, "source_name": "Microsoft-Windows-Security-Auditing", "time_generated": "2025-01-18 13:10:54", "event_type": 8, "event_category": 13312, "computer_name": "UNICORN", "string_inserts": ["S-1-5-18", "-", "-", "0x3e7", "0x41c", "C:\\Windows\\System32\\csrss.exe", "%%1936", "0x198", "", "S-1-0-0", "-", "-", "0x0", "C:\\Windows\\System32\\smss.exe", "S-1-16-16384"], "record_number": 211}
{"event_id": 4688, "source_name": "Microsoft-Windows-Security-Auditing", "time_generated": "2025-01-18 13:10:54", "event_type": 8, "event_category": 13312, "computer_name": "UNICORN", "string_inserts": ["S-1-5-18", "-", "-", "0x3e7", "0x46c", "C:\\Windows\\System32\\smss.exe", "%%1936", "0x254", "", "S-1-0-0", "-", "-", "0x0", "C:\\Windows\\System32\\smss.exe", "S-1-16-16384"], "record_number": 212}
{"event_id": 4688, "source_name": "Microsoft-Windows-Security-Auditing", "time_generated": "2025-01-18 13:10:54", "event_type": 8, "event_category": 13312, "computer_name": "UNICORN", "string_inserts": ["S-1-5-18", "-", "-", "0x3e7", "0x474", "C:\\Windows\\System32\\wininit.exe", "%%1936", "0x198", "", "S-1-0-0", "-", "-", "0x0", "C:\\Windows\\System32\\smss.exe", "S-1-16-16384"], "record_number": 213}
{"event_id": 4688, "source_name": "Microsoft-Windows-Security-Auditing", "time_generated": "2025-01-18 13:10:54", "event_type": 8, "event_category": 13312, "computer_name": "UNICORN", "string_inserts": ["S-1-5-18", "-", "-", "0x3e7", "0x47c", "C:\\Windows\\System32\\csrss.exe", "%%1936", "0x46c", "", "S-1-0-0", "-", "-", "0x0", "C:\\Windows\\System32\\smss.exe", "S-1-16-16384"], "record_number": 214}
{"event_id": 4688, "source_name": "Microsoft-Windows-Security-Auditing", "time_generated": "2025-01-18 13:10:54", "event_type": 8, "event_category": 13312, "computer_name": "UNICORN", "string_inserts": ["S-1-5-18", "-", "-", "0x3e7", "0x4d8", "C:\\Windows\\System32\\winlogon.exe", "%%1936", "0x46c", "", "S-1-0-0", "-", "-", "0x0", "C:\\Windows\\System32\\smss.exe", "S-1-16-16384"], "record_number": 215}
{"event_id": 4688, "source_name": "Microsoft-Windows-Security-Auditing", "time_generated": "2025-01-18 13:10:54", "event_type": 8, "event_category": 13312, "computer_name": "UNICORN", "string_inserts": ["S-1-5-18", "-", "-", "0x3e7", "0x504", "C:\\Windows\\System32\\services.exe", "%%1936", "0x474", "", "S-1-0-0", "-", "-", "0x0", "C:\\Windows\\System32\\wininit.exe", "S-1-16-16384"], "record_number": 216}
{"event_id": 4688, "source_name": "Microsoft-Windows-Security-Auditing", "time_generated": "2025-01-18 13:10:54", "event_type": 8, "event_category": 13312, "computer_name": "UNICORN", "string_inserts": ["S-1-5-18", "-", "-", "0x3e7", "0x50c", "C:\\Windows\\System32\\LsaIso.exe", "%%1936", "0x474", "", "S-1-0-0", "-", "-", "0x0", "C:\\Windows\\System32\\wininit.exe", "S-1-16-16384"], "record_number": 217}
{"event_id": 4688, "source_name": "Microsoft-Windows-Security-Auditing", "time_generated": "2025-01-18 13:10:54", "event_type": 8, "event_category": 13312, "computer_name": "UNICORN", "string_inserts": ["S-1-5-18", "-", "-", "0x3e7", "0x520", "C:\\Windows\\System32\\lsass.exe", "%%1936", "0x474", "", "S-1-0-0", "-", "-", "0x0", "C:\\Windows\\System32\\wininit.exe", "S-1-16-16384"], "record_number": 218}
{"event_id": 6417, "source_name": "Microsoft-Windows-Security-Auditing", "time_generated": "2025-01-18 13:10:54", "event_type": 8, "event_category": 12290, "computer_name": "UNICORN", "string_inserts": ["0x520", "C:\\Windows\\System32\\lsass.exe"], "record_number": 219}
{"event_id": 1100, "source_name": "Microsoft-Windows-Eventlog", "time_generated": "2025-01-18 13:11:54", "event_type": 8, "event_category": 103, "computer_name": "UNICORN", "string_inserts": null, "record_number": 220}
{"event_id": 4688, "source_name": "Microsoft-Windows-Security-Auditing", "time_generated": "2025-01-18 13:12:20", "event_type": 8, "event_category": 13312, "computer_name": "UNICORN", "string_inserts": ["S-1-5-18", "-", "-", "0x3e7", "0x8c", "", "%%1936", "0x4", "", "S-1-0-0", "-", "-", "0x0", "", "S-1-16-16384"], "record_number": 221}
{"event_id": 4688, "source_name": "Microsoft-Windows-Security-Auditing", "time_generated": "2025-01-18 13:12:20", "event_type": 8, "event_category": 13312, "computer_name": "UNICORN", "string_inserts": ["S-1-5-18", "-", "-", "0x3e7", "0xb8", "Registry", "%%1936", "0x4", "", "S-1-0-0", "-", "-", "0x0", "", "S-1-16-16384"], "record_number": 222}
{"event_id": 4696, "source_name": "Microsoft-Windows-Security-Auditing", "time_generated": "2025-01-18 13:12:20", "event_type": 8, "event_category": 13312, "computer_name": "UNICORN", "string_inserts": ["S-1-5-18", "-", "-", "0x3e7", "S-1-0-0", "-", "-", "0x3e7", "0xb8", "Registry", "0x4", ""], "record_number": 223}
{"event_id": 4826, "source_name": "Microsoft-Windows-Security-Auditing", "time_generated": "2025-01-18 13:12:20", "event_type": 8, "event_category": 13573, "computer_name": "UNICORN", "string_inserts": ["S-1-5-18", "-", "-", "0x3e7", "-", "%%1843", "%%1846", "%%1843", "%%1843", "%%1849", "%%1843", "%%1843", "%%1843", "-", "%%1849", "%%1843"], "record_number": 224}
{"event_id": 4688, "source_name": "Microsoft-Windows-Security-Auditing", "time_generated": "2025-01-18 13:12:20", "event_type": 8, "event_category": 13312, "computer_name": "UNICORN", "string_inserts": ["S-1-5-18", "-", "-", "0x3e7", "0x254", "C:\\Windows\\System32\\smss.exe", "%%1936", "0x4", "", "S-1-0-0", "-", "-", "0x0", "", "S-1-16-16384"], "record_number": 225}
{"event_id": 4688, "source_name": "Microsoft-Windows-Security-Auditing", "time_generated": "2025-01-18 13:12:22", "event_type": 8, "event_category": 13312, "computer_name": "UNICORN", "string_inserts": ["S-1-5-18", "-", "-", "0x3e7", "0x2f4", "C:\\Windows\\System32\\autochk.exe", "%%1936", "0x254", "", "S-1-0-0", "-", "-", "0x0", "C:\\Windows\\System32\\smss.exe", "S-1-16-16384"], "record_number": 226}
{"event_id": 4688, "source_name": "Microsoft-Windows-Security-Auditing", "time_generated": "2025-01-18 13:12:24", "event_type": 8, "event_category": 13312, "computer_name": "UNICORN", "string_inserts": ["S-1-5-18", "-", "-", "0x3e7", "0x3c4", "C:\\Windows\\System32\\smss.exe", "%%1936", "0x254", "", "S-1-0-0", "-", "-", "0x0", "C:\\Windows\\System32\\smss.exe", "S-1-16-16384"], "record_number": 227}
{"event_id": 4688, "source_name": "Microsoft-Windows-Security-Auditing", "time_generated": "2025-01-18 13:12:25", "event_type": 8, "event_category": 13312, "computer_name": "UNICORN", "string_inserts": ["S-1-5-18", "-", "-", "0x3e7", "0x2f4", "C:\\Windows\\System32\\csrss.exe", "%%1936", "0x3c4", "", "S-1-0-0", "-", "-", "0x0", "C:\\Windows\\System32\\smss.exe", "S-1-16-16384"], "record_number": 228}
{"event_id": 4688, "source_name": "Microsoft-Windows-Security-Auditing", "time_generated": "2025-01-18 13:12:26", "event_type": 8, "event_category": 13312, "computer_name": "UNICORN", "string_inserts": ["S-1-5-18", "-", "-", "0x3e7", "0x428", "C:\\Windows\\System32\\smss.exe", "%%1936", "0x254", "", "S-1-0-0", "-", "-", "0x0", "C:\\Windows\\System32\\smss.exe", "S-1-16-16384"], "record_number": 229}
{"event_id": 4688, "source_name": "Microsoft-Windows-Security-Auditing", "time_generated": "2025-01-18 13:12:26", "event_type": 8, "event_category": 13312, "computer_name": "UNICORN", "string_inserts": ["S-1-5-18", "-", "-", "0x3e7", "0x430", "C:\\Windows\\System32\\wininit.exe", "%%1936", "0x3c4", "", "S-1-0-0", "-", "-", "0x0", "C:\\Windows\\System32\\smss.exe", "S-1-16-16384"], "record_number": 230}
{"event_id": 4688, "source_name": "Microsoft-Windows-Security-Auditing", "time_generated": "2025-01-18 13:12:26", "event_type": 8, "event_category": 13312, "computer_name": "UNICORN", "string_inserts": ["S-1-5-18", "-", "-", "0x3e7", "0x43c", "C:\\Windows\\System32\\csrss.exe", "%%1936", "0x428", "", "S-1-0-0", "-", "-", "0x0", "C:\\Windows\\System32\\smss.exe", "S-1-16-16384"], "record_number": 231}
{"event_id": 4688, "source_name": "Microsoft-Windows-Security-Auditing", "time_generated": "2025-01-18 13:12:26", "event_type": 8, "event_category": 13312, "computer_name": "UNICORN", "string_inserts": ["S-1-5-18", "-", "-", "0x3e7", "0x498", "C:\\Windows\\System32\\winlogon.exe", "%%1936", "0x428", "", "S-1-0-0", "-", "-", "0x0", "C:\\Windows\\System32\\smss.exe", "S-1-16-16384"], "record_number": 232}
{"event_id": 4688, "source_name": "Microsoft-Windows-Security-Auditing", "time_generated": "2025-01-18 13:12:26", "event_type": 8, "event_category": 13312, "computer_name": "UNICORN", "string_inserts": ["S-1-5-18", "-", "-", "0x3e7", "0x4c0", "C:\\Windows\\System32\\services.exe", "%%1936", "0x430", "", "S-1-0-0", "-", "-", "0x0", "C:\\Windows\\System32\\wininit.exe", "S-1-16-16384"], "record_number": 233}
{"event_id": 4688, "source_name": "Microsoft-Windows-Security-Auditing", "time_generated": "2025-01-18 13:12:26", "event_type": 8, "event_category": 13312, "computer_name": "UNICORN", "string_inserts": ["S-1-5-18", "-", "-", "0x3e7", "0x4d4", "C:\\Windows\\System32\\LsaIso.exe", "%%1936", "0x430", "", "S-1-0-0", "-", "-", "0x0", "C:\\Windows\\System32\\wininit.exe", "S-1-16-16384"], "record_number": 234}
{"event_id": 4688, "source_name": "Microsoft-Windows-Security-Auditing", "time_generated": "2025-01-18 13:12:26", "event_type": 8, "event_category": 13312, "computer_name": "UNICORN", "string_inserts": ["S-1-5-18", "-", "-", "0x3e7", "0x4e0", "C:\\Windows\\System32\\lsass.exe", "%%1936", "0x430", "", "S-1-0-0", "-", "-", "0x0", "C:\\Windows\\System32\\wininit.exe", "S-1-16-16384"], "record_number": 235}
{"event_id": 6417, "source_name": "Microsoft-Windows-Security-Auditing", "time_generated": "2025-01-18 13:12:26", "event_type": 8, "event_category": 12290, "computer_name": "UNICORN", "string_inserts": ["0x4e0", "C:\\Windows\\System32\\lsass.exe"], "record_number": 236}
{"event_id": 4616, "source_name": "Microsoft-Windows-Security-Auditing", "time_generated": "2025-01-19 19:12:50", "event_type": 8, "event_category": 12288, "computer_name": "UNICORN", "string_inserts": ["S-1-5-19", "LOCAL SERVICE", "NT AUTHORITY", "0x3e5", "2025-01-19T13:42:50.1847591Z", "2025-01-19T13:42:50.1848951Z", "0x4538", "C:\\Windows\\System32\\svchost.exe"], "record_number": 237}
{"event_id": 4616, "source_name": "Microsoft-Windows-Security-Auditing", "time_generated": "2025-01-20 19:18:45", "event_type": 8, "event_category": 12288, "computer_name": "UNICORN", "string_inserts": ["S-1-5-19", "LOCAL SERVICE", "NT AUTHORITY", "0x3e5", "2025-01-20T13:48:45.9881991Z", "2025-01-20T13:48:45.9853183Z", "0x4538", "C:\\Windows\\System32\\svchost.exe"], "record_number": 238}
{"event_id": 4616, "source_name": "Microsoft-Windows-Security-Auditing", "time_generated": "2025-01-21 21:27:46", "event_type": 8, "event_category": 12288, "computer_name": "UNICORN", "string_inserts": ["S-1-5-19", "LOCAL SERVICE", "NT AUTHORITY", "0x3e5", "2025-01-21T15:57:46.0333456Z", "2025-01-21T15:57:46.0330422Z", "0x4538", "C:\\Windows\\System32\\svchost.exe"], "record_number": 239}
{"event_id": 4616, "source_name": "Microsoft-Windows-Security-Auditing", "time_generated": "2025-01-22 13:53:10", "event_type": 8, "event_category": 12288, "computer_name": "UNICORN", "string_inserts": ["S-1-5-19", "LOCAL SERVICE", "NT AUTHORITY", "0x3e5", "2025-01-22T08:23:10.0540078Z", "2025-01-22T08:23:10.0538691Z", "0x4538", "C:\\Windows\\System32\\svchost.exe"], "record_number": 240}
{"event_id": 4616, "source_name": "Microsoft-Windows-Security-Auditing", "time_generated": "2025-01-22 19:59:34", "event_type": 8, "event_category": 12288, "computer_name": "UNICORN", "string_inserts": ["S-1-5-19", "LOCAL SERVICE", "NT AUTHORITY", "0x3e5", "2025-01-22T14:29:35.9568451Z", "2025-01-22T14:29:34.4565322Z", "0x4538", "C:\\Windows\\System32\\svchost.exe"], "record_number": 241}
{"event_id": 4616, "source_name": "Microsoft-Windows-Security-Auditing", "time_generated": "2025-01-22 19:59:34", "event_type": 8, "event_category": 12288, "computer_name": "UNICORN", "string_inserts": ["S-1-5-19", "LOCAL SERVICE", "NT AUTHORITY", "0x3e5", "2025-01-22T14:29:34.4577203Z", "2025-01-22T14:29:34.4577467Z", "0x4538", "C:\\Windows\\System32\\svchost.exe"], "record_number": 242}
{"event_id": 4616, "source_name": "Microsoft-Windows-Security-Auditing", "time_generated": "2025-01-23 20:25:34", "event_type": 8, "event_category": 12288, "computer_name": "UNICORN", "string_inserts": ["S-1-5-19", "LOCAL SERVICE", "NT AUTHORITY", "0x3e5", "2025-01-23T14:55:34.5556211Z", "2025-01-23T14:55:34.5553610Z", "0x4538", "C:\\Windows\\System32\\svchost.exe"], "record_number": 243}
{"event_id": 4616, "source_name": "Microsoft-Windows-Security-Auditing", "time_generated": "2025-01-24 17:19:14", "event_type": 8, "event_category": 12288, "computer_name": "UNICORN", "string_inserts": ["S-1-5-19", "LOCAL SERVICE", "NT AUTHORITY", "0x3e5", "2025-01-24T11:49:14.7244139Z", "2025-01-24T11:49:14.7246014Z", "0x4538", "C:\\Windows\\System32\\svchost.exe"], "record_number": 244}
{"event_id": 4616, "source_name": "Microsoft-Windows-Security-Auditing", "time_generated": "2025-01-25 18:47:55", "event_type": 8, "event_category": 12288, "computer_name": "UNICORN", "string_inserts": ["S-1-5-19", "LOCAL SERVICE", "NT AUTHORITY", "0x3e5", "2025-01-25T13:17:55.1259857Z", "2025-01-25T13:17:55.1269892Z", "0x4538", "C:\\Windows\\System32\\svchost.exe"], "record_number": 245}
{"event_id": 4616, "source_name": "Microsoft-Windows-Security-Auditing", "time_generated": "2025-01-26 19:12:54", "event_type": 8, "event_category": 12288, "computer_name": "UNICORN", "string_inserts": ["S-1-5-19", "LOCAL SERVICE", "NT AUTHORITY", "0x3e5", "2025-01-26T13:42:54.6866207Z", "2025-01-26T13:42:54.6857463Z", "0x4538", "C:\\Windows\\System32\\svchost.exe"], "record_number": 246}
{"event_id": 4616, "source_name": "Microsoft-Windows-Security-Auditing", "time_generated": "2025-01-27 18:25:42", "event_type": 8, "event_category": 12288, "computer_name": "UNICORN", "string_inserts": ["S-1-5-19", "LOCAL SERVICE", "NT AUTHORITY", "0x3e5", "2025-01-27T12:55:42.2021575Z", "2025-01-27T12:55:42.2019683Z", "0x4538", "C:\\Windows\\System32\\svchost.exe"], "record_number": 247}
{"event_id": 4616, "source_name": "Microsoft-Windows-Security-Auditing", "time_generated": "2025-01-28 18:51:56", "event_type": 8, "event_category": 12288, "computer_name": "UNICORN", "string_inserts": ["S-1-5-19", "LOCAL SERVICE", "NT AUTHORITY", "0x3e5", "2025-01-28T13:21:56.0138969Z", "2025-01-28T13:21:56.0141922Z", "0x4538", "C:\\Windows\\System32\\svchost.exe"], "record_number": 248}
{"event_id": 4616, "source_name": "Microsoft-Windows-Security-Auditing", "time_generated": "2025-01-29 17:53:28", "event_type": 8, "event_category": 12288, "computer_name": "UNICORN", "string_inserts": ["S-1-5-19", "LOCAL SERVICE", "NT AUTHORITY", "0x3e5", "2025-01-29T12:23:28.0053780Z", "2025-01-29T12:23:28.0081552Z", "0x4538", "C:\\Windows\\System32\\svchost.exe"], "record_number": 249}
{"event_id": 1100, "source_name": "Microsoft-Windows-Eventlog", "time_generated": "2025-01-30 20:21:58", "event_type": 8, "event_category": 103, "computer_name": "UNICORN", "string_inserts": null, "record_number": 250}
{"event_id": 4616, "source_name": "Microsoft-Windows-Security-Auditing", "time_generated": "2025-01-30 20:21:58", "event_type": 8, "event_category": 12288, "computer_name": "UNICORN", "string_inserts": ["S-1-5-19", "LOCAL SERVICE", "NT AUTHORITY", "0x3e5", "2025-01-30T14:51:58.2174971Z", "2025-01-30T14:51:58.2178654Z", "0x4538", "C:\\Windows\\System32\\svchost.exe"], "record_number": 251}
{"event_id": 4688, "source_name": "Microsoft-Windows-Security-Auditing", "time_generated": "2025-01-30 20:22:17", "event_type": 8, "event_category": 13312, "computer_name": "UNICORN", "string_inserts": ["S-1-5-18", "-", "-", "0x3e7", "0x8c", "", "%%1936", "0x4", "", "S-1-0-0", "-", "-", "0x0", "", "S-1-16-16384"], "record_number": 252}
{"event_id": 4688, "source_name": "Microsoft-Windows-Security-Auditing", "time_generated": "2025-01-30 20:22:17", "event_type": 8, "event_category": 13312, "computer_name": "UNICORN", "string_inserts": ["S-1-5-18", "-", "-", "0x3e7", "0xb8", "Registry", "%%1936", "0x4", "", "S-1-0-0", "-", "-", "0x0", "", "S-1-16-16384"], "record_number": 253}
{"event_id": 4696, "source_name": "Microsoft-Windows-Security-Auditing", "time_generated": "2025-01-30 20:22:17", "event_type": 8, "event_category": 13312, "computer_name": "UNICORN", "string_inserts": ["S-1-5-18", "-", "-", "0x3e7", "S-1-0-0", "-", "-", "0x3e7", "0xb8", "Registry", "0x4", ""], "record_number": 254}
{"event_id": 4826, "source_name": "Microsoft-Windows-Security-Auditing", "time_generated": "2025-01-30 20:22:17", "event_type": 8, "event_category": 13573, "computer_name": "UNICORN", "string_inserts": ["S-1-5-18", "-", "-", "0x3e7", "-", "%%1843", "%%1846", "%%1843", "%%1843", "%%1849", "%%1843", "%%1843", "%%1843", "-", "%%1849", "%%1843"], "record_number": 255}
{"event_id": 4688, "source_name": "Microsoft-Windows-Security-Auditing", "time_generated": "2025-01-30 20:22:17", "event_type": 8, "event_category": 13312, "computer_name": "UNICORN", "string_inserts": ["S-1-5-18", "-", "-", "0x3e7", "0x254", "C:\\Windows\\System32\\smss.exe", "%%1936", "0x4", "", "S-1-0-0", "-", "-", "0x0", "", "S-1-16-16384"], "record_number": 256}
{"event_id": 4688, "source_name": "Microsoft-Windows-Security-Auditing", "time_generated": "2025-01-30 20:22:21", "event_type": 8, "event_category": 13312, "computer_name": "UNICORN", "string_inserts": ["S-1-5-18", "-", "-", "0x3e7", "0x304", "C:\\Windows\\System32\\autochk.exe", "%%1936", "0x254", "", "S-1-0-0", "-", "-", "0x0", "C:\\Windows\\System32\\smss.exe", "S-1-16-16384"], "record_number": 257}
{"event_id": 4688, "source_name": "Microsoft-Windows-Security-Auditing", "time_generated": "2025-01-30 20:22:23", "event_type": 8, "event_category": 13312, "computer_name": "UNICORN", "string_inserts": ["S-1-5-18", "-", "-", "0x3e7", "0x3ac", "C:\\Windows\\System32\\smss.exe", "%%1936", "0x254", "", "S-1-0-0", "-", "-", "0x0", "C:\\Windows\\System32\\smss.exe", "S-1-16-16384"], "record_number": 258}
{"event_id": 4688, "source_name": "Microsoft-Windows-Security-Auditing", "time_generated": "2025-01-30 20:22:26", "event_type": 8, "event_category": 13312, "computer_name": "UNICORN", "string_inserts": ["S-1-5-18", "-", "-", "0x3e7", "0x248", "C:\\Windows\\System32\\csrss.exe", "%%1936", "0x3ac", "", "S-1-0-0", "-", "-", "0x0", "C:\\Windows\\System32\\smss.exe", "S-1-16-16384"], "record_number": 259}
{"event_id": 4688, "source_name": "Microsoft-Windows-Security-Auditing", "time_generated": "2025-01-30 20:22:27", "event_type": 8, "event_category": 13312, "computer_name": "UNICORN", "string_inserts": ["S-1-5-18", "-", "-", "0x3e7", "0x42c", "C:\\Windows\\System32\\smss.exe", "%%1936", "0x254", "", "S-1-0-0", "-", "-", "0x0", "C:\\Windows\\System32\\smss.exe", "S-1-16-16384"], "record_number": 260}
{"event_id": 4688, "source_name": "Microsoft-Windows-Security-Auditing", "time_generated": "2025-01-30 20:22:27", "event_type": 8, "event_category": 13312, "computer_name": "UNICORN", "string_inserts": ["S-1-5-18", "-", "-", "0x3e7", "0x438", "C:\\Windows\\System32\\wininit.exe", "%%1936", "0x3ac", "", "S-1-0-0", "-", "-", "0x0", "C:\\Windows\\System32\\smss.exe", "S-1-16-16384"], "record_number": 261}
{"event_id": 4688, "source_name": "Microsoft-Windows-Security-Auditing", "time_generated": "2025-01-30 20:22:27", "event_type": 8, "event_category": 13312, "computer_name": "UNICORN", "string_inserts": ["S-1-5-18", "-", "-", "0x3e7", "0x440", "C:\\Windows\\System32\\csrss.exe", "%%1936", "0x42c", "", "S-1-0-0", "-", "-", "0x0", "C:\\Windows\\System32\\smss.exe", "S-1-16-16384"], "record_number": 262}
{"event_id": 4688, "source_name": "Microsoft-Windows-Security-Auditing", "time_generated": "2025-01-30 20:22:27", "event_type": 8, "event_category": 13312, "computer_name": "UNICORN", "string_inserts": ["S-1-5-18", "-", "-", "0x3e7", "0x49c", "C:\\Windows\\System32\\winlogon.exe", "%%1936", "0x42c", "", "S-1-0-0", "-", "-", "0x0", "C:\\Windows\\System32\\smss.exe", "S-1-16-16384"], "record_number": 263}
{"event_id": 4688, "source_name": "Microsoft-Windows-Security-Auditing", "time_generated": "2025-01-30 20:22:27", "event_type": 8, "event_category": 13312, "computer_name": "UNICORN", "string_inserts": ["S-1-5-18", "-", "-", "0x3e7", "0x4b4", "C:\\Windows\\System32\\services.exe", "%%1936", "0x438", "", "S-1-0-0", "-", "-", "0x0", "C:\\Windows\\System32\\wininit.exe", "S-1-16-16384"], "record_number": 264}
{"event_id": 4688, "source_name": "Microsoft-Windows-Security-Auditing", "time_generated": "2025-01-30 20:22:27", "event_type": 8, "event_category": 13312, "computer_name": "UNICORN", "string_inserts": ["S-1-5-18", "-", "-", "0x3e7", "0x4d0", "C:\\Windows\\System32\\LsaIso.exe", "%%1936", "0x438", "", "S-1-0-0", "-", "-", "0x0", "C:\\Windows\\System32\\wininit.exe", "S-1-16-16384"], "record_number": 265}
{"event_id": 4688, "source_name": "Microsoft-Windows-Security-Auditing", "time_generated": "2025-01-30 20:22:27", "event_type": 8, "event_category": 13312, "computer_name": "UNICORN", "string_inserts": ["S-1-5-18", "-", "-", "0x3e7", "0x4e4", "C:\\Windows\\System32\\lsass.exe", "%%1936", "0x438", "", "S-1-0-0", "-", "-", "0x0", "C:\\Windows\\System32\\wininit.exe", "S-1-16-16384"], "record_number": 266}
{"event_id": 6417, "source_name": "Microsoft-Windows-Security-Auditing", "time_generated": "2025-01-30 20:22:27", "event_type": 8, "event_category": 12290, "computer_name": "UNICORN", "string_inserts": ["0x4e4", "C:\\Windows\\System32\\lsass.exe"], "record_number": 267}
{"event_id": 4616, "source_name": "Microsoft-Windows-Security-Auditing", "time_generated": "2025-01-31 12:02:45", "event_type": 8, "event_category": 12288, "computer_name": "UNICORN", "string_inserts": ["S-1-5-19", "LOCAL SERVICE", "NT AUTHORITY", "0x3e5", "2025-01-31T06:32:45.8740376Z", "2025-01-31T06:32:45.8731061Z", "0x1c94", "C:\\Windows\\System32\\svchost.exe"], "record_number": 268}
{"event_id": 4616, "source_name": "Microsoft-Windows-Security-Auditing", "time_generated": "2025-01-31 21:11:37", "event_type": 8, "event_category": 12288, "computer_name": "UNICORN", "string_inserts": ["S-1-5-19", "LOCAL SERVICE", "NT AUTHORITY", "0x3e5", "2025-01-31T15:41:37.0125809Z", "2025-01-31T15:41:37.0126507Z", "0x1c94", "C:\\Windows\\System32\\svchost.exe"], "record_number": 269}
{"event_id": 4616, "source_name": "Microsoft-Windows-Security-Auditing", "time_generated": "2025-02-01 10:05:54", "event_type": 8, "event_category": 12288, "computer_name": "UNICORN", "string_inserts": ["S-1-5-19", "LOCAL SERVICE", "NT AUTHORITY", "0x3e5", "2025-02-01T04:35:54.7489454Z", "2025-02-01T04:35:54.7485381Z", "0x1c94", "C:\\Windows\\System32\\svchost.exe"], "record_number": 270}
{"event_id": 4616, "source_name": "Microsoft-Windows-Security-Auditing", "time_generated": "2025-02-01 18:43:55", "event_type": 8, "event_category": 12288, "computer_name": "UNICORN", "string_inserts": ["S-1-5-19", "LOCAL SERVICE", "NT AUTHORITY", "0x3e5", "2025-02-01T13:13:54.3477403Z", "2025-02-01T13:13:55.4416837Z", "0x1c94", "C:\\Windows\\System32\\svchost.exe"], "record_number": 271}
{"event_id": 4616, "source_name": "Microsoft-Windows-Security-Auditing", "time_generated": "2025-02-01 18:43:55", "event_type": 8, "event_category": 12288, "computer_name": "UNICORN", "string_inserts": ["S-1-5-19", "LOCAL SERVICE", "NT AUTHORITY", "0x3e5", "2025-02-01T13:13:55.4420152Z", "2025-02-01T13:13:55.4437519Z", "0x1c94", "C:\\Windows\\System32\\svchost.exe"], "record_number": 272}
{"event_id": 4616, "source_name": "Microsoft-Windows-Security-Auditing", "time_generated": "2025-02-02 20:21:13", "event_type": 8, "event_category": 12288, "computer_name": "UNICORN", "string_inserts": ["S-1-5-19", "LOCAL SERVICE", "NT AUTHORITY", "0x3e5", "2025-02-02T14:51:13.2014719Z", "2025-02-02T14:51:13.2019011Z", "0x1c94", "C:\\Windows\\System32\\svchost.exe"], "record_number": 273}
{"event_id": 4616, "source_name": "Microsoft-Windows-Security-Auditing", "time_generated": "2025-02-03 13:29:31", "event_type": 8, "event_category": 12288, "computer_name": "UNICORN", "string_inserts": ["S-1-5-19", "LOCAL SERVICE", "NT AUTHORITY", "0x3e5", "2025-02-03T07:59:31.0440524Z", "2025-02-03T07:59:31.0445837Z", "0x1c94", "C:\\Windows\\System32\\svchost.exe"], "record_number": 274}
{"event_id": 4616, "source_name": "Microsoft-Windows-Security-Auditing", "time_generated": "2025-02-04 20:59:40", "event_type": 8, "event_category": 12288, "computer_name": "UNICORN", "string_inserts": ["S-1-5-19", "LOCAL SERVICE", "NT AUTHORITY", "0x3e5", "2025-02-04T15:29:40.6647109Z", "2025-02-04T15:29:40.6645392Z", "0x1c94", "C:\\Windows\\System32\\svchost.exe"], "record_number": 275}
{"event_id": 4616, "source_name": "Microsoft-Windows-Security-Auditing", "time_generated": "2025-02-05 10:31:33", "event_type": 8, "event_category": 12288, "computer_name": "UNICORN", "string_inserts": ["S-1-5-19", "LOCAL SERVICE", "NT AUTHORITY", "0x3e5", "2025-02-05T05:01:33.3201351Z", "2025-02-05T05:01:33.3202637Z", "0x1c94", "C:\\Windows\\System32\\svchost.exe"], "record_number": 276}
{"event_id": 4616, "source_name": "Microsoft-Windows-Security-Auditing", "time_generated": "2025-02-05 21:19:03", "event_type": 8, "event_category": 12288, "computer_name": "UNICORN", "string_inserts": ["S-1-5-19", "LOCAL SERVICE", "NT AUTHORITY", "0x3e5", "2025-02-05T15:49:03.5433307Z", "2025-02-05T15:49:03.5518209Z", "0x1c94", "C:\\Windows\\System32\\svchost.exe"], "record_number": 277}
{"event_id": 4616, "source_name": "Microsoft-Windows-Security-Auditing", "time_generated": "2025-02-06 12:17:26", "event_type": 8, "event_category": 12288, "computer_name": "UNICORN", "string_inserts": ["S-1-5-19", "LOCAL SERVICE", "NT AUTHORITY", "0x3e5", "2025-02-06T06:47:26.9511671Z", "2025-02-06T06:47:26.9514278Z", "0x1c94", "C:\\Windows\\System32\\svchost.exe"], "record_number": 278}
{"event_id": 4616, "source_name": "Microsoft-Windows-Security-Auditing", "time_generated": "2025-02-06 20:21:16", "event_type": 8, "event_category": 12288, "computer_name": "UNICORN", "string_inserts": ["S-1-5-19", "LOCAL SERVICE", "NT AUTHORITY", "0x3e5", "2025-02-06T14:51:16.1739648Z", "2025-02-06T14:51:16.1741437Z", "0x1c94", "C:\\Windows\\System32\\svchost.exe"], "record_number": 279}
{"event_id": 4616, "source_name": "Microsoft-Windows-Security-Auditing", "time_generated": "2025-02-07 10:24:13", "event_type": 8, "event_category": 12288, "computer_name": "UNICORN", "string_inserts": ["S-1-5-19", "LOCAL SERVICE", "NT AUTHORITY", "0x3e5", "2025-02-07T04:54:13.8999790Z", "2025-02-07T04:54:13.8977421Z", "0x1c94", "C:\\Windows\\System32\\svchost.exe"], "record_number": 280}
{"event_id": 4616, "source_name": "Microsoft-Windows-Security-Auditing", "time_generated": "2025-02-07 20:31:27", "event_type": 8, "event_category": 12288, "computer_name": "UNICORN", "string_inserts": ["S-1-5-19", "LOCAL SERVICE", "NT AUTHORITY", "0x3e5", "2025-02-07T15:01:27.4267252Z", "2025-02-07T15:01:27.4267713Z", "0x1c94", "C:\\Windows\\System32\\svchost.exe"], "record_number": 281}
{"event_id": 4616, "source_name": "Microsoft-Windows-Security-Auditing", "time_generated": "2025-02-08 11:32:05", "event_type": 8, "event_category": 12288, "computer_name": "UNICORN", "string_inserts": ["S-1-5-19", "LOCAL SERVICE", "NT AUTHORITY", "0x3e5", "2025-02-08T06:02:05.7829262Z", "2025-02-08T06:02:05.7827324Z", "0x1c94", "C:\\Windows\\System32\\svchost.exe"], "record_number": 282}
{"event_id": 4616, "source_name": "Microsoft-Windows-Security-Auditing", "time_generated": "2025-02-08 20:25:41", "event_type": 8, "event_category": 12288, "computer_name": "UNICORN", "string_inserts": ["S-1-5-19", "LOCAL SERVICE", "NT AUTHORITY", "0x3e5", "2025-02-08T14:55:41.0149266Z", "2025-02-08T14:55:41.0148579Z", "0x1c94", "C:\\Windows\\System32\\svchost.exe"], "record_number": 283}
{"event_id": 4616, "source_name": "Microsoft-Windows-Security-Auditing", "time_generated": "2025-02-09 12:09:38", "event_type": 8, "event_category": 12288, "computer_name": "UNICORN", "string_inserts": ["S-1-5-19", "LOCAL SERVICE", "NT AUTHORITY", "0x3e5", "2025-02-09T06:39:38.6222533Z", "2025-02-09T06:39:38.6253453Z", "0x1c94", "C:\\Windows\\System32\\svchost.exe"], "record_number": 284}
{"event_id": 4616, "source_name": "Microsoft-Windows-Security-Auditing", "time_generated": "2025-02-10 10:41:14", "event_type": 8, "event_category": 12288, "computer_name": "UNICORN", "string_inserts": ["S-1-5-19", "LOCAL SERVICE", "NT AUTHORITY", "0x3e5", "2025-02-10T05:11:14.7468353Z", "2025-02-10T05:11:14.7468679Z", "0x1c94", "C:\\Windows\\System32\\svchost.exe"], "record_number": 285}
{"event_id": 4616, "source_name": "Microsoft-Windows-Security-Auditing", "time_generated": "2025-02-10 19:45:15", "event_type": 8, "event_category": 12288, "computer_name": "UNICORN", "string_inserts": ["S-1-5-19", "LOCAL SERVICE", "NT AUTHORITY", "0x3e5", "2025-02-10T14:15:15.5041950Z", "2025-02-10T14:15:15.5048670Z", "0x1c94", "C:\\Windows\\System32\\svchost.exe"], "record_number": 286}
{"event_id": 4616, "source_name": "Microsoft-Windows-Security-Auditing", "time_generated": "2025-02-11 19:56:41", "event_type": 8, "event_category": 12288, "computer_name": "UNICORN", "string_inserts": ["S-1-5-19", "LOCAL SERVICE", "NT AUTHORITY", "0x3e5", "2025-02-11T14:26:41.5284753Z", "2025-02-11T14:26:41.5298435Z", "0x1c94", "C:\\Windows\\System32\\svchost.exe"], "record_number": 287}
{"event_id": 4616, "source_name": "Microsoft-Windows-Security-Auditing", "time_generated": "2025-02-12 20:24:54", "event_type": 8, "event_category": 12288, "computer_name": "UNICORN", "string_inserts": ["S-1-5-19", "LOCAL SERVICE", "NT AUTHORITY", "0x3e5", "2025-02-12T14:54:54.0962216Z", "2025-02-12T14:54:54.0959235Z", "0x1c94", "C:\\Windows\\System32\\svchost.exe"], "record_number": 288}
{"event_id": 4616, "source_name": "Microsoft-Windows-Security-Auditing", "time_generated": "2025-02-13 11:31:14", "event_type": 8, "event_category": 12288, "computer_name": "UNICORN", "string_inserts": ["S-1-5-19", "LOCAL SERVICE", "NT AUTHORITY", "0x3e5", "2025-02-13T06:01:14.0127191Z", "2025-02-13T06:01:14.0131421Z", "0x1c94", "C:\\Windows\\System32\\svchost.exe"], "record_number": 289}
{"event_id": 4616, "source_name": "Microsoft-Windows-Security-Auditing", "time_generated": "2025-02-13 20:35:07", "event_type": 8, "event_category": 12288, "computer_name": "UNICORN", "string_inserts": ["S-1-5-19", "LOCAL SERVICE", "NT AUTHORITY", "0x3e5", "2025-02-13T15:05:07.2267316Z", "2025-02-13T15:05:07.2269185Z", "0x1c94", "C:\\Windows\\System32\\svchost.exe"], "record_number": 290}
{"event_id": 1101, "source_name": "Microsoft-Windows-Eventlog", "time_generated": "2025-02-14 11:22:59", "event_type": 8, "event_category": 101, "computer_name": "UNICORN", "string_inserts": ["0"], "record_number": 291}
{"event_id": 4688, "source_name": "Microsoft-Windows-Security-Auditing", "time_generated": "2025-02-14 11:22:08", "event_type": 8, "event_category": 13312, "computer_name": "UNICORN", "string_inserts": ["S-1-5-18", "-", "-", "0x3e7", "0x8c", "", "%%1936", "0x4", "", "S-1-0-0", "-", "-", "0x0", "", "S-1-16-16384"], "record_number": 292}
{"event_id": 4688, "source_name": "Microsoft-Windows-Security-Auditing", "time_generated": "2025-02-14 11:22:08", "event_type": 8, "event_category": 13312, "computer_name": "UNICORN", "string_inserts": ["S-1-5-18", "-", "-", "0x3e7", "0xb8", "Registry", "%%1936", "0x4", "", "S-1-0-0", "-", "-", "0x0", "", "S-1-16-16384"], "record_number": 293}
{"event_id": 4696, "source_name": "Microsoft-Windows-Security-Auditing", "time_generated": "2025-02-14 11:22:08", "event_type": 8, "event_category": 13312, "computer_name": "UNICORN", "string_inserts": ["S-1-5-18", "-", "-", "0x3e7", "S-1-0-0", "-", "-", "0x3e7", "0xb8", "Registry", "0x4", ""], "record_number": 294}
{"event_id": 4826, "source_name": "Microsoft-Windows-Security-Auditing", "time_generated": "2025-02-14 11:22:08", "event_type": 8, "event_category": 13573, "computer_name": "UNICORN", "string_inserts": ["S-1-5-18", "-", "-", "0x3e7", "-", "%%1843", "%%1846", "%%1843", "%%1843", "%%1849", "%%1843", "%%1843", "%%1843", "-", "%%1849", "%%1843"], "record_number": 295}
{"event_id": 4688, "source_name": "Microsoft-Windows-Security-Auditing", "time_generated": "2025-02-14 11:22:08", "event_type": 8, "event_category": 13312, "computer_name": "UNICORN", "string_inserts": ["S-1-5-18", "-", "-", "0x3e7", "0x258", "C:\\Windows\\System32\\smss.exe", "%%1936", "0x4", "", "S-1-0-0", "-", "-", "0x0", "", "S-1-16-16384"], "record_number": 296}
{"event_id": 4688, "source_name": "Microsoft-Windows-Security-Auditing", "time_generated": "2025-02-14 11:22:11", "event_type": 8, "event_category": 13312, "computer_name": "UNICORN", "string_inserts": ["S-1-5-18", "-", "-", "0x3e7", "0x320", "C:\\Windows\\System32\\autochk.exe", "%%1936", "0x258", "", "S-1-0-0", "-", "-", "0x0", "C:\\Windows\\System32\\smss.exe", "S-1-16-16384"], "record_number": 297}
{"event_id": 4688, "source_name": "Microsoft-Windows-Security-Auditing", "time_generated": "2025-02-14 11:22:15", "event_type": 8, "event_category": 13312, "computer_name": "UNICORN", "string_inserts": ["S-1-5-18", "-", "-", "0x3e7", "0x448", "C:\\Windows\\System32\\smss.exe", "%%1936", "0x258", "", "S-1-0-0", "-", "-", "0x0", "C:\\Windows\\System32\\smss.exe", "S-1-16-16384"], "record_number": 298}
{"event_id": 4688, "source_name": "Microsoft-Windows-Security-Auditing", "time_generated": "2025-02-14 11:22:15", "event_type": 8, "event_category": 13312, "computer_name": "UNICORN", "string_inserts": ["S-1-5-18", "-", "-", "0x3e7", "0x458", "C:\\Windows\\System32\\csrss.exe", "%%1936", "0x448", "", "S-1-0-0", "-", "-", "0x0", "C:\\Windows\\System32\\smss.exe", "S-1-16-16384"], "record_number": 299}
{"event_id": 4688, "source_name": "Microsoft-Windows-Security-Auditing", "time_generated": "2025-02-14 11:22:15", "event_type": 8, "event_category": 13312, "computer_name": "UNICORN", "string_inserts": ["S-1-5-18", "-", "-", "0x3e7", "0x4a8", "C:\\Windows\\System32\\smss.exe", "%%1936", "0x258", "", "S-1-0-0", "-", "-", "0x0", "C:\\Windows\\System32\\smss.exe", "S-1-16-16384"], "record_number": 300}
{"event_id": 4688, "source_name": "Microsoft-Windows-Security-Auditing", "time_generated": "2025-02-14 11:22:15", "event_type": 8, "event_category": 13312, "computer_name": "UNICORN", "string_inserts": ["S-1-5-18", "-", "-", "0x3e7", "0x4b0", "C:\\Windows\\System32\\wininit.exe", "%%1936", "0x448", "", "S-1-0-0", "-", "-", "0x0", "C:\\Windows\\System32\\smss.exe", "S-1-16-16384"], "record_number": 301}
{"event_id": 4688, "source_name": "Microsoft-Windows-Security-Auditing", "time_generated": "2025-02-14 11:22:15", "event_type": 8, "event_category": 13312, "computer_name": "UNICORN", "string_inserts": ["S-1-5-18", "-", "-", "0x3e7", "0x4b8", "C:\\Windows\\System32\\csrss.exe", "%%1936", "0x4a8", "", "S-1-0-0", "-", "-", "0x0", "C:\\Windows\\System32\\smss.exe", "S-1-16-16384"], "record_number": 302}
{"event_id": 4688, "source_name": "Microsoft-Windows-Security-Auditing", "time_generated": "2025-02-14 11:22:15", "event_type": 8, "event_category": 13312, "computer_name": "UNICORN", "string_inserts": ["S-1-5-18", "-", "-", "0x3e7", "0x514", "C:\\Windows\\System32\\winlogon.exe", "%%1936", "0x4a8", "", "S-1-0-0", "-", "-", "0x0", "C:\\Windows\\System32\\smss.exe", "S-1-16-16384"], "record_number": 303}
{"event_id": 4688, "source_name": "Microsoft-Windows-Security-Auditing", "time_generated": "2025-02-14 11:22:15", "event_type": 8, "event_category": 13312, "computer_name": "UNICORN", "string_inserts": ["S-1-5-18", "-", "-", "0x3e7", "0x53c", "C:\\Windows\\System32\\services.exe", "%%1936", "0x4b0", "", "S-1-0-0", "-", "-", "0x0", "C:\\Windows\\System32\\wininit.exe", "S-1-16-16384"], "record_number": 304}
{"event_id": 4688, "source_name": "Microsoft-Windows-Security-Auditing", "time_generated": "2025-02-14 11:22:15", "event_type": 8, "event_category": 13312, "computer_name": "UNICORN", "string_inserts": ["S-1-5-18", "-", "-", "0x3e7", "0x548", "C:\\Windows\\System32\\LsaIso.exe", "%%1936", "0x4b0", "", "S-1-0-0", "-", "-", "0x0", "C:\\Windows\\System32\\wininit.exe", "S-1-16-16384"], "record_number": 305}
{"event_id": 4688, "source_name": "Microsoft-Windows-Security-Auditing", "time_generated": "2025-02-14 11:22:15", "event_type": 8, "event_category": 13312, "computer_name": "UNICORN", "string_inserts": ["S-1-5-18", "-", "-", "0x3e7", "0x55c", "C:\\Windows\\System32\\lsass.exe", "%%1936", "0x4b0", "", "S-1-0-0", "-", "-", "0x0", "C:\\Windows\\System32\\wininit.exe", "S-1-16-16384"], "record_number": 306}
{"event_id": 6417, "source_name": "Microsoft-Windows-Security-Auditing", "time_generated": "2025-02-14 11:22:15", "event_type": 8, "event_category": 12290, "computer_name": "UNICORN", "string_inserts": ["0x55c", "C:\\Windows\\System32\\lsass.exe"], "record_number": 307}
{"event_id": 1100, "source_name": "Microsoft-Windows-Eventlog", "time_generated": "2025-02-14 11:23:15", "event_type": 8, "event_category": 103, "computer_name": "UNICORN", "string_inserts": null, "record_number": 308}
{"event_id": 4688, "source_name": "Microsoft-Windows-Security-Auditing", "time_generated": "2025-02-14 11:23:33", "event_type": 8, "event_category": 13312, "computer_name": "UNICORN", "string_inserts": ["S-1-5-18", "-", "-", "0x3e7", "0x8c", "", "%%1936", "0x4", "", "S-1-0-0", "-", "-", "0x0", "", "S-1-16-16384"], "record_number": 309}
{"event_id": 4688, "source_name": "Microsoft-Windows-Security-Auditing", "time_generated": "2025-02-14 11:23:33", "event_type": 8, "event_category": 13312, "computer_name": "UNICORN", "string_inserts": ["S-1-5-18", "-", "-", "0x3e7", "0xb8", "Registry", "%%1936", "0x4", "", "S-1-0-0", "-", "-", "0x0", "", "S-1-16-16384"], "record_number": 310}
{"event_id": 4696, "source_name": "Microsoft-Windows-Security-Auditing", "time_generated": "2025-02-14 11:23:33", "event_type": 8, "event_category": 13312, "computer_name": "UNICORN", "string_inserts": ["S-1-5-18", "-", "-", "0x3e7", "S-1-0-0", "-", "-", "0x3e7", "0xb8", "Registry", "0x4", ""], "record_number": 311}
{"event_id": 4826, "source_name": "Microsoft-Windows-Security-Auditing", "time_generated": "2025-02-14 11:23:33", "event_type": 8, "event_category": 13573, "computer_name": "UNICORN", "string_inserts": ["S-1-5-18", "-", "-", "0x3e7", "-", "%%1843", "%%1846", "%%1843", "%%1843", "%%1849", "%%1843", "%%1843", "%%1843", "-", "%%1849", "%%1843"], "record_number": 312}
{"event_id": 4688, "source_name": "Microsoft-Windows-Security-Auditing", "time_generated": "2025-02-14 11:23:33", "event_type": 8, "event_category": 13312, "computer_name": "UNICORN", "string_inserts": ["S-1-5-18", "-", "-", "0x3e7", "0x254", "C:\\Windows\\System32\\smss.exe", "%%1936", "0x4", "", "S-1-0-0", "-", "-", "0x0", "", "S-1-16-16384"], "record_number": 313}
{"event_id": 4688, "source_name": "Microsoft-Windows-Security-Auditing", "time_generated": "2025-02-14 11:23:36", "event_type": 8, "event_category": 13312, "computer_name": "UNICORN", "string_inserts": ["S-1-5-18", "-", "-", "0x3e7", "0x300", "C:\\Windows\\System32\\autochk.exe", "%%1936", "0x254", "", "S-1-0-0", "-", "-", "0x0", "C:\\Windows\\System32\\smss.exe", "S-1-16-16384"], "record_number": 314}
{"event_id": 4688, "source_name": "Microsoft-Windows-Security-Auditing", "time_generated": "2025-02-14 11:23:39", "event_type": 8, "event_category": 13312, "computer_name": "UNICORN", "string_inserts": ["S-1-5-18", "-", "-", "0x3e7", "0x308", "C:\\Windows\\System32\\smss.exe", "%%1936", "0x254", "", "S-1-0-0", "-", "-", "0x0", "C:\\Windows\\System32\\smss.exe", "S-1-16-16384"], "record_number": 315}
{"event_id": 4688, "source_name": "Microsoft-Windows-Security-Auditing", "time_generated": "2025-02-14 11:23:39", "event_type": 8, "event_category": 13312, "computer_name": "UNICORN", "string_inserts": ["S-1-5-18", "-", "-", "0x3e7", "0x300", "C:\\Windows\\System32\\csrss.exe", "%%1936", "0x308", "", "S-1-0-0", "-", "-", "0x0", "C:\\Windows\\System32\\smss.exe", "S-1-16-16384"], "record_number": 316}
{"event_id": 4688, "source_name": "Microsoft-Windows-Security-Auditing", "time_generated": "2025-02-14 11:23:39", "event_type": 8, "event_category": 13312, "computer_name": "UNICORN", "string_inserts": ["S-1-5-18", "-", "-", "0x3e7", "0x42c", "C:\\Windows\\System32\\smss.exe", "%%1936", "0x254", "", "S-1-0-0", "-", "-", "0x0", "C:\\Windows\\System32\\smss.exe", "S-1-16-16384"], "record_number": 317}
{"event_id": 4688, "source_name": "Microsoft-Windows-Security-Auditing", "time_generated": "2025-02-14 11:23:39", "event_type": 8, "event_category": 13312, "computer_name": "UNICORN", "string_inserts": ["S-1-5-18", "-", "-", "0x3e7", "0x438", "C:\\Windows\\System32\\wininit.exe", "%%1936", "0x308", "", "S-1-0-0", "-", "-", "0x0", "C:\\Windows\\System32\\smss.exe", "S-1-16-16384"], "record_number": 318}
{"event_id": 4688, "source_name": "Microsoft-Windows-Security-Auditing", "time_generated": "2025-02-14 11:23:39", "event_type": 8, "event_category": 13312, "computer_name": "UNICORN", "string_inserts": ["S-1-5-18", "-", "-", "0x3e7", "0x440", "C:\\Windows\\System32\\csrss.exe", "%%1936", "0x42c", "", "S-1-0-0", "-", "-", "0x0", "C:\\Windows\\System32\\smss.exe", "S-1-16-16384"], "record_number": 319}
{"event_id": 4688, "source_name": "Microsoft-Windows-Security-Auditing", "time_generated": "2025-02-14 11:23:39", "event_type": 8, "event_category": 13312, "computer_name": "UNICORN", "string_inserts": ["S-1-5-18", "-", "-", "0x3e7", "0x480", "C:\\Windows\\System32\\winlogon.exe", "%%1936", "0x42c", "", "S-1-0-0", "-", "-", "0x0", "C:\\Windows\\System32\\smss.exe", "S-1-16-16384"], "record_number": 320}
{"event_id": 4688, "source_name": "Microsoft-Windows-Security-Auditing", "time_generated": "2025-02-14 11:23:39", "event_type": 8, "event_category": 13312, "computer_name": "UNICORN", "string_inserts": ["S-1-5-18", "-", "-", "0x3e7", "0x4c8", "C:\\Windows\\System32\\services.exe", "%%1936", "0x438", "", "S-1-0-0", "-", "-", "0x0", "C:\\Windows\\System32\\wininit.exe", "S-1-16-16384"], "record_number": 321}
{"event_id": 4688, "source_name": "Microsoft-Windows-Security-Auditing", "time_generated": "2025-02-14 11:23:39", "event_type": 8, "event_category": 13312, "computer_name": "UNICORN", "string_inserts": ["S-1-5-18", "-", "-", "0x3e7", "0x4dc", "C:\\Windows\\System32\\LsaIso.exe", "%%1936", "0x438", "", "S-1-0-0", "-", "-", "0x0", "C:\\Windows\\System32\\wininit.exe", "S-1-16-16384"], "record_number": 322}
{"event_id": 4688, "source_name": "Microsoft-Windows-Security-Auditing", "time_generated": "2025-02-14 11:23:39", "event_type": 8, "event_category": 13312, "computer_name": "UNICORN", "string_inserts": ["S-1-5-18", "-", "-", "0x3e7", "0x4e4", "C:\\Windows\\System32\\lsass.exe", "%%1936", "0x438", "", "S-1-0-0", "-", "-", "0x0", "C:\\Windows\\System32\\wininit.exe", "S-1-16-16384"], "record_number": 323}
{"event_id": 6417, "source_name": "Microsoft-Windows-Security-Auditing", "time_generated": "2025-02-14 11:23:39", "event_type": 8, "event_category": 12290, "computer_name": "UNICORN", "string_inserts": ["0x4e4", "C:\\Windows\\System32\\lsass.exe"], "record_number": 324}
{"event_id": 1100, "source_name": "Microsoft-Windows-Eventlog", "time_generated": "2025-02-14 12:32:54", "event_type": 8, "event_category": 103, "computer_name": "UNICORN", "string_inserts": null, "record_number": 325}
{"event_id": 4688, "source_name": "Microsoft-Windows-Security-Auditing", "time_generated": "2025-02-14 12:33:08", "event_type": 8, "event_category": 13312, "computer_name": "UNICORN", "string_inserts": ["S-1-5-18", "-", "-", "0x3e7", "0x8c", "", "%%1936", "0x4", "", "S-1-0-0", "-", "-", "0x0", "", "S-1-16-16384"], "record_number": 326}
{"event_id": 4688, "source_name": "Microsoft-Windows-Security-Auditing", "time_generated": "2025-02-14 12:33:08", "event_type": 8, "event_category": 13312, "computer_name": "UNICORN", "string_inserts": ["S-1-5-18", "-", "-", "0x3e7", "0xb8", "Registry", "%%1936", "0x4", "", "S-1-0-0", "-", "-", "0x0", "", "S-1-16-16384"], "record_number": 327}
{"event_id": 4696, "source_name": "Microsoft-Windows-Security-Auditing", "time_generated": "2025-02-14 12:33:08", "event_type": 8, "event_category": 13312, "computer_name": "UNICORN", "string_inserts": ["S-1-5-18", "-", "-", "0x3e7", "S-1-0-0", "-", "-", "0x3e7", "0xb8", "Registry", "0x4", ""], "record_number": 328}
{"event_id": 4826, "source_name": "Microsoft-Windows-Security-Auditing", "time_generated": "2025-02-14 12:33:08", "event_type": 8, "event_category": 13573, "computer_name": "UNICORN", "string_inserts": ["S-1-5-18", "-", "-", "0x3e7", "-", "%%1843", "%%1846", "%%1843", "%%1843", "%%1849", "%%1843", "%%1843", "%%1843", "-", "%%1849", "%%1843"], "record_number": 329}
{"event_id": 4688, "source_name": "Microsoft-Windows-Security-Auditing", "time_generated": "2025-02-14 12:33:08", "event_type": 8, "event_category": 13312, "computer_name": "UNICORN", "string_inserts": ["S-1-5-18", "-", "-", "0x3e7", "0x254", "C:\\Windows\\System32\\smss.exe", "%%1936", "0x4", "", "S-1-0-0", "-", "-", "0x0", "", "S-1-16-16384"], "record_number": 330}
{"event_id": 4688, "source_name": "Microsoft-Windows-Security-Auditing", "time_generated": "2025-02-14 12:33:10", "event_type": 8, "event_category": 13312, "computer_name": "UNICORN", "string_inserts": ["S-1-5-18", "-", "-", "0x3e7", "0x2b4", "C:\\Windows\\System32\\autochk.exe", "%%1936", "0x254", "", "S-1-0-0", "-", "-", "0x0", "C:\\Windows\\System32\\smss.exe", "S-1-16-16384"], "record_number": 331}
{"event_id": 4688, "source_name": "Microsoft-Windows-Security-Auditing", "time_generated": "2025-02-14 12:33:12", "event_type": 8, "event_category": 13312, "computer_name": "UNICORN", "string_inserts": ["S-1-5-18", "-", "-", "0x3e7", "0x3a8", "C:\\Windows\\System32\\smss.exe", "%%1936", "0x254", "", "S-1-0-0", "-", "-", "0x0", "C:\\Windows\\System32\\smss.exe", "S-1-16-16384"], "record_number": 332}
{"event_id": 4688, "source_name": "Microsoft-Windows-Security-Auditing", "time_generated": "2025-02-14 12:33:14", "event_type": 8, "event_category": 13312, "computer_name": "UNICORN", "string_inserts": ["S-1-5-18", "-", "-", "0x3e7", "0x248", "C:\\Windows\\System32\\csrss.exe", "%%1936", "0x3a8", "", "S-1-0-0", "-", "-", "0x0", "C:\\Windows\\System32\\smss.exe", "S-1-16-16384"], "record_number": 333}
{"event_id": 4688, "source_name": "Microsoft-Windows-Security-Auditing", "time_generated": "2025-02-14 12:33:15", "event_type": 8, "event_category": 13312, "computer_name": "UNICORN", "string_inserts": ["S-1-5-18", "-", "-", "0x3e7", "0x42c", "C:\\Windows\\System32\\smss.exe", "%%1936", "0x254", "", "S-1-0-0", "-", "-", "0x0", "C:\\Windows\\System32\\smss.exe", "S-1-16-16384"], "record_number": 334}
{"event_id": 4688, "source_name": "Microsoft-Windows-Security-Auditing", "time_generated": "2025-02-14 12:33:15", "event_type": 8, "event_category": 13312, "computer_name": "UNICORN", "string_inserts": ["S-1-5-18", "-", "-", "0x3e7", "0x434", "C:\\Windows\\System32\\wininit.exe", "%%1936", "0x3a8", "", "S-1-0-0", "-", "-", "0x0", "C:\\Windows\\System32\\smss.exe", "S-1-16-16384"], "record_number": 335}
{"event_id": 4688, "source_name": "Microsoft-Windows-Security-Auditing", "time_generated": "2025-02-14 12:33:15", "event_type": 8, "event_category": 13312, "computer_name": "UNICORN", "string_inserts": ["S-1-5-18", "-", "-", "0x3e7", "0x440", "C:\\Windows\\System32\\csrss.exe", "%%1936", "0x42c", "", "S-1-0-0", "-", "-", "0x0", "C:\\Windows\\System32\\smss.exe", "S-1-16-16384"], "record_number": 336}
{"event_id": 4688, "source_name": "Microsoft-Windows-Security-Auditing", "time_generated": "2025-02-14 12:33:15", "event_type": 8, "event_category": 13312, "computer_name": "UNICORN", "string_inserts": ["S-1-5-18", "-", "-", "0x3e7", "0x49c", "C:\\Windows\\System32\\winlogon.exe", "%%1936", "0x42c", "", "S-1-0-0", "-", "-", "0x0", "C:\\Windows\\System32\\smss.exe", "S-1-16-16384"], "record_number": 337}
{"event_id": 4688, "source_name": "Microsoft-Windows-Security-Auditing", "time_generated": "2025-02-14 12:33:15", "event_type": 8, "event_category": 13312, "computer_name": "UNICORN", "string_inserts": ["S-1-5-18", "-", "-", "0x3e7", "0x4c8", "C:\\Windows\\System32\\services.exe", "%%1936", "0x434", "", "S-1-0-0", "-", "-", "0x0", "C:\\Windows\\System32\\wininit.exe", "S-1-16-16384"], "record_number": 338}
{"event_id": 4688, "source_name": "Microsoft-Windows-Security-Auditing", "time_generated": "2025-02-14 12:33:15", "event_type": 8, "event_category": 13312, "computer_name": "UNICORN", "string_inserts": ["S-1-5-18", "-", "-", "0x3e7", "0x4d8", "C:\\Windows\\System32\\LsaIso.exe", "%%1936", "0x434", "", "S-1-0-0", "-", "-", "0x0", "C:\\Windows\\System32\\wininit.exe", "S-1-16-16384"], "record_number": 339}
{"event_id": 4688, "source_name": "Microsoft-Windows-Security-Auditing", "time_generated": "2025-02-14 12:33:15", "event_type": 8, "event_category": 13312, "computer_name": "UNICORN", "string_inserts": ["S-1-5-18", "-", "-", "0x3e7", "0x4e4", "C:\\Windows\\System32\\lsass.exe", "%%1936", "0x434", "", "S-1-0-0", "-", "-", "0x0", "C:\\Windows\\System32\\wininit.exe", "S-1-16-16384"], "record_number": 340}
{"event_id": 6417, "source_name": "Microsoft-Windows-Security-Auditing", "time_generated": "2025-02-14 12:33:15", "event_type": 8, "event_category": 12290, "computer_name": "UNICORN", "string_inserts": ["0x4e4", "C:\\Windows\\System32\\lsass.exe"], "record_number": 341}
