{"event_id": 4616, "source_name": "Microsoft-Windows-Security-Auditing", "time_generated": "2025-05-23 09:10:41", "event_type": 8, "event_category": 12288, "computer_name": "UNICORN", "string_inserts": ["S-1-5-19", "LOCAL SERVICE", "NT AUTHORITY", "0x3e5", "2025-05-23T03:40:41.5498346Z", "2025-05-23T03:40:41.5497437Z", "0x2004", "C:\\Windows\\System32\\svchost.exe"]}
{"event_id": 4616, "source_name": "Microsoft-Windows-Security-Auditing", "time_generated": "2025-05-22 23:17:24", "event_type": 8, "event_category": 12288, "computer_name": "UNICORN", "string_inserts": ["S-1-5-19", "LOCAL SERVICE", "NT AUTHORITY", "0x3e5", "2025-05-22T17:47:24.9553619Z", "2025-05-22T17:47:24.9565414Z", "0x2004", "C:\\Windows\\System32\\svchost.exe"]}
{"event_id": 4616, "source_name": "Microsoft-Windows-Security-Auditing", "time_generated": "2025-05-22 10:23:04", "event_type": 8, "event_category": 12288, "computer_name": "UNICORN", "string_inserts": ["S-1-5-19", "LOCAL SERVICE", "NT AUTHORITY", "0x3e5", "2025-05-22T04:53:04.2334754Z", "2025-05-22T04:53:04.2339792Z", "0x2004", "C:\\Windows\\System32\\svchost.exe"]}
{"event_id": 4616, "source_name": "Microsoft-Windows-Security-Auditing", "time_generated": "2025-05-21 22:19:42", "event_type": 8, "event_category": 12288, "computer_name": "UNICORN", "string_inserts": ["S-1-5-19", "LOCAL SERVICE", "NT AUTHORITY", "0x3e5", "2025-05-21T16:49:42.7005302Z", "2025-05-21T16:49:42.7003473Z", "0x2004", "C:\\Windows\\System32\\svchost.exe"]}
{"event_id": 4616, "source_name": "Microsoft-Windows-Security-Auditing", "time_generated": "2025-05-21 13:47:33", "event_type": 8, "event_category": 12288, "computer_name": "UNICORN", "string_inserts": ["S-1-5-19", "LOCAL SERVICE", "NT AUTHORITY", "0x3e5", "2025-05-21T08:17:33.3040249Z", "2025-05-21T08:17:33.3045774Z", "0x2004", "C:\\Windows\\System32\\svchost.exe"]}
{"event_id": 4616, "source_name": "Microsoft-Windows-Security-Auditing", "time_generated": "2025-05-20 20:18:37", "event_type": 8, "event_category": 12288, "computer_name": "UNICORN", "string_inserts": ["S-1-5-19", "LOCAL SERVICE", "NT AUTHORITY", "0x3e5", "2025-05-20T14:48:37.4394900Z", "2025-05-20T14:48:37.4397358Z", "0x2004", "C:\\Windows\\System32\\svchost.exe"]}
{"event_id": 6417, "source_name": "Microsoft-Windows-Security-Auditing", "time_generated": "2025-05-20 11:36:08", "event_type": 8, "event_category": 12290, "computer_name": "UNICORN", "string_inserts": ["0x49c", "C:\\Windows\\System32\\lsass.exe"]}
{"event_id": 4688, "source_name": "Microsoft-Windows-Security-Auditing", "time_generated": "2025-05-20 11:36:08", "event_type": 8, "event_category": 13312, "computer_name": "UNICORN", "string_inserts": ["S-1-5-18", "-", "-", "0x3e7", "0x49c", "C:\\Windows\\System32\\lsass.exe", "%%1936", "0x45c", "", "S-1-0-0", "-", "-", "0x0", "C:\\Windows\\System32\\wininit.exe", "S-1-16-16384"]}
{"event_id": 4688, "source_name": "Microsoft-Windows-Security-Auditing", "time_generated": "2025-05-20 11:36:08", "event_type": 8, "event_category": 13312, "computer_name": "UNICORN", "string_inserts": ["S-1-5-18", "-", "-", "0x3e7", "0x494", "C:\\Windows\\System32\\LsaIso.exe", "%%1936", "0x45c", "", "S-1-0-0", "-", "-", "0x0", "C:\\Windows\\System32\\wininit.exe", "S-1-16-16384"]}
{"event_id": 4688, "source_name": "Microsoft-Windows-Security-Auditing", "time_generated": "2025-05-20 11:36:08", "event_type": 8, "event_category": 13312, "computer_name": "UNICORN", "string_inserts": ["S-1-5-18", "-", "-", "0x3e7", "0x48c", "C:\\Windows\\System32\\services.exe", "%%1936", "0x45c", "", "S-1-0-0", "-", "-", "0x0", "C:\\Windows\\System32\\wininit.exe", "S-1-16-16384"]}
{"event_id": 4688, "source_name": "Microsoft-Windows-Security-Auditing", "time_generated": "2024-11-22 20:15:25", "event_type": 8, "event_category": 13312, "computer_name": "UNICORN", "string_inserts": ["S-1-5-18", "-", "-", "0x3e7", "0x8c", "", "%%1936", "0x4", "", "S-1-0-0", "-", "-", "0x0", "", "S-1-16-16384"], "record_number": 1}
{"event_id": 4688, "source_name": "Microsoft-Windows-Security-Auditing", "time_generated": "2024-11-22 20:15:25", "event_type": 8, "event_category": 13312, "computer_name": "UNICORN", "string_inserts": ["S-1-5-18", "-", "-", "0x3e7", "0xb8", "Registry", "%%1936", "0x4", "", "S-1-0-0", "-", "-", "0x0", "", "S-1-16-16384"], "record_number": 2}
{"event_id": 4696, "source_name": "Microsoft-Windows-Security-Auditing", "time_generated": "2024-11-22 20:15:25", "event_type": 8, "event_category": 13312, "computer_name": "UNICORN", "string_inserts": ["S-1-5-18", "-", "-", "0x3e7", "S-1-0-0", "-", "-", "0x3e7", "0xb8", "Registry", "0x4", ""], "record_number": 3}
{"event_id": 4826, "source_name": "Microsoft-Windows-Security-Auditing", "time_generated": "2024-11-22 20:15:25", "event_type": 8, "event_category": 13573, "computer_name": "UNICORN", "string_inserts": ["S-1-5-18", "-", "-", "0x3e7", "-", "%%1843", "%%1846", "%%1843", "%%1843", "%%1849", "%%1843", "%%1843", "%%1843", "-", "%%1849", "%%1843"], "record_number": 4}
{"event_id": 4688, "source_name": "Microsoft-Windows-Security-Auditing", "time_generated": "2024-11-22 20:15:25", "event_type": 8, "event_category": 13312, "computer_name": "UNICORN", "string_inserts": ["S-1-5-18", "-", "-", "0x3e7", "0x2ac", "C:\\Windows\\System32\\smss.exe", "%%1936", "0x4", "", "S-1-0-0", "-", "-", "0x0", "", "S-1-16-16384"], "record_number": 5}
{"event_id": 4688, "source_name": "Microsoft-Windows-Security-Auditing", "time_generated": "2024-11-22 20:15:26", "event_type": 8, "event_category": 13312, "computer_name": "UNICORN", "string_inserts": ["S-1-5-18", "-", "-", "0x3e7", "0x2c4", "C:\\Windows\\System32\\autochk.exe", "%%1936", "0x2ac", "", "S-1-0-0", "-", "-", "0x0", "C:\\Windows\\System32\\smss.exe", "S-1-16-16384"], "record_number": 6}
{"event_id": 4688, "source_name": "Microsoft-Windows-Security-Auditing", "time_generated": "2024-11-22 20:15:27", "event_type": 8, "event_category": 13312, "computer_name": "UNICORN", "string_inserts": ["S-1-5-18", "-", "-", "0x3e7", "0x370", "C:\\Windows\\System32\\setupcl.exe", "%%1936", "0x2ac", "", "S-1-0-0", "-", "-", "0x0", "C:\\Windows\\System32\\smss.exe", "S-1-16-16384"], "record_number": 7}
{"event_id": 4688, "source_name": "Microsoft-Windows-Security-Auditing", "time_generated": "2024-11-22 20:15:27", "event_type": 8, "event_category": 13312, "computer_name": "UNICORN", "string_inserts": ["S-1-5-18", "-", "-", "0x3e7", "0x38c", "C:\\Windows\\System32\\smss.exe", "%%1936", "0x2ac", "", "S-1-0-0", "-", "-", "0x0", "C:\\Windows\\System32\\smss.exe", "S-1-16-16384"], "record_number": 8}
{"event_id": 4688, "source_name": "Microsoft-Windows-Security-Auditing", "time_generated": "2024-11-22 20:15:28", "event_type": 8, "event_category": 13312, "computer_name": "UNICORN", "string_inserts": ["S-1-5-18", "-", "-", "0x3e7", "0x398", "C:\\Windows\\System32\\csrss.exe", "%%1936", "0x38c", "", "S-1-0-0", "-", "-", "0x0", "C:\\Windows\\System32\\smss.exe", "S-1-16-16384"], "record_number": 9}
{"event_id": 4688, "source_name": "Microsoft-Windows-Security-Auditing", "time_generated": "2024-11-22 20:15:28", "event_type": 8, "event_category": 13312, "computer_name": "UNICORN", "string_inserts": ["S-1-5-18", "-", "-", "0x3e7", "0x3d4", "C:\\Windows\\System32\\smss.exe", "%%1936", "0x2ac", "", "S-1-0-0", "-", "-", "0x0", "C:\\Windows\\System32\\smss.exe", "S-1-16-16384"], "record_number": 10}
{"event_id": 4688, "source_name": "Microsoft-Windows-Security-Auditing", "time_generated": "2024-11-22 20:15:28", "event_type": 8, "event_category": 13312, "computer_name": "UNICORN", "string_inserts": ["S-1-5-18", "-", "-", "0x3e7", "0x3dc", "C:\\Windows\\System32\\wininit.exe", "%%1936", "0x38c", "", "S-1-0-0", "-", "-", "0x0", "C:\\Windows\\System32\\smss.exe", "S-1-16-16384"], "record_number": 11}
{"event_id": 4688, "source_name": "Microsoft-Windows-Security-Auditing", "time_generated": "2024-11-22 20:15:28", "event_type": 8, "event_category": 13312, "computer_name": "UNICORN", "string_inserts": ["S-1-5-18", "-", "-", "0x3e7", "0x3e4", "C:\\Windows\\System32\\csrss.exe", "%%1936", "0x3d4", "", "S-1-0-0", "-", "-", "0x0", "C:\\Windows\\System32\\smss.exe", "S-1-16-16384"], "record_number": 12}
{"event_id": 4688, "source_name": "Microsoft-Windows-Security-Auditing", "time_generated": "2024-11-22 20:15:28", "event_type": 8, "event_category": 13312, "computer_name": "UNICORN", "string_inserts": ["S-1-5-18", "-", "-", "0x3e7", "0x348", "C:\\Windows\\System32\\winlogon.exe", "%%1936", "0x3d4", "", "S-1-0-0", "-", "-", "0x0", "C:\\Windows\\System32\\smss.exe", "S-1-16-16384"], "record_number": 13}
{"event_id": 4688, "source_name": "Microsoft-Windows-Security-Auditing", "time_generated": "2024-11-22 20:15:28", "event_type": 8, "event_category": 13312, "computer_name": "UNICORN", "string_inserts": ["S-1-5-18", "-", "-", "0x3e7", "0x378", "C:\\Windows\\System32\\services.exe", "%%1936", "0x3dc", "", "S-1-0-0", "-", "-", "0x0", "C:\\Windows\\System32\\wininit.exe", "S-1-16-16384"], "record_number": 14}
{"event_id": 4688, "source_name": "Microsoft-Windows-Security-Auditing", "time_generated": "2024-11-22 20:15:28", "event_type": 8, "event_category": 13312, "computer_name": "UNICORN", "string_inserts": ["S-1-5-18", "-", "-", "0x3e7", "0x3d8", "C:\\Windows\\System32\\LsaIso.exe", "%%1936", "0x3dc", "", "S-1-0-0", "-", "-", "0x0", "C:\\Windows\\System32\\wininit.exe", "S-1-16-16384"], "record_number": 15}
{"event_id": 4688, "source_name": "Microsoft-Windows-Security-Auditing", "time_generated": "2024-11-22 20:15:28", "event_type": 8, "event_category": 13312, "computer_name": "UNICORN", "string_inserts": ["S-1-5-18", "-", "-", "0x3e7", "0x404", "C:\\Windows\\System32\\lsass.exe", "%%1936", "0x3dc", "", "S-1-0-0", "-", "-", "0x0", "C:\\Windows\\System32\\wininit.exe", "S-1-16-16384"], "record_number": 16}
{"event_id": 6417, "source_name": "Microsoft-Windows-Security-Auditing", "time_generated": "2024-11-22 20:15:28", "event_type": 8, "event_category": 12290, "computer_name": "UNICORN", "string_inserts": ["0x404", "C:\\Windows\\System32\\lsass.exe"], "record_number": 17}
{"event_id": 4616, "source_name": "Microsoft-Windows-Security-Auditing", "time_generated": "2024-11-23 16:56:35", "event_type": 8, "event_category": 12288, "computer_name": "UNICORN", "string_inserts": ["S-1-5-19", "LOCAL SERVICE", "NT AUTHORITY", "0x3e5", "2024-11-23T11:26:34.8346795Z", "2024-11-23T11:26:35.8801681Z", "0xc9c", "C:\\Windows\\System32\\svchost.exe"], "record_number": 18}
{"event_id": 4616, "source_name": "Microsoft-Windows-Security-Auditing", "time_generated": "2024-11-23 16:56:35", "event_type": 8, "event_category": 12288, "computer_name": "UNICORN", "string_inserts": ["S-1-5-19", "LOCAL SERVICE", "NT AUTHORITY", "0x3e5", "2024-11-23T11:26:35.8823609Z", "2024-11-23T11:26:35.8833476Z", "0xc9c", "C:\\Windows\\System32\\svchost.exe"], "record_number": 19}
{"event_id": 4616, "source_name": "Microsoft-Windows-Security-Auditing", "time_generated": "2024-11-24 10:24:00", "event_type": 8, "event_category": 12288, "computer_name": "UNICORN", "string_inserts": ["S-1-5-19", "LOCAL SERVICE", "NT AUTHORITY", "0x3e5", "2024-11-24T04:53:59.7127265Z", "2024-11-24T04:54:00.9843259Z", "0xc9c", "C:\\Windows\\System32\\svchost.exe"], "record_number": 20}
{"event_id": 4616, "source_name": "Microsoft-Windows-Security-Auditing", "time_generated": "2024-11-24 10:24:00", "event_type": 8, "event_category": 12288, "computer_name": "UNICORN", "string_inserts": ["S-1-5-19", "LOCAL SERVICE", "NT AUTHORITY", "0x3e5", "2024-11-24T04:54:00.9850359Z", "2024-11-24T04:54:00.9862072Z", "0xc9c", "C:\\Windows\\System32\\svchost.exe"], "record_number": 21}
{"event_id": 1100, "source_name": "Microsoft-Windows-Eventlog", "time_generated": "2024-11-24 11:43:04", "event_type": 8, "event_category": 103, "computer_name": "UNICORN", "string_inserts": null, "record_number": 22}
{"event_id": 4616, "source_name": "Microsoft-Windows-Security-Auditing", "time_generated": "2024-11-24 11:43:04", "event_type": 8, "event_category": 12288, "computer_name": "UNICORN", "string_inserts": ["S-1-5-19", "LOCAL SERVICE", "NT AUTHORITY", "0x3e5", "2024-11-24T06:13:04.5677286Z", "2024-11-24T06:13:04.5687094Z", "0xc9c", "C:\\Windows\\System32\\svchost.exe"], "record_number": 23}
{"event_id": 4688, "source_name": "Microsoft-Windows-Security-Auditing", "time_generated": "2024-11-24 11:43:22", "event_type": 8, "event_category": 13312, "computer_name": "UNICORN", "string_inserts": ["S-1-5-18", "-", "-", "0x3e7", "0x8c", "", "%%1936", "0x4", "", "S-1-0-0", "-", "-", "0x0", "", "S-1-16-16384"], "record_number": 24}
{"event_id": 4688, "source_name": "Microsoft-Windows-Security-Auditing", "time_generated": "2024-11-24 11:43:22", "event_type": 8, "event_category": 13312, "computer_name": "UNICORN", "string_inserts": ["S-1-5-18", "-", "-", "0x3e7", "0xb8", "Registry", "%%1936", "0x4", "", "S-1-0-0", "-", "-", "0x0", "", "S-1-16-16384"], "record_number": 25}
{"event_id": 4696, "source_name": "Microsoft-Windows-Security-Auditing", "time_generated": "2024-11-24 11:43:22", "event_type": 8, "event_category": 13312, "computer_name": "UNICORN", "string_inserts": ["S-1-5-18", "-", "-", "0x3e7", "S-1-0-0", "-", "-", "0x3e7", "0xb8", "Registry", "0x4", ""], "record_number": 26}
{"event_id": 4826, "source_name": "Microsoft-Windows-Security-Auditing", "time_generated": "2024-11-24 11:43:22", "event_type": 8, "event_category": 13573, "computer_name": "UNICORN", "string_inserts": ["S-1-5-18", "-", "-", "0x3e7", "-", "%%1843", "%%1846", "%%1843", "%%1843", "%%1849", "%%1843", "%%1843", "%%1843", "-", "%%1849", "%%1843"], "record_number": 27}
{"event_id": 4688, "source_name": "Microsoft-Windows-Security-Auditing", "time_generated": "2024-11-24 11:43:22", "event_type": 8, "event_category": 13312, "computer_name": "UNICORN", "string_inserts": ["S-1-5-18", "-", "-", "0x3e7", "0x254", "C:\\Windows\\System32\\smss.exe", "%%1936", "0x4", "", "S-1-0-0", "-", "-", "0x0", "", "S-1-16-16384"], "record_number": 28}
{"event_id": 4688, "source_name": "Microsoft-Windows-Security-Auditing", "time_generated": "2024-11-24 11:43:23", "event_type": 8, "event_category": 13312, "computer_name": "UNICORN", "string_inserts": ["S-1-5-18", "-", "-", "0x3e7", "0x2a0", "C:\\Windows\\System32\\autochk.exe", "%%1936", "0x254", "", "S-1-0-0", "-", "-", "0x0", "C:\\Windows\\System32\\smss.exe", "S-1-16-16384"], "record_number": 29}
{"event_id": 4688, "source_name": "Microsoft-Windows-Security-Auditing", "time_generated": "2024-11-24 11:43:25", "event_type": 8, "event_category": 13312, "computer_name": "UNICORN", "string_inserts": ["S-1-5-18", "-", "-", "0x3e7", "0x3c4", "C:\\Windows\\System32\\smss.exe", "%%1936", "0x254", "", "S-1-0-0", "-", "-", "0x0", "C:\\Windows\\System32\\smss.exe", "S-1-16-16384"], "record_number": 30}
{"event_id": 4688, "source_name": "Microsoft-Windows-Security-Auditing", "time_generated": "2024-11-24 11:43:27", "event_type": 8, "event_category": 13312, "computer_name": "UNICORN", "string_inserts": ["S-1-5-18", "-", "-", "0x3e7", "0x248", "C:\\Windows\\System32\\csrss.exe", "%%1936", "0x3c4", "", "S-1-0-0", "-", "-", "0x0", "C:\\Windows\\System32\\smss.exe", "S-1-16-16384"], "record_number": 31}
{"event_id": 4688, "source_name": "Microsoft-Windows-Security-Auditing", "time_generated": "2024-11-24 11:43:27", "event_type": 8, "event_category": 13312, "computer_name": "UNICORN", "string_inserts": ["S-1-5-18", "-", "-", "0x3e7", "0x438", "C:\\Windows\\System32\\smss.exe", "%%1936", "0x254", "", "S-1-0-0", "-", "-", "0x0", "C:\\Windows\\System32\\smss.exe", "S-1-16-16384"], "record_number": 32}
{"event_id": 4688, "source_name": "Microsoft-Windows-Security-Auditing", "time_generated": "2024-11-24 11:43:27", "event_type": 8, "event_category": 13312, "computer_name": "UNICORN", "string_inserts": ["S-1-5-18", "-", "-", "0x3e7", "0x440", "C:\\Windows\\System32\\wininit.exe", "%%1936", "0x3c4", "", "S-1-0-0", "-", "-", "0x0", "C:\\Windows\\System32\\smss.exe", "S-1-16-16384"], "record_number": 33}
{"event_id": 4688, "source_name": "Microsoft-Windows-Security-Auditing", "time_generated": "2024-11-24 11:43:27", "event_type": 8, "event_category": 13312, "computer_name": "UNICORN", "string_inserts": ["S-1-5-18", "-", "-", "0x3e7", "0x448", "C:\\Windows\\System32\\csrss.exe", "%%1936", "0x438", "", "S-1-0-0", "-", "-", "0x0", "C:\\Windows\\System32\\smss.exe", "S-1-16-16384"], "record_number": 34}
{"event_id": 4688, "source_name": "Microsoft-Windows-Security-Auditing", "time_generated": "2024-11-24 11:43:27", "event_type": 8, "event_category": 13312, "computer_name": "UNICORN", "string_inserts": ["S-1-5-18", "-", "-", "0x3e7", "0x48c", "C:\\Windows\\System32\\winlogon.exe", "%%1936", "0x438", "", "S-1-0-0", "-", "-", "0x0", "C:\\Windows\\System32\\smss.exe", "S-1-16-16384"], "record_number": 35}
{"event_id": 4688, "source_name": "Microsoft-Windows-Security-Auditing", "time_generated": "2024-11-24 11:43:27", "event_type": 8, "event_category": 13312, "computer_name": "UNICORN", "string_inserts": ["S-1-5-18", "-", "-", "0x3e7", "0x4d0", "C:\\Windows\\System32\\services.exe", "%%1936", "0x440", "", "S-1-0-0", "-", "-", "0x0", "C:\\Windows\\System32\\wininit.exe", "S-1-16-16384"], "record_number": 36}
{"event_id": 4688, "source_name": "Microsoft-Windows-Security-Auditing", "time_generated": "2024-11-24 11:43:27", "event_type": 8, "event_category": 13312, "computer_name": "UNICORN", "string_inserts": ["S-1-5-18", "-", "-", "0x3e7", "0x4dc", "C:\\Windows\\System32\\LsaIso.exe", "%%1936", "0x440", "", "S-1-0-0", "-", "-", "0x0", "C:\\Windows\\System32\\wininit.exe", "S-1-16-16384"], "record_number": 37}
{"event_id": 4688, "source_name": "Microsoft-Windows-Security-Auditing", "time_generated": "2024-11-24 11:43:27", "event_type": 8, "event_category": 13312, "computer_name": "UNICORN", "string_inserts": ["S-1-5-18", "-", "-", "0x3e7", "0x4f4", "C:\\Windows\\System32\\lsass.exe", "%%1936", "0x440", "", "S-1-0-0", "-", "-", "0x0", "C:\\Windows\\System32\\wininit.exe", "S-1-16-16384"], "record_number": 38}
{"event_id": 6417, "source_name": "Microsoft-Windows-Security-Auditing", "time_generated": "2024-11-24 11:43:27", "event_type": 8, "event_category": 12290, "computer_name": "UNICORN", "string_inserts": ["0x4f4", "C:\\Windows\\System32\\lsass.exe"], "record_number": 39}
{"event_id": 4616, "source_name": "Microsoft-Windows-Security-Auditing", "time_generated": "2024-11-24 20:22:58", "event_type": 8, "event_category": 12288, "computer_name": "UNICORN", "string_inserts": ["S-1-5-19", "LOCAL SERVICE", "NT AUTHORITY", "0x3e5", "2024-11-24T14:52:58.5302294Z", "2024-11-24T14:52:58.5313490Z", "0x908", "C:\\Windows\\System32\\svchost.exe"], "record_number": 40}
{"event_id": 4616, "source_name": "Microsoft-Windows-Security-Auditing", "time_generated": "2024-11-25 11:20:16", "event_type": 8, "event_category": 12288, "computer_name": "UNICORN", "string_inserts": ["S-1-5-19", "LOCAL SERVICE", "NT AUTHORITY", "0x3e5", "2024-11-25T05:50:16.3199175Z", "2024-11-25T05:50:16.3261731Z", "0x908", "C:\\Windows\\System32\\svchost.exe"], "record_number": 41}
{"event_id": 1100, "source_name": "Microsoft-Windows-Eventlog", "time_generated": "2024-11-25 12:03:33", "event_type": 8, "event_category": 103, "computer_name": "UNICORN", "string_inserts": null, "record_number": 42}
{"event_id": 4616, "source_name": "Microsoft-Windows-Security-Auditing", "time_generated": "2024-11-25 12:03:33", "event_type": 8, "event_category": 12288, "computer_name": "UNICORN", "string_inserts": ["S-1-5-19", "LOCAL SERVICE", "NT AUTHORITY", "0x3e5", "2024-11-25T06:33:33.9145616Z", "2024-11-25T06:33:33.9151486Z", "0x908", "C:\\Windows\\System32\\svchost.exe"], "record_number": 43}
{"event_id": 4688, "source_name": "Microsoft-Windows-Security-Auditing", "time_generated": "2024-11-25 12:03:54", "event_type": 8, "event_category": 13312, "computer_name": "UNICORN", "string_inserts": ["S-1-5-18", "-", "-", "0x3e7", "0x8c", "", "%%1936", "0x4", "", "S-1-0-0", "-", "-", "0x0", "", "S-1-16-16384"], "record_number": 44}
{"event_id": 4688, "source_name": "Microsoft-Windows-Security-Auditing", "time_generated": "2024-11-25 12:03:54", "event_type": 8, "event_category": 13312, "computer_name": "UNICORN", "string_inserts": ["S-1-5-18", "-", "-", "0x3e7", "0xb4", "Registry", "%%1936", "0x4", "", "S-1-0-0", "-", "-", "0x0", "", "S-1-16-16384"], "record_number": 45}
{"event_id": 4696, "source_name": "Microsoft-Windows-Security-Auditing", "time_generated": "2024-11-25 12:03:54", "event_type": 8, "event_category": 13312, "computer_name": "UNICORN", "string_inserts": ["S-1-5-18", "-", "-", "0x3e7", "S-1-0-0", "-", "-", "0x3e7", "0xb4", "Registry", "0x4", ""], "record_number": 46}
{"event_id": 4826, "source_name": "Microsoft-Windows-Security-Auditing", "time_generated": "2024-11-25 12:03:54", "event_type": 8, "event_category": 13573, "computer_name": "UNICORN", "string_inserts": ["S-1-5-18", "-", "-", "0x3e7", "-", "%%1843", "%%1846", "%%1843", "%%1843", "%%1849", "%%1843", "%%1843", "%%1843", "-", "%%1849", "%%1843"], "record_number": 47}
{"event_id": 4688, "source_name": "Microsoft-Windows-Security-Auditing", "time_generated": "2024-11-25 12:03:54", "event_type": 8, "event_category": 13312, "computer_name": "UNICORN", "string_inserts": ["S-1-5-18", "-", "-", "0x3e7", "0x258", "C:\\Windows\\System32\\smss.exe", "%%1936", "0x4", "", "S-1-0-0", "-", "-", "0x0", "", "S-1-16-16384"], "record_number": 48}
{"event_id": 4688, "source_name": "Microsoft-Windows-Security-Auditing", "time_generated": "2024-11-25 12:03:55", "event_type": 8, "event_category": 13312, "computer_name": "UNICORN", "string_inserts": ["S-1-5-18", "-", "-", "0x3e7", "0x280", "C:\\Windows\\System32\\autochk.exe", "%%1936", "0x258", "", "S-1-0-0", "-", "-", "0x0", "C:\\Windows\\System32\\smss.exe", "S-1-16-16384"], "record_number": 49}
{"event_id": 4688, "source_name": "Microsoft-Windows-Security-Auditing", "time_generated": "2024-11-25 12:03:58", "event_type": 8, "event_category": 13312, "computer_name": "UNICORN", "string_inserts": ["S-1-5-18", "-", "-", "0x3e7", "0x398", "C:\\Windows\\System32\\smss.exe", "%%1936", "0x258", "", "S-1-0-0", "-", "-", "0x0", "C:\\Windows\\System32\\smss.exe", "S-1-16-16384"], "record_number": 50}
{"event_id": 4688, "source_name": "Microsoft-Windows-Security-Auditing", "time_generated": "2024-11-25 12:04:00", "event_type": 8, "event_category": 13312, "computer_name": "UNICORN", "string_inserts": ["S-1-5-18", "-", "-", "0x3e7", "0x364", "C:\\Windows\\System32\\csrss.exe", "%%1936", "0x398", "", "S-1-0-0", "-", "-", "0x0", "C:\\Windows\\System32\\smss.exe", "S-1-16-16384"], "record_number": 51}
{"event_id": 4688, "source_name": "Microsoft-Windows-Security-Auditing", "time_generated": "2024-11-25 12:04:00", "event_type": 8, "event_category": 13312, "computer_name": "UNICORN", "string_inserts": ["S-1-5-18", "-", "-", "0x3e7", "0x414", "C:\\Windows\\System32\\smss.exe", "%%1936", "0x258", "", "S-1-0-0", "-", "-", "0x0", "C:\\Windows\\System32\\smss.exe", "S-1-16-16384"], "record_number": 52}
{"event_id": 4688, "source_name": "Microsoft-Windows-Security-Auditing", "time_generated": "2024-11-25 12:04:00", "event_type": 8, "event_category": 13312, "computer_name": "UNICORN", "string_inserts": ["S-1-5-18", "-", "-", "0x3e7", "0x41c", "C:\\Windows\\System32\\wininit.exe", "%%1936", "0x398", "", "S-1-0-0", "-", "-", "0x0", "C:\\Windows\\System32\\smss.exe", "S-1-16-16384"], "record_number": 53}
{"event_id": 4688, "source_name": "Microsoft-Windows-Security-Auditing", "time_generated": "2024-11-25 12:04:00", "event_type": 8, "event_category": 13312, "computer_name": "UNICORN", "string_inserts": ["S-1-5-18", "-", "-", "0x3e7", "0x424", "C:\\Windows\\System32\\csrss.exe", "%%1936", "0x414", "", "S-1-0-0", "-", "-", "0x0", "C:\\Windows\\System32\\smss.exe", "S-1-16-16384"], "record_number": 54}
{"event_id": 4688, "source_name": "Microsoft-Windows-Security-Auditing", "time_generated": "2024-11-25 12:04:01", "event_type": 8, "event_category": 13312, "computer_name": "UNICORN", "string_inserts": ["S-1-5-18", "-", "-", "0x3e7", "0x474", "C:\\Windows\\System32\\winlogon.exe", "%%1936", "0x414", "", "S-1-0-0", "-", "-", "0x0", "C:\\Windows\\System32\\smss.exe", "S-1-16-16384"], "record_number": 55}
{"event_id": 4688, "source_name": "Microsoft-Windows-Security-Auditing", "time_generated": "2024-11-25 12:04:01", "event_type": 8, "event_category": 13312, "computer_name": "UNICORN", "string_inserts": ["S-1-5-18", "-", "-", "0x3e7", "0x4ac", "C:\\Windows\\System32\\services.exe", "%%1936", "0x41c", "", "S-1-0-0", "-", "-", "0x0", "C:\\Windows\\System32\\wininit.exe", "S-1-16-16384"], "record_number": 56}
{"event_id": 4688, "source_name": "Microsoft-Windows-Security-Auditing", "time_generated": "2024-11-25 12:04:01", "event_type": 8, "event_category": 13312, "computer_name": "UNICORN", "string_inserts": ["S-1-5-18", "-", "-", "0x3e7", "0x4c0", "C:\\Windows\\System32\\LsaIso.exe", "%%1936", "0x41c", "", "S-1-0-0", "-", "-", "0x0", "C:\\Windows\\System32\\wininit.exe", "S-1-16-16384"], "record_number": 57}
{"event_id": 4688, "source_name": "Microsoft-Windows-Security-Auditing", "time_generated": "2024-11-25 12:04:01", "event_type": 8, "event_category": 13312, "computer_name": "UNICORN", "string_inserts": ["S-1-5-18", "-", "-", "0x3e7", "0x4cc", "C:\\Windows\\System32\\lsass.exe", "%%1936", "0x41c", "", "S-1-0-0", "-", "-", "0x0", "C:\\Windows\\System32\\wininit.exe", "S-1-16-16384"], "record_number": 58}
{"event_id": 6417, "source_name": "Microsoft-Windows-Security-Auditing", "time_generated": "2024-11-25 12:04:01", "event_type": 8, "event_category": 12290, "computer_name": "UNICORN", "string_inserts": ["0x4cc", "C:\\Windows\\System32\\lsass.exe"], "record_number": 59}
{"event_id": 4616, "source_name": "Microsoft-Windows-Security-Auditing", "time_generated": "2024-11-26 19:11:53", "event_type": 8, "event_category": 12288, "computer_name": "UNICORN", "string_inserts": ["S-1-5-19", "LOCAL SERVICE", "NT AUTHORITY", "0x3e5", "2024-11-26T13:41:53.8111780Z", "2024-11-26T13:41:53.8112107Z", "0x3954", "C:\\Windows\\System32\\svchost.exe"], "record_number": 60}
{"event_id": 4616, "source_name": "Microsoft-Windows-Security-Auditing", "time_generated": "2024-11-27 17:05:50", "event_type": 8, "event_category": 12288, "computer_name": "UNICORN", "string_inserts": ["S-1-5-19", "LOCAL SERVICE", "NT AUTHORITY", "0x3e5", "2024-11-27T11:35:50.7300781Z", "2024-11-27T11:35:50.7290114Z", "0x3954", "C:\\Windows\\System32\\svchost.exe"], "record_number": 61}
{"event_id": 4616, "source_name": "Microsoft-Windows-Security-Auditing", "time_generated": "2024-11-28 10:53:31", "event_type": 8, "event_category": 12288, "computer_name": "UNICORN", "string_inserts": ["S-1-5-19", "LOCAL SERVICE", "NT AUTHORITY", "0x3e5", "2024-11-28T05:23:29.8573720Z", "2024-11-28T05:23:31.0565467Z", "0x3954", "C:\\Windows\\System32\\svchost.exe"], "record_number": 62}
{"event_id": 4616, "source_name": "Microsoft-Windows-Security-Auditing", "time_generated": "2024-11-28 10:53:31", "event_type": 8, "event_category": 12288, "computer_name": "UNICORN", "string_inserts": ["S-1-5-19", "LOCAL SERVICE", "NT AUTHORITY", "0x3e5", "2024-11-28T05:23:31.0604562Z", "2024-11-28T05:23:31.0614992Z", "0x3954", "C:\\Windows\\System32\\svchost.exe"], "record_number": 63}
{"event_id": 4616, "source_name": "Microsoft-Windows-Security-Auditing", "time_generated": "2024-11-29 12:11:19", "event_type": 8, "event_category": 12288, "computer_name": "UNICORN", "string_inserts": ["S-1-5-19", "LOCAL SERVICE", "NT AUTHORITY", "0x3e5", "2024-11-29T06:41:19.9652389Z", "2024-11-29T06:41:19.9646287Z", "0x3954", "C:\\Windows\\System32\\svchost.exe"], "record_number": 64}
{"event_id": 4616, "source_name": "Microsoft-Windows-Security-Auditing", "time_generated": "2024-11-29 21:23:00", "event_type": 8, "event_category": 12288, "computer_name": "UNICORN", "string_inserts": ["S-1-5-19", "LOCAL SERVICE", "NT AUTHORITY", "0x3e5", "2024-11-29T15:53:00.1462185Z", "2024-11-29T15:53:00.1462257Z", "0x3954", "C:\\Windows\\System32\\svchost.exe"], "record_number": 65}
{"event_id": 4616, "source_name": "Microsoft-Windows-Security-Auditing", "time_generated": "2024-11-30 18:40:49", "event_type": 8, "event_category": 12288, "computer_name": "UNICORN", "string_inserts": ["S-1-5-19", "LOCAL SERVICE", "NT AUTHORITY", "0x3e5", "2024-11-30T13:10:49.0893096Z", "2024-11-30T13:10:49.0836818Z", "0x3954", "C:\\Windows\\System32\\svchost.exe"], "record_number": 66}
{"event_id": 4616, "source_name": "Microsoft-Windows-Security-Auditing", "time_generated": "2024-12-01 17:06:09", "event_type": 8, "event_category": 12288, "computer_name": "UNICORN", "string_inserts": ["S-1-5-19", "LOCAL SERVICE", "NT AUTHORITY", "0x3e5", "2024-12-01T11:36:11.1684282Z", "2024-12-01T11:36:09.8859095Z", "0x3954", "C:\\Windows\\System32\\svchost.exe"], "record_number": 67}
{"event_id": 4616, "source_name": "Microsoft-Windows-Security-Auditing", "time_generated": "2024-12-01 17:06:09", "event_type": 8, "event_category": 12288, "computer_name": "UNICORN", "string_inserts": ["S-1-5-19", "LOCAL SERVICE", "NT AUTHORITY", "0x3e5", "2024-12-01T11:36:09.8886709Z", "2024-12-01T11:36:09.8891748Z", "0x3954", "C:\\Windows\\System32\\svchost.exe"], "record_number": 68}
{"event_id": 4616, "source_name": "Microsoft-Windows-Security-Auditing", "time_generated": "2024-12-02 18:09:18", "event_type": 8, "event_category": 12288, "computer_name": "UNICORN", "string_inserts": ["S-1-5-19", "LOCAL SERVICE", "NT AUTHORITY", "0x3e5", "2024-12-02T12:39:17.8248799Z", "2024-12-02T12:39:18.8292394Z", "0x3954", "C:\\Windows\\System32\\svchost.exe"], "record_number": 69}
{"event_id": 4616, "source_name": "Microsoft-Windows-Security-Auditing", "time_generated": "2024-12-02 18:09:18", "event_type": 8, "event_category": 12288, "computer_name": "UNICORN", "string_inserts": ["S-1-5-19", "LOCAL SERVICE", "NT AUTHORITY", "0x3e5", "2024-12-02T12:39:18.8299037Z", "2024-12-02T12:39:18.8315948Z", "0x3954", "C:\\Windows\\System32\\svchost.exe"], "record_number": 70}
{"event_id": 4616, "source_name": "Microsoft-Windows-Security-Auditing", "time_generated": "2024-12-03 17:56:33", "event_type": 8, "event_category": 12288, "computer_name": "UNICORN", "string_inserts": ["S-1-5-19", "LOCAL SERVICE", "NT AUTHORITY", "0x3e5", "2024-12-03T12:26:33.3872391Z", "2024-12-03T12:26:33.3876866Z", "0x3954", "C:\\Windows\\System32\\svchost.exe"], "record_number": 71}
{"event_id": 4616, "source_name": "Microsoft-Windows-Security-Auditing", "time_generated": "2024-12-04 20:02:24", "event_type": 8, "event_category": 12288, "computer_name": "UNICORN", "string_inserts": ["S-1-5-19", "LOCAL SERVICE", "NT AUTHORITY", "0x3e5", "2024-12-04T14:32:24.4799947Z", "2024-12-04T14:32:24.4796413Z", "0x3954", "C:\\Windows\\System32\\svchost.exe"], "record_number": 72}
{"event_id": 4616, "source_name": "Microsoft-Windows-Security-Auditing", "time_generated": "2024-12-09 16:40:57", "event_type": 8, "event_category": 12288, "computer_name": "UNICORN", "string_inserts": ["S-1-5-19", "LOCAL SERVICE", "NT AUTHORITY", "0x3e5", "2024-12-09T11:10:56.2818481Z", "2024-12-09T11:10:57.8800555Z", "0x3954", "C:\\Windows\\System32\\svchost.exe"], "record_number": 73}
{"event_id": 4616, "source_name": "Microsoft-Windows-Security-Auditing", "time_generated": "2024-12-09 16:40:57", "event_type": 8, "event_category": 12288, "computer_name": "UNICORN", "string_inserts": ["S-1-5-19", "LOCAL SERVICE", "NT AUTHORITY", "0x3e5", "2024-12-09T11:10:57.8800797Z", "2024-12-09T11:10:57.8815636Z", "0x3954", "C:\\Windows\\System32\\svchost.exe"], "record_number": 74}
{"event_id": 4616, "source_name": "Microsoft-Windows-Security-Auditing", "time_generated": "2024-12-10 11:53:13", "event_type": 8, "event_category": 12288, "computer_name": "UNICORN", "string_inserts": ["S-1-5-19", "LOCAL SERVICE", "NT AUTHORITY", "0x3e5", "2024-12-10T06:23:13.3988787Z", "2024-12-10T06:23:13.3995577Z", "0x3954", "C:\\Windows\\System32\\svchost.exe"], "record_number": 75}
{"event_id": 4616, "source_name": "Microsoft-Windows-Security-Auditing", "time_generated": "2024-12-10 20:22:47", "event_type": 8, "event_category": 12288, "computer_name": "UNICORN", "string_inserts": ["S-1-5-19", "LOCAL SERVICE", "NT AUTHORITY", "0x3e5", "2024-12-10T14:52:49.0409748Z", "2024-12-10T14:52:47.9046981Z", "0x3954", "C:\\Windows\\System32\\svchost.exe"], "record_number": 76}
{"event_id": 4616, "source_name": "Microsoft-Windows-Security-Auditing", "time_generated": "2024-12-10 20:22:47", "event_type": 8, "event_category": 12288, "computer_name": "UNICORN", "string_inserts": ["S-1-5-19", "LOCAL SERVICE", "NT AUTHORITY", "0x3e5", "2024-12-10T14:52:47.9061952Z", "2024-12-10T14:52:47.9068950Z", "0x3954", "C:\\Windows\\System32\\svchost.exe"], "record_number": 77}
{"event_id": 4616, "source_name": "Microsoft-Windows-Security-Auditing", "time_generated": "2024-12-11 12:16:02", "event_type": 8, "event_category": 12288, "computer_name": "UNICORN", "string_inserts": ["S-1-5-19", "LOCAL SERVICE", "NT AUTHORITY", "0x3e5", "2024-12-11T06:46:02.9317745Z", "2024-12-11T06:46:02.9319416Z", "0x3954", "C:\\Windows\\System32\\svchost.exe"], "record_number": 78}
{"event_id": 4616, "source_name": "Microsoft-Windows-Security-Auditing", "time_generated": "2024-12-12 10:48:15", "event_type": 8, "event_category": 12288, "computer_name": "UNICORN", "string_inserts": ["S-1-5-19", "LOCAL SERVICE", "NT AUTHORITY", "0x3e5", "2024-12-12T05:18:13.4025364Z", "2024-12-12T05:18:15.7592211Z", "0x3954", "C:\\Windows\\System32\\svchost.exe"], "record_number": 79}
{"event_id": 4616, "source_name": "Microsoft-Windows-Security-Auditing", "time_generated": "2024-12-12 10:48:15", "event_type": 8, "event_category": 12288, "computer_name": "UNICORN", "string_inserts": ["S-1-5-19", "LOCAL SERVICE", "NT AUTHORITY", "0x3e5", "2024-12-12T05:18:15.7619992Z", "2024-12-12T05:18:15.7622051Z", "0x3954", "C:\\Windows\\System32\\svchost.exe"], "record_number": 80}
{"event_id": 4616, "source_name": "Microsoft-Windows-Security-Auditing", "time_generated": "2024-12-12 20:03:50", "event_type": 8, "event_category": 12288, "computer_name": "UNICORN", "string_inserts": ["S-1-5-19", "LOCAL SERVICE", "NT AUTHORITY", "0x3e5", "2024-12-12T14:33:50.2552384Z", "2024-12-12T14:33:50.2567913Z", "0x3954", "C:\\Windows\\System32\\svchost.exe"], "record_number": 81}
{"event_id": 4616, "source_name": "Microsoft-Windows-Security-Auditing", "time_generated": "2024-12-13 11:11:49", "event_type": 8, "event_category": 12288, "computer_name": "UNICORN", "string_inserts": ["S-1-5-19", "LOCAL SERVICE", "NT AUTHORITY", "0x3e5", "2024-12-13T05:41:50.7227731Z", "2024-12-13T05:41:49.6490503Z", "0x3954", "C:\\Windows\\System32\\svchost.exe"], "record_number": 82}
{"event_id": 4616, "source_name": "Microsoft-Windows-Security-Auditing", "time_generated": "2024-12-13 11:11:49", "event_type": 8, "event_category": 12288, "computer_name": "UNICORN", "string_inserts": ["S-1-5-19", "LOCAL SERVICE", "NT AUTHORITY", "0x3e5", "2024-12-13T05:41:49.6507361Z", "2024-12-13T05:41:49.6508897Z", "0x3954", "C:\\Windows\\System32\\svchost.exe"], "record_number": 83}
{"event_id": 4616, "source_name": "Microsoft-Windows-Security-Auditing", "time_generated": "2024-12-14 12:10:43", "event_type": 8, "event_category": 12288, "computer_name": "UNICORN", "string_inserts": ["S-1-5-19", "LOCAL SERVICE", "NT AUTHORITY", "0x3e5", "2024-12-14T06:40:43.9672712Z", "2024-12-14T06:40:43.9676873Z", "0x3954", "C:\\Windows\\System32\\svchost.exe"], "record_number": 84}
{"event_id": 4616, "source_name": "Microsoft-Windows-Security-Auditing", "time_generated": "2024-12-16 10:38:02", "event_type": 8, "event_category": 12288, "computer_name": "UNICORN", "string_inserts": ["S-1-5-19", "LOCAL SERVICE", "NT AUTHORITY", "0x3e5", "2024-12-16T05:08:00.8072944Z", "2024-12-16T05:08:02.4039435Z", "0x3954", "C:\\Windows\\System32\\svchost.exe"], "record_number": 85}
{"event_id": 4616, "source_name": "Microsoft-Windows-Security-Auditing", "time_generated": "2024-12-16 10:38:02", "event_type": 8, "event_category": 12288, "computer_name": "UNICORN", "string_inserts": ["S-1-5-19", "LOCAL SERVICE", "NT AUTHORITY", "0x3e5", "2024-12-16T05:08:02.4049585Z", "2024-12-16T05:08:02.4053851Z", "0x3954", "C:\\Windows\\System32\\svchost.exe"], "record_number": 86}
{"event_id": 1100, "source_name": "Microsoft-Windows-Eventlog", "time_generated": "2024-12-16 13:17:05", "event_type": 8, "event_category": 103, "computer_name": "UNICORN", "string_inserts": null, "record_number": 87}
{"event_id": 4616, "source_name": "Microsoft-Windows-Security-Auditing", "time_generated": "2024-12-16 13:17:05", "event_type": 8, "event_category": 12288, "computer_name": "UNICORN", "string_inserts": ["S-1-5-19", "LOCAL SERVICE", "NT AUTHORITY", "0x3e5", "2024-12-16T07:47:05.0490221Z", "2024-12-16T07:47:05.0498601Z", "0x3954", "C:\\Windows\\System32\\svchost.exe"], "record_number": 88}
{"event_id": 4688, "source_name": "Microsoft-Windows-Security-Auditing", "time_generated": "2024-12-16 13:17:20", "event_type": 8, "event_category": 13312, "computer_name": "UNICORN", "string_inserts": ["S-1-5-18", "-", "-", "0x3e7", "0x8c", "", "%%1936", "0x4", "", "S-1-0-0", "-", "-", "0x0", "", "S-1-16-16384"], "record_number": 89}
{"event_id": 4688, "source_name": "Microsoft-Windows-Security-Auditing", "time_generated": "2024-12-16 13:17:20", "event_type": 8, "event_category": 13312, "computer_name": "UNICORN", "string_inserts": ["S-1-5-18", "-", "-", "0x3e7", "0xb8", "Registry", "%%1936", "0x4", "", "S-1-0-0", "-", "-", "0x0", "", "S-1-16-16384"], "record_number": 90}
{"event_id": 4696, "source_name": "Microsoft-Windows-Security-Auditing", "time_generated": "2024-12-16 13:17:20", "event_type": 8, "event_category": 13312, "computer_name": "UNICORN", "string_inserts": ["S-1-5-18", "-", "-", "0x3e7", "S-1-0-0", "-", "-", "0x3e7", "0xb8", "Registry", "0x4", ""], "record_number": 91}
{"event_id": 4826, "source_name": "Microsoft-Windows-Security-Auditing", "time_generated": "2024-12-16 13:17:20", "event_type": 8, "event_category": 13573, "computer_name": "UNICORN", "string_inserts": ["S-1-5-18", "-", "-", "0x3e7", "-", "%%1843", "%%1846", "%%1843", "%%1843", "%%1849", "%%1843", "%%1843", "%%1843", "-", "%%1849", "%%1843"], "record_number": 92}
{"event_id": 4688, "source_name": "Microsoft-Windows-Security-Auditing", "time_generated": "2024-12-16 13:17:20", "event_type": 8, "event_category": 13312, "computer_name": "UNICORN", "string_inserts": ["S-1-5-18", "-", "-", "0x3e7", "0x250", "C:\\Windows\\System32\\smss.exe", "%%1936", "0x4", "", "S-1-0-0", "-", "-", "0x0", "", "S-1-16-16384"], "record_number": 93}
{"event_id": 4688, "source_name": "Microsoft-Windows-Security-Auditing", "time_generated": "2024-12-16 13:17:21", "event_type": 8, "event_category": 13312, "computer_name": "UNICORN", "string_inserts": ["S-1-5-18", "-", "-", "0x3e7", "0x290", "C:\\Windows\\System32\\autochk.exe", "%%1936", "0x250", "", "S-1-0-0", "-", "-", "0x0", "C:\\Windows\\System32\\smss.exe", "S-1-16-16384"], "record_number": 94}
{"event_id": 4688, "source_name": "Microsoft-Windows-Security-Auditing", "time_generated": "2024-12-16 13:17:23", "event_type": 8, "event_category": 13312, "computer_name": "UNICORN", "string_inserts": ["S-1-5-18", "-", "-", "0x3e7", "0x3d0", "C:\\Windows\\System32\\smss.exe", "%%1936", "0x250", "", "S-1-0-0", "-", "-", "0x0", "C:\\Windows\\System32\\smss.exe", "S-1-16-16384"], "record_number": 95}
{"event_id": 4688, "source_name": "Microsoft-Windows-Security-Auditing", "time_generated": "2024-12-16 13:17:27", "event_type": 8, "event_category": 13312, "computer_name": "UNICORN", "string_inserts": ["S-1-5-18", "-", "-", "0x3e7", "0x384", "C:\\Windows\\System32\\csrss.exe", "%%1936", "0x3d0", "", "S-1-0-0", "-", "-", "0x0", "C:\\Windows\\System32\\smss.exe", "S-1-16-16384"], "record_number": 96}
{"event_id": 4688, "source_name": "Microsoft-Windows-Security-Auditing", "time_generated": "2024-12-16 13:17:27", "event_type": 8, "event_category": 13312, "computer_name": "UNICORN", "string_inserts": ["S-1-5-18", "-", "-", "0x3e7", "0x448", "C:\\Windows\\System32\\smss.exe", "%%1936", "0x250", "", "S-1-0-0", "-", "-", "0x0", "C:\\Windows\\System32\\smss.exe", "S-1-16-16384"], "record_number": 97}
{"event_id": 4688, "source_name": "Microsoft-Windows-Security-Auditing", "time_generated": "2024-12-16 13:17:27", "event_type": 8, "event_category": 13312, "computer_name": "UNICORN", "string_inserts": ["S-1-5-18", "-", "-", "0x3e7", "0x454", "C:\\Windows\\System32\\wininit.exe", "%%1936", "0x3d0", "", "S-1-0-0", "-", "-", "0x0", "C:\\Windows\\System32\\smss.exe", "S-1-16-16384"], "record_number": 98}
{"event_id": 4688, "source_name": "Microsoft-Windows-Security-Auditing", "time_generated": "2024-12-16 13:17:27", "event_type": 8, "event_category": 13312, "computer_name": "UNICORN", "string_inserts": ["S-1-5-18", "-", "-", "0x3e7", "0x460", "C:\\Windows\\System32\\csrss.exe", "%%1936", "0x448", "", "S-1-0-0", "-", "-", "0x0", "C:\\Windows\\System32\\smss.exe", "S-1-16-16384"], "record_number": 99}
{"event_id": 4688, "source_name": "Microsoft-Windows-Security-Auditing", "time_generated": "2024-12-16 13:17:27", "event_type": 8, "event_category": 13312, "computer_name": "UNICORN", "string_inserts": ["S-1-5-18", "-", "-", "0x3e7", "0x4b8", "C:\\Windows\\System32\\winlogon.exe", "%%1936", "0x448", "", "S-1-0-0", "-", "-", "0x0", "C:\\Windows\\System32\\smss.exe", "S-1-16-16384"], "record_number": 100}
{"event_id": 4688, "source_name": "Microsoft-Windows-Security-Auditing", "time_generated": "2024-12-16 13:17:27", "event_type": 8, "event_category": 13312, "computer_name": "UNICORN", "string_inserts": ["S-1-5-18", "-", "-", "0x3e7", "0x4dc", "C:\\Windows\\System32\\services.exe", "%%1936", "0x454", "", "S-1-0-0", "-", "-", "0x0", "C:\\Windows\\System32\\wininit.exe", "S-1-16-16384"], "record_number": 101}
{"event_id": 4688, "source_name": "Microsoft-Windows-Security-Auditing", "time_generated": "2024-12-16 13:17:27", "event_type": 8, "event_category": 13312, "computer_name": "UNICORN", "string_inserts": ["S-1-5-18", "-", "-", "0x3e7", "0x4ec", "C:\\Windows\\System32\\LsaIso.exe", "%%1936", "0x454", "", "S-1-0-0", "-", "-", "0x0", "C:\\Windows\\System32\\wininit.exe", "S-1-16-16384"], "record_number": 102}
{"event_id": 4688, "source_name": "Microsoft-Windows-Security-Auditing", "time_generated": "2024-12-16 13:17:27", "event_type": 8, "event_category": 13312, "computer_name": "UNICORN", "string_inserts": ["S-1-5-18", "-", "-", "0x3e7", "0x500", "C:\\Windows\\System32\\lsass.exe", "%%1936", "0x454", "", "S-1-0-0", "-", "-", "0x0", "C:\\Windows\\System32\\wininit.exe", "S-1-16-16384"], "record_number": 103}
{"event_id": 6417, "source_name": "Microsoft-Windows-Security-Auditing", "time_generated": "2024-12-16 13:17:27", "event_type": 8, "event_category": 12290, "computer_name": "UNICORN", "string_inserts": ["0x500", "C:\\Windows\\System32\\lsass.exe"], "record_number": 104}
{"event_id": 1100, "source_name": "Microsoft-Windows-Eventlog", "time_generated": "2024-12-16 13:18:11", "event_type": 8, "event_category": 103, "computer_name": "UNICORN", "string_inserts": null, "record_number": 105}
{"event_id": 4688, "source_name": "Microsoft-Windows-Security-Auditing", "time_generated": "2024-12-16 17:11:02", "event_type": 8, "event_category": 13312, "computer_name": "UNICORN", "string_inserts": ["S-1-5-18", "-", "-", "0x3e7", "0x8c", "", "%%1936", "0x4", "", "S-1-0-0", "-", "-", "0x0", "", "S-1-16-16384"], "record_number": 106}
{"event_id": 4688, "source_name": "Microsoft-Windows-Security-Auditing", "time_generated": "2024-12-16 17:11:02", "event_type": 8, "event_category": 13312, "computer_name": "UNICORN", "string_inserts": ["S-1-5-18", "-", "-", "0x3e7", "0xb8", "Registry", "%%1936", "0x4", "", "S-1-0-0", "-", "-", "0x0", "", "S-1-16-16384"], "record_number": 107}
{"event_id": 4696, "source_name": "Microsoft-Windows-Security-Auditing", "time_generated": "2024-12-16 17:11:02", "event_type": 8, "event_category": 13312, "computer_name": "UNICORN", "string_inserts": ["S-1-5-18", "-", "-", "0x3e7", "S-1-0-0", "-", "-", "0x3e7", "0xb8", "Registry", "0x4", ""], "record_number": 108}
{"event_id": 4826, "source_name": "Microsoft-Windows-Security-Auditing", "time_generated": "2024-12-16 17:11:02", "event_type": 8, "event_category": 13573, "computer_name": "UNICORN", "string_inserts": ["S-1-5-18", "-", "-", "0x3e7", "-", "%%1843", "%%1846", "%%1843", "%%1843", "%%1849", "%%1843", "%%1843", "%%1843", "-", "%%1849", "%%1843"], "record_number": 109}
{"event_id": 4688, "source_name": "Microsoft-Windows-Security-Auditing", "time_generated": "2024-12-16 17:11:02", "event_type": 8, "event_category": 13312, "computer_name": "UNICORN", "string_inserts": ["S-1-5-18", "-", "-", "0x3e7", "0x254", "C:\\Windows\\System32\\smss.exe", "%%1936", "0x4", "", "S-1-0-0", "-", "-", "0x0", "", "S-1-16-16384"], "record_number": 110}
{"event_id": 4688, "source_name": "Microsoft-Windows-Security-Auditing", "time_generated": "2024-12-16 17:11:03", "event_type": 8, "event_category": 13312, "computer_name": "UNICORN", "string_inserts": ["S-1-5-18", "-", "-", "0x3e7", "0x294", "C:\\Windows\\System32\\autochk.exe", "%%1936", "0x254", "", "S-1-0-0", "-", "-", "0x0", "C:\\Windows\\System32\\smss.exe", "S-1-16-16384"], "record_number": 111}
{"event_id": 4688, "source_name": "Microsoft-Windows-Security-Auditing", "time_generated": "2024-12-16 17:11:05", "event_type": 8, "event_category": 13312, "computer_name": "UNICORN", "string_inserts": ["S-1-5-18", "-", "-", "0x3e7", "0x3c0", "C:\\Windows\\System32\\smss.exe", "%%1936", "0x254", "", "S-1-0-0", "-", "-", "0x0", "C:\\Windows\\System32\\smss.exe", "S-1-16-16384"], "record_number": 112}
{"event_id": 4688, "source_name": "Microsoft-Windows-Security-Auditing", "time_generated": "2024-12-16 17:11:07", "event_type": 8, "event_category": 13312, "computer_name": "UNICORN", "string_inserts": ["S-1-5-18", "-", "-", "0x3e7", "0x39c", "C:\\Windows\\System32\\csrss.exe", "%%1936", "0x3c0", "", "S-1-0-0", "-", "-", "0x0", "C:\\Windows\\System32\\smss.exe", "S-1-16-16384"], "record_number": 113}
{"event_id": 4688, "source_name": "Microsoft-Windows-Security-Auditing", "time_generated": "2024-12-16 17:11:08", "event_type": 8, "event_category": 13312, "computer_name": "UNICORN", "string_inserts": ["S-1-5-18", "-", "-", "0x3e7", "0x438", "C:\\Windows\\System32\\smss.exe", "%%1936", "0x254", "", "S-1-0-0", "-", "-", "0x0", "C:\\Windows\\System32\\smss.exe", "S-1-16-16384"], "record_number": 114}
{"event_id": 4688, "source_name": "Microsoft-Windows-Security-Auditing", "time_generated": "2024-12-16 17:11:08", "event_type": 8, "event_category": 13312, "computer_name": "UNICORN", "string_inserts": ["S-1-5-18", "-", "-", "0x3e7", "0x444", "C:\\Windows\\System32\\wininit.exe", "%%1936", "0x3c0", "", "S-1-0-0", "-", "-", "0x0", "C:\\Windows\\System32\\smss.exe", "S-1-16-16384"], "record_number": 115}
{"event_id": 4688, "source_name": "Microsoft-Windows-Security-Auditing", "time_generated": "2024-12-16 17:11:08", "event_type": 8, "event_category": 13312, "computer_name": "UNICORN", "string_inserts": ["S-1-5-18", "-", "-", "0x3e7", "0x44c", "C:\\Windows\\System32\\csrss.exe", "%%1936", "0x438", "", "S-1-0-0", "-", "-", "0x0", "C:\\Windows\\System32\\smss.exe", "S-1-16-16384"], "record_number": 116}
{"event_id": 4688, "source_name": "Microsoft-Windows-Security-Auditing", "time_generated": "2024-12-16 17:11:08", "event_type": 8, "event_category": 13312, "computer_name": "UNICORN", "string_inserts": ["S-1-5-18", "-", "-", "0x3e7", "0x4a8", "C:\\Windows\\System32\\winlogon.exe", "%%1936", "0x438", "", "S-1-0-0", "-", "-", "0x0", "C:\\Windows\\System32\\smss.exe", "S-1-16-16384"], "record_number": 117}
{"event_id": 4688, "source_name": "Microsoft-Windows-Security-Auditing", "time_generated": "2024-12-16 17:11:08", "event_type": 8, "event_category": 13312, "computer_name": "UNICORN", "string_inserts": ["S-1-5-18", "-", "-", "0x3e7", "0x4d4", "C:\\Windows\\System32\\services.exe", "%%1936", "0x444", "", "S-1-0-0", "-", "-", "0x0", "C:\\Windows\\System32\\wininit.exe", "S-1-16-16384"], "record_number": 118}
{"event_id": 4688, "source_name": "Microsoft-Windows-Security-Auditing", "time_generated": "2024-12-16 17:11:08", "event_type": 8, "event_category": 13312, "computer_name": "UNICORN", "string_inserts": ["S-1-5-18", "-", "-", "0x3e7", "0x4e8", "C:\\Windows\\System32\\LsaIso.exe", "%%1936", "0x444", "", "S-1-0-0", "-", "-", "0x0", "C:\\Windows\\System32\\wininit.exe", "S-1-16-16384"], "record_number": 119}
{"event_id": 4688, "source_name": "Microsoft-Windows-Security-Auditing", "time_generated": "2024-12-16 17:11:08", "event_type": 8, "event_category": 13312, "computer_name": "UNICORN", "string_inserts": ["S-1-5-18", "-", "-", "0x3e7", "0x4f0", "C:\\Windows\\System32\\lsass.exe", "%%1936", "0x444", "", "S-1-0-0", "-", "-", "0x0", "C:\\Windows\\System32\\wininit.exe", "S-1-16-16384"], "record_number": 120}
{"event_id": 6417, "source_name": "Microsoft-Windows-Security-Auditing", "time_generated": "2024-12-16 17:11:08", "event_type": 8, "event_category": 12290, "computer_name": "UNICORN", "string_inserts": ["0x4f0", "C:\\Windows\\System32\\lsass.exe"], "record_number": 121}
{"event_id": 4616, "source_name": "Microsoft-Windows-Security-Auditing", "time_generated": "2024-12-16 19:42:46", "event_type": 8, "event_category": 12288, "computer_name": "UNICORN", "string_inserts": ["S-1-5-19", "LOCAL SERVICE", "NT AUTHORITY", "0x3e5", "2024-12-16T14:12:48.1834217Z", "2024-12-16T14:12:46.2510354Z", "0x4598", "C:\\Windows\\System32\\svchost.exe"], "record_number": 122}
