{"event_id": 4688, "source_name": "Microsoft-Windows-Security-Auditing", "time_generated": "2025-04-26 22:27:00", "event_type": 8, "event_category": 13312, "computer_name": "UNICORN", "string_inserts": ["S-1-5-18", "-", "-", "0x3e7", "0x2f8", "C:\\Windows\\System32\\autochk.exe", "%%1936", "0x254", "", "S-1-0-0", "-", "-", "0x0", "C:\\Windows\\System32\\smss.exe", "S-1-16-16384"], "record_number": 740}
{"event_id": 4688, "source_name": "Microsoft-Windows-Security-Auditing", "time_generated": "2025-04-26 22:27:03", "event_type": 8, "event_category": 13312, "computer_name": "UNICORN", "string_inserts": ["S-1-5-18", "-", "-", "0x3e7", "0x3c0", "C:\\Windows\\System32\\smss.exe", "%%1936", "0x254", "", "S-1-0-0", "-", "-", "0x0", "C:\\Windows\\System32\\smss.exe", "S-1-16-16384"], "record_number": 741}
{"event_id": 4688, "source_name": "Microsoft-Windows-Security-Auditing", "time_generated": "2025-04-26 22:27:07", "event_type": 8, "event_category": 13312, "computer_name": "UNICORN", "string_inserts": ["S-1-5-18", "-", "-", "0x3e7", "0x3d0", "C:\\Windows\\System32\\csrss.exe", "%%1936", "0x3c0", "", "S-1-0-0", "-", "-", "0x0", "C:\\Windows\\System32\\smss.exe", "S-1-16-16384"], "record_number": 742}
{"event_id": 4688, "source_name": "Microsoft-Windows-Security-Auditing", "time_generated": "2025-04-26 22:27:07", "event_type": 8, "event_category": 13312, "computer_name": "UNICORN", "string_inserts": ["S-1-5-18", "-", "-", "0x3e7", "0x430", "C:\\Windows\\System32\\smss.exe", "%%1936", "0x254", "", "S-1-0-0", "-", "-", "0x0", "C:\\Windows\\System32\\smss.exe", "S-1-16-16384"], "record_number": 743}
{"event_id": 4688, "source_name": "Microsoft-Windows-Security-Auditing", "time_generated": "2025-04-26 22:27:07", "event_type": 8, "event_category": 13312, "computer_name": "UNICORN", "string_inserts": ["S-1-5-18", "-", "-", "0x3e7", "0x43c", "C:\\Windows\\System32\\wininit.exe", "%%1936", "0x3c0", "", "S-1-0-0", "-", "-", "0x0", "C:\\Windows\\System32\\smss.exe", "S-1-16-16384"], "record_number": 744}
{"event_id": 4688, "source_name": "Microsoft-Windows-Security-Auditing", "time_generated": "2025-04-26 22:27:07", "event_type": 8, "event_category": 13312, "computer_name": "UNICORN", "string_inserts": ["S-1-5-18", "-", "-", "0x3e7", "0x444", "C:\\Windows\\System32\\csrss.exe", "%%1936", "0x430", "", "S-1-0-0", "-", "-", "0x0", "C:\\Windows\\System32\\smss.exe", "S-1-16-16384"], "record_number": 745}
{"event_id": 4688, "source_name": "Microsoft-Windows-Security-Auditing", "time_generated": "2025-04-26 22:27:07", "event_type": 8, "event_category": 13312, "computer_name": "UNICORN", "string_inserts": ["S-1-5-18", "-", "-", "0x3e7", "0x484", "C:\\Windows\\System32\\winlogon.exe", "%%1936", "0x430", "", "S-1-0-0", "-", "-", "0x0", "C:\\Windows\\System32\\smss.exe", "S-1-16-16384"], "record_number": 746}
{"event_id": 4688, "source_name": "Microsoft-Windows-Security-Auditing", "time_generated": "2025-04-26 22:27:07", "event_type": 8, "event_category": 13312, "computer_name": "UNICORN", "string_inserts": ["S-1-5-18", "-", "-", "0x3e7", "0x4cc", "C:\\Windows\\System32\\services.exe", "%%1936", "0x43c", "", "S-1-0-0", "-", "-", "0x0", "C:\\Windows\\System32\\wininit.exe", "S-1-16-16384"], "record_number": 747}
{"event_id": 4688, "source_name": "Microsoft-Windows-Security-Auditing", "time_generated": "2025-04-26 22:27:07", "event_type": 8, "event_category": 13312, "computer_name": "UNICORN", "string_inserts": ["S-1-5-18", "-", "-", "0x3e7", "0x4d4", "C:\\Windows\\System32\\LsaIso.exe", "%%1936", "0x43c", "", "S-1-0-0", "-", "-", "0x0", "C:\\Windows\\System32\\wininit.exe", "S-1-16-16384"], "record_number": 748}
{"event_id": 4688, "source_name": "Microsoft-Windows-Security-Auditing", "time_generated": "2025-04-26 22:27:07", "event_type": 8, "event_category": 13312, "computer_name": "UNICORN", "string_inserts": ["S-1-5-18", "-", "-", "0x3e7", "0x4e8", "C:\\Windows\\System32\\lsass.exe", "%%1936", "0x43c", "", "S-1-0-0", "-", "-", "0x0", "C:\\Windows\\System32\\wininit.exe", "S-1-16-16384"], "record_number": 749}
{"event_id": 6417, "source_name": "Microsoft-Windows-Security-Auditing", "time_generated": "2025-04-26 22:27:08", "event_type": 8, "event_category": 12290, "computer_name": "UNICORN", "string_inserts": ["0x4e8", "C:\\Windows\\System32\\lsass.exe"], "record_number": 750}
{"event_id": 1100, "source_name": "Microsoft-Windows-Eventlog", "time_generated": "2025-04-26 22:28:28", "event_type": 8, "event_category": 103, "computer_name": "UNICORN", "string_inserts": null, "record_number": 751}
{"event_id": 4688, "source_name": "Microsoft-Windows-Security-Auditing", "time_generated": "2025-04-26 22:28:43", "event_type": 8, "event_category": 13312, "computer_name": "UNICORN", "string_inserts": ["S-1-5-18", "-", "-", "0x3e7", "0x8c", "", "%%1936", "0x4", "", "S-1-0-0", "-", "-", "0x0", "", "S-1-16-16384"], "record_number": 752}
{"event_id": 4688, "source_name": "Microsoft-Windows-Security-Auditing", "time_generated": "2025-04-26 22:28:43", "event_type": 8, "event_category": 13312, "computer_name": "UNICORN", "string_inserts": ["S-1-5-18", "-", "-", "0x3e7", "0xb8", "Registry", "%%1936", "0x4", "", "S-1-0-0", "-", "-", "0x0", "", "S-1-16-16384"], "record_number": 753}
{"event_id": 4696, "source_name": "Microsoft-Windows-Security-Auditing", "time_generated": "2025-04-26 22:28:43", "event_type": 8, "event_category": 13312, "computer_name": "UNICORN", "string_inserts": ["S-1-5-18", "-", "-", "0x3e7", "S-1-0-0", "-", "-", "0x3e7", "0xb8", "Registry", "0x4", ""], "record_number": 754}
{"event_id": 4826, "source_name": "Microsoft-Windows-Security-Auditing", "time_generated": "2025-04-26 22:28:43", "event_type": 8, "event_category": 13573, "computer_name": "UNICORN", "string_inserts": ["S-1-5-18", "-", "-", "0x3e7", "-", "%%1843", "%%1846", "%%1843", "%%1843", "%%1849", "%%1843", "%%1843", "%%1843", "-", "%%1849", "%%1843"], "record_number": 755}
{"event_id": 4688, "source_name": "Microsoft-Windows-Security-Auditing", "time_generated": "2025-04-26 22:28:43", "event_type": 8, "event_category": 13312, "computer_name": "UNICORN", "string_inserts": ["S-1-5-18", "-", "-", "0x3e7", "0x254", "C:\\Windows\\System32\\smss.exe", "%%1936", "0x4", "", "S-1-0-0", "-", "-", "0x0", "", "S-1-16-16384"], "record_number": 756}
{"event_id": 4688, "source_name": "Microsoft-Windows-Security-Auditing", "time_generated": "2025-04-26 22:28:46", "event_type": 8, "event_category": 13312, "computer_name": "UNICORN", "string_inserts": ["S-1-5-18", "-", "-", "0x3e7", "0x2c4", "C:\\Windows\\System32\\autochk.exe", "%%1936", "0x254", "", "S-1-0-0", "-", "-", "0x0", "C:\\Windows\\System32\\smss.exe", "S-1-16-16384"], "record_number": 757}
{"event_id": 4688, "source_name": "Microsoft-Windows-Security-Auditing", "time_generated": "2025-04-26 22:28:48", "event_type": 8, "event_category": 13312, "computer_name": "UNICORN", "string_inserts": ["S-1-5-18", "-", "-", "0x3e7", "0x3b8", "C:\\Windows\\System32\\smss.exe", "%%1936", "0x254", "", "S-1-0-0", "-", "-", "0x0", "C:\\Windows\\System32\\smss.exe", "S-1-16-16384"], "record_number": 758}
{"event_id": 4688, "source_name": "Microsoft-Windows-Security-Auditing", "time_generated": "2025-04-26 22:28:50", "event_type": 8, "event_category": 13312, "computer_name": "UNICORN", "string_inserts": ["S-1-5-18", "-", "-", "0x3e7", "0x248", "C:\\Windows\\System32\\csrss.exe", "%%1936", "0x3b8", "", "S-1-0-0", "-", "-", "0x0", "C:\\Windows\\System32\\smss.exe", "S-1-16-16384"], "record_number": 759}
{"event_id": 4688, "source_name": "Microsoft-Windows-Security-Auditing", "time_generated": "2025-04-26 22:28:50", "event_type": 8, "event_category": 13312, "computer_name": "UNICORN", "string_inserts": ["S-1-5-18", "-", "-", "0x3e7", "0x42c", "C:\\Windows\\System32\\smss.exe", "%%1936", "0x254", "", "S-1-0-0", "-", "-", "0x0", "C:\\Windows\\System32\\smss.exe", "S-1-16-16384"], "record_number": 760}
{"event_id": 4688, "source_name": "Microsoft-Windows-Security-Auditing", "time_generated": "2025-04-26 22:28:50", "event_type": 8, "event_category": 13312, "computer_name": "UNICORN", "string_inserts": ["S-1-5-18", "-", "-", "0x3e7", "0x434", "C:\\Windows\\System32\\wininit.exe", "%%1936", "0x3b8", "", "S-1-0-0", "-", "-", "0x0", "C:\\Windows\\System32\\smss.exe", "S-1-16-16384"], "record_number": 761}
{"event_id": 4688, "source_name": "Microsoft-Windows-Security-Auditing", "time_generated": "2025-04-26 22:28:50", "event_type": 8, "event_category": 13312, "computer_name": "UNICORN", "string_inserts": ["S-1-5-18", "-", "-", "0x3e7", "0x43c", "C:\\Windows\\System32\\csrss.exe", "%%1936", "0x42c", "", "S-1-0-0", "-", "-", "0x0", "C:\\Windows\\System32\\smss.exe", "S-1-16-16384"], "record_number": 762}
{"event_id": 4688, "source_name": "Microsoft-Windows-Security-Auditing", "time_generated": "2025-04-26 22:28:50", "event_type": 8, "event_category": 13312, "computer_name": "UNICORN", "string_inserts": ["S-1-5-18", "-", "-", "0x3e7", "0x47c", "C:\\Windows\\System32\\services.exe", "%%1936", "0x434", "", "S-1-0-0", "-", "-", "0x0", "C:\\Windows\\System32\\wininit.exe", "S-1-16-16384"], "record_number": 763}
{"event_id": 4688, "source_name": "Microsoft-Windows-Security-Auditing", "time_generated": "2025-04-26 22:28:50", "event_type": 8, "event_category": 13312, "computer_name": "UNICORN", "string_inserts": ["S-1-5-18", "-", "-", "0x3e7", "0x484", "C:\\Windows\\System32\\LsaIso.exe", "%%1936", "0x434", "", "S-1-0-0", "-", "-", "0x0", "C:\\Windows\\System32\\wininit.exe", "S-1-16-16384"], "record_number": 764}
{"event_id": 4688, "source_name": "Microsoft-Windows-Security-Auditing", "time_generated": "2025-04-26 22:28:50", "event_type": 8, "event_category": 13312, "computer_name": "UNICORN", "string_inserts": ["S-1-5-18", "-", "-", "0x3e7", "0x498", "C:\\Windows\\System32\\lsass.exe", "%%1936", "0x434", "", "S-1-0-0", "-", "-", "0x0", "C:\\Windows\\System32\\wininit.exe", "S-1-16-16384"], "record_number": 765}
{"event_id": 6417, "source_name": "Microsoft-Windows-Security-Auditing", "time_generated": "2025-04-26 22:28:50", "event_type": 8, "event_category": 12290, "computer_name": "UNICORN", "string_inserts": ["0x498", "C:\\Windows\\System32\\lsass.exe"], "record_number": 766}
{"event_id": 4616, "source_name": "Microsoft-Windows-Security-Auditing", "time_generated": "2025-04-27 17:31:55", "event_type": 8, "event_category": 12288, "computer_name": "UNICORN", "string_inserts": ["S-1-5-19", "LOCAL SERVICE", "NT AUTHORITY", "0x3e5", "2025-04-27T12:01:55.8995440Z", "2025-04-27T12:01:55.8998493Z", "0x2720", "C:\\Windows\\System32\\svchost.exe"], "record_number": 767}
{"event_id": 4616, "source_name": "Microsoft-Windows-Security-Auditing", "time_generated": "2025-04-28 18:24:01", "event_type": 8, "event_category": 12288, "computer_name": "UNICORN", "string_inserts": ["S-1-5-19", "LOCAL SERVICE", "NT AUTHORITY", "0x3e5", "2025-04-28T12:54:01.4402412Z", "2025-04-28T12:54:01.4401156Z", "0x2720", "C:\\Windows\\System32\\svchost.exe"], "record_number": 768}
{"event_id": 4616, "source_name": "Microsoft-Windows-Security-Auditing", "time_generated": "2025-04-29 18:37:36", "event_type": 8, "event_category": 12288, "computer_name": "UNICORN", "string_inserts": ["S-1-5-19", "LOCAL SERVICE", "NT AUTHORITY", "0x3e5", "2025-04-29T13:07:36.2981948Z", "2025-04-29T13:07:36.2979503Z", "0x2720", "C:\\Windows\\System32\\svchost.exe"], "record_number": 769}
{"event_id": 1100, "source_name": "Microsoft-Windows-Eventlog", "time_generated": "2025-04-29 22:28:19", "event_type": 8, "event_category": 103, "computer_name": "UNICORN", "string_inserts": null, "record_number": 770}
{"event_id": 4616, "source_name": "Microsoft-Windows-Security-Auditing", "time_generated": "2025-04-29 22:28:19", "event_type": 8, "event_category": 12288, "computer_name": "UNICORN", "string_inserts": ["S-1-5-19", "LOCAL SERVICE", "NT AUTHORITY", "0x3e5", "2025-04-29T16:58:19.5802033Z", "2025-04-29T16:58:19.5804340Z", "0x2720", "C:\\Windows\\System32\\svchost.exe"], "record_number": 771}
{"event_id": 4688, "source_name": "Microsoft-Windows-Security-Auditing", "time_generated": "2025-04-29 22:32:14", "event_type": 8, "event_category": 13312, "computer_name": "UNICORN", "string_inserts": ["S-1-5-18", "-", "-", "0x3e7", "0x8c", "", "%%1936", "0x4", "", "S-1-0-0", "-", "-", "0x0", "", "S-1-16-16384"], "record_number": 772}
{"event_id": 4688, "source_name": "Microsoft-Windows-Security-Auditing", "time_generated": "2025-04-29 22:32:14", "event_type": 8, "event_category": 13312, "computer_name": "UNICORN", "string_inserts": ["S-1-5-18", "-", "-", "0x3e7", "0xb8", "Registry", "%%1936", "0x4", "", "S-1-0-0", "-", "-", "0x0", "", "S-1-16-16384"], "record_number": 773}
{"event_id": 4696, "source_name": "Microsoft-Windows-Security-Auditing", "time_generated": "2025-04-29 22:32:14", "event_type": 8, "event_category": 13312, "computer_name": "UNICORN", "string_inserts": ["S-1-5-18", "-", "-", "0x3e7", "S-1-0-0", "-", "-", "0x3e7", "0xb8", "Registry", "0x4", ""], "record_number": 774}
{"event_id": 4826, "source_name": "Microsoft-Windows-Security-Auditing", "time_generated": "2025-04-29 22:32:14", "event_type": 8, "event_category": 13573, "computer_name": "UNICORN", "string_inserts": ["S-1-5-18", "-", "-", "0x3e7", "-", "%%1843", "%%1846", "%%1843", "%%1843", "%%1849", "%%1843", "%%1843", "%%1843", "-", "%%1849", "%%1843"], "record_number": 775}
{"event_id": 4688, "source_name": "Microsoft-Windows-Security-Auditing", "time_generated": "2025-04-29 22:32:14", "event_type": 8, "event_category": 13312, "computer_name": "UNICORN", "string_inserts": ["S-1-5-18", "-", "-", "0x3e7", "0x264", "C:\\Windows\\System32\\smss.exe", "%%1936", "0x4", "", "S-1-0-0", "-", "-", "0x0", "", "S-1-16-16384"], "record_number": 776}
{"event_id": 4688, "source_name": "Microsoft-Windows-Security-Auditing", "time_generated": "2025-04-29 22:32:18", "event_type": 8, "event_category": 13312, "computer_name": "UNICORN", "string_inserts": ["S-1-5-18", "-", "-", "0x3e7", "0x2f4", "C:\\Windows\\System32\\autochk.exe", "%%1936", "0x264", "", "S-1-0-0", "-", "-", "0x0", "C:\\Windows\\System32\\smss.exe", "S-1-16-16384"], "record_number": 777}
{"event_id": 4688, "source_name": "Microsoft-Windows-Security-Auditing", "time_generated": "2025-04-29 22:32:20", "event_type": 8, "event_category": 13312, "computer_name": "UNICORN", "string_inserts": ["S-1-5-18", "-", "-", "0x3e7", "0x3f8", "C:\\Windows\\System32\\smss.exe", "%%1936", "0x264", "", "S-1-0-0", "-", "-", "0x0", "C:\\Windows\\System32\\smss.exe", "S-1-16-16384"], "record_number": 778}
{"event_id": 4688, "source_name": "Microsoft-Windows-Security-Auditing", "time_generated": "2025-04-29 22:32:22", "event_type": 8, "event_category": 13312, "computer_name": "UNICORN", "string_inserts": ["S-1-5-18", "-", "-", "0x3e7", "0x3d8", "C:\\Windows\\System32\\csrss.exe", "%%1936", "0x3f8", "", "S-1-0-0", "-", "-", "0x0", "C:\\Windows\\System32\\smss.exe", "S-1-16-16384"], "record_number": 779}
{"event_id": 4688, "source_name": "Microsoft-Windows-Security-Auditing", "time_generated": "2025-04-29 22:32:22", "event_type": 8, "event_category": 13312, "computer_name": "UNICORN", "string_inserts": ["S-1-5-18", "-", "-", "0x3e7", "0x448", "C:\\Windows\\System32\\smss.exe", "%%1936", "0x264", "", "S-1-0-0", "-", "-", "0x0", "C:\\Windows\\System32\\smss.exe", "S-1-16-16384"], "record_number": 780}
{"event_id": 4688, "source_name": "Microsoft-Windows-Security-Auditing", "time_generated": "2025-04-29 22:32:22", "event_type": 8, "event_category": 13312, "computer_name": "UNICORN", "string_inserts": ["S-1-5-18", "-", "-", "0x3e7", "0x450", "C:\\Windows\\System32\\wininit.exe", "%%1936", "0x3f8", "", "S-1-0-0", "-", "-", "0x0", "C:\\Windows\\System32\\smss.exe", "S-1-16-16384"], "record_number": 781}
{"event_id": 4688, "source_name": "Microsoft-Windows-Security-Auditing", "time_generated": "2025-04-29 22:32:22", "event_type": 8, "event_category": 13312, "computer_name": "UNICORN", "string_inserts": ["S-1-5-18", "-", "-", "0x3e7", "0x458", "C:\\Windows\\System32\\csrss.exe", "%%1936", "0x448", "", "S-1-0-0", "-", "-", "0x0", "C:\\Windows\\System32\\smss.exe", "S-1-16-16384"], "record_number": 782}
{"event_id": 4688, "source_name": "Microsoft-Windows-Security-Auditing", "time_generated": "2025-04-29 22:32:22", "event_type": 8, "event_category": 13312, "computer_name": "UNICORN", "string_inserts": ["S-1-5-18", "-", "-", "0x3e7", "0x498", "C:\\Windows\\System32\\services.exe", "%%1936", "0x450", "", "S-1-0-0", "-", "-", "0x0", "C:\\Windows\\System32\\wininit.exe", "S-1-16-16384"], "record_number": 783}
{"event_id": 4688, "source_name": "Microsoft-Windows-Security-Auditing", "time_generated": "2025-04-29 22:32:22", "event_type": 8, "event_category": 13312, "computer_name": "UNICORN", "string_inserts": ["S-1-5-18", "-", "-", "0x3e7", "0x4a0", "C:\\Windows\\System32\\LsaIso.exe", "%%1936", "0x450", "", "S-1-0-0", "-", "-", "0x0", "C:\\Windows\\System32\\wininit.exe", "S-1-16-16384"], "record_number": 784}
{"event_id": 4688, "source_name": "Microsoft-Windows-Security-Auditing", "time_generated": "2025-04-29 22:32:22", "event_type": 8, "event_category": 13312, "computer_name": "UNICORN", "string_inserts": ["S-1-5-18", "-", "-", "0x3e7", "0x4b4", "C:\\Windows\\System32\\lsass.exe", "%%1936", "0x450", "", "S-1-0-0", "-", "-", "0x0", "C:\\Windows\\System32\\wininit.exe", "S-1-16-16384"], "record_number": 785}
{"event_id": 6417, "source_name": "Microsoft-Windows-Security-Auditing", "time_generated": "2025-04-29 22:32:22", "event_type": 8, "event_category": 12290, "computer_name": "UNICORN", "string_inserts": ["0x4b4", "C:\\Windows\\System32\\lsass.exe"], "record_number": 786}
{"event_id": 1100, "source_name": "Microsoft-Windows-Eventlog", "time_generated": "2025-04-29 22:35:44", "event_type": 8, "event_category": 103, "computer_name": "UNICORN", "string_inserts": null, "record_number": 787}
{"event_id": 4688, "source_name": "Microsoft-Windows-Security-Auditing", "time_generated": "2025-04-29 22:36:02", "event_type": 8, "event_category": 13312, "computer_name": "UNICORN", "string_inserts": ["S-1-5-18", "-", "-", "0x3e7", "0x8c", "", "%%1936", "0x4", "", "S-1-0-0", "-", "-", "0x0", "", "S-1-16-16384"], "record_number": 788}
{"event_id": 4688, "source_name": "Microsoft-Windows-Security-Auditing", "time_generated": "2025-04-29 22:36:02", "event_type": 8, "event_category": 13312, "computer_name": "UNICORN", "string_inserts": ["S-1-5-18", "-", "-", "0x3e7", "0xb8", "Registry", "%%1936", "0x4", "", "S-1-0-0", "-", "-", "0x0", "", "S-1-16-16384"], "record_number": 789}
{"event_id": 4696, "source_name": "Microsoft-Windows-Security-Auditing", "time_generated": "2025-04-29 22:36:02", "event_type": 8, "event_category": 13312, "computer_name": "UNICORN", "string_inserts": ["S-1-5-18", "-", "-", "0x3e7", "S-1-0-0", "-", "-", "0x3e7", "0xb8", "Registry", "0x4", ""], "record_number": 790}
{"event_id": 4826, "source_name": "Microsoft-Windows-Security-Auditing", "time_generated": "2025-04-29 22:36:02", "event_type": 8, "event_category": 13573, "computer_name": "UNICORN", "string_inserts": ["S-1-5-18", "-", "-", "0x3e7", "-", "%%1843", "%%1846", "%%1843", "%%1843", "%%1849", "%%1843", "%%1843", "%%1843", "-", "%%1849", "%%1843"], "record_number": 791}
{"event_id": 4688, "source_name": "Microsoft-Windows-Security-Auditing", "time_generated": "2025-04-29 22:36:02", "event_type": 8, "event_category": 13312, "computer_name": "UNICORN", "string_inserts": ["S-1-5-18", "-", "-", "0x3e7", "0x258", "C:\\Windows\\System32\\smss.exe", "%%1936", "0x4", "", "S-1-0-0", "-", "-", "0x0", "", "S-1-16-16384"], "record_number": 792}
{"event_id": 4688, "source_name": "Microsoft-Windows-Security-Auditing", "time_generated": "2025-04-29 22:36:05", "event_type": 8, "event_category": 13312, "computer_name": "UNICORN", "string_inserts": ["S-1-5-18", "-", "-", "0x3e7", "0x30c", "C:\\Windows\\System32\\autochk.exe", "%%1936", "0x258", "", "S-1-0-0", "-", "-", "0x0", "C:\\Windows\\System32\\smss.exe", "S-1-16-16384"], "record_number": 793}
{"event_id": 4688, "source_name": "Microsoft-Windows-Security-Auditing", "time_generated": "2025-04-29 22:36:07", "event_type": 8, "event_category": 13312, "computer_name": "UNICORN", "string_inserts": ["S-1-5-18", "-", "-", "0x3e7", "0x310", "C:\\Windows\\System32\\smss.exe", "%%1936", "0x258", "", "S-1-0-0", "-", "-", "0x0", "C:\\Windows\\System32\\smss.exe", "S-1-16-16384"], "record_number": 794}
{"event_id": 4688, "source_name": "Microsoft-Windows-Security-Auditing", "time_generated": "2025-04-29 22:36:07", "event_type": 8, "event_category": 13312, "computer_name": "UNICORN", "string_inserts": ["S-1-5-18", "-", "-", "0x3e7", "0x3c4", "C:\\Windows\\System32\\csrss.exe", "%%1936", "0x310", "", "S-1-0-0", "-", "-", "0x0", "C:\\Windows\\System32\\smss.exe", "S-1-16-16384"], "record_number": 795}
{"event_id": 4688, "source_name": "Microsoft-Windows-Security-Auditing", "time_generated": "2025-04-29 22:36:08", "event_type": 8, "event_category": 13312, "computer_name": "UNICORN", "string_inserts": ["S-1-5-18", "-", "-", "0x3e7", "0x448", "C:\\Windows\\System32\\smss.exe", "%%1936", "0x258", "", "S-1-0-0", "-", "-", "0x0", "C:\\Windows\\System32\\smss.exe", "S-1-16-16384"], "record_number": 796}
{"event_id": 4688, "source_name": "Microsoft-Windows-Security-Auditing", "time_generated": "2025-04-29 22:36:08", "event_type": 8, "event_category": 13312, "computer_name": "UNICORN", "string_inserts": ["S-1-5-18", "-", "-", "0x3e7", "0x450", "C:\\Windows\\System32\\wininit.exe", "%%1936", "0x310", "", "S-1-0-0", "-", "-", "0x0", "C:\\Windows\\System32\\smss.exe", "S-1-16-16384"], "record_number": 797}
{"event_id": 4688, "source_name": "Microsoft-Windows-Security-Auditing", "time_generated": "2025-04-29 22:36:08", "event_type": 8, "event_category": 13312, "computer_name": "UNICORN", "string_inserts": ["S-1-5-18", "-", "-", "0x3e7", "0x458", "C:\\Windows\\System32\\csrss.exe", "%%1936", "0x448", "", "S-1-0-0", "-", "-", "0x0", "C:\\Windows\\System32\\smss.exe", "S-1-16-16384"], "record_number": 798}
{"event_id": 4688, "source_name": "Microsoft-Windows-Security-Auditing", "time_generated": "2025-04-29 22:36:08", "event_type": 8, "event_category": 13312, "computer_name": "UNICORN", "string_inserts": ["S-1-5-18", "-", "-", "0x3e7", "0x498", "C:\\Windows\\System32\\services.exe", "%%1936", "0x450", "", "S-1-0-0", "-", "-", "0x0", "C:\\Windows\\System32\\wininit.exe", "S-1-16-16384"], "record_number": 799}
{"event_id": 4688, "source_name": "Microsoft-Windows-Security-Auditing", "time_generated": "2025-04-29 22:36:08", "event_type": 8, "event_category": 13312, "computer_name": "UNICORN", "string_inserts": ["S-1-5-18", "-", "-", "0x3e7", "0x4a0", "C:\\Windows\\System32\\LsaIso.exe", "%%1936", "0x450", "", "S-1-0-0", "-", "-", "0x0", "C:\\Windows\\System32\\wininit.exe", "S-1-16-16384"], "record_number": 800}
{"event_id": 4688, "source_name": "Microsoft-Windows-Security-Auditing", "time_generated": "2025-04-29 22:36:08", "event_type": 8, "event_category": 13312, "computer_name": "UNICORN", "string_inserts": ["S-1-5-18", "-", "-", "0x3e7", "0x4b4", "C:\\Windows\\System32\\lsass.exe", "%%1936", "0x450", "", "S-1-0-0", "-", "-", "0x0", "C:\\Windows\\System32\\wininit.exe", "S-1-16-16384"], "record_number": 801}
{"event_id": 6417, "source_name": "Microsoft-Windows-Security-Auditing", "time_generated": "2025-04-29 22:36:08", "event_type": 8, "event_category": 12290, "computer_name": "UNICORN", "string_inserts": ["0x4b4", "C:\\Windows\\System32\\lsass.exe"], "record_number": 802}
{"event_id": 4616, "source_name": "Microsoft-Windows-Security-Auditing", "time_generated": "2025-04-30 17:33:11", "event_type": 8, "event_category": 12288, "computer_name": "UNICORN", "string_inserts": ["S-1-5-19", "LOCAL SERVICE", "NT AUTHORITY", "0x3e5", "2025-04-30T12:03:12.2694207Z", "2025-04-30T12:03:11.2624784Z", "0x8d8", "C:\\Windows\\System32\\svchost.exe"], "record_number": 803}
{"event_id": 4616, "source_name": "Microsoft-Windows-Security-Auditing", "time_generated": "2025-04-30 17:33:11", "event_type": 8, "event_category": 12288, "computer_name": "UNICORN", "string_inserts": ["S-1-5-19", "LOCAL SERVICE", "NT AUTHORITY", "0x3e5", "2025-04-30T12:03:11.2624784Z", "2025-04-30T12:03:11.2636017Z", "0x8d8", "C:\\Windows\\System32\\svchost.exe"], "record_number": 804}
{"event_id": 4616, "source_name": "Microsoft-Windows-Security-Auditing", "time_generated": "2025-05-01 13:42:12", "event_type": 8, "event_category": 12288, "computer_name": "UNICORN", "string_inserts": ["S-1-5-19", "LOCAL SERVICE", "NT AUTHORITY", "0x3e5", "2025-05-01T08:12:12.0866276Z", "2025-05-01T08:12:12.0879784Z", "0x8d8", "C:\\Windows\\System32\\svchost.exe"], "record_number": 805}
{"event_id": 4616, "source_name": "Microsoft-Windows-Security-Auditing", "time_generated": "2025-05-01 19:56:20", "event_type": 8, "event_category": 12288, "computer_name": "UNICORN", "string_inserts": ["S-1-5-19", "LOCAL SERVICE", "NT AUTHORITY", "0x3e5", "2025-05-01T14:26:21.6975416Z", "2025-05-01T14:26:20.5642213Z", "0x8d8", "C:\\Windows\\System32\\svchost.exe"], "record_number": 806}
{"event_id": 4616, "source_name": "Microsoft-Windows-Security-Auditing", "time_generated": "2025-05-01 19:56:20", "event_type": 8, "event_category": 12288, "computer_name": "UNICORN", "string_inserts": ["S-1-5-19", "LOCAL SERVICE", "NT AUTHORITY", "0x3e5", "2025-05-01T14:26:20.5652890Z", "2025-05-01T14:26:20.5656099Z", "0x8d8", "C:\\Windows\\System32\\svchost.exe"], "record_number": 807}
{"event_id": 4616, "source_name": "Microsoft-Windows-Security-Auditing", "time_generated": "2025-05-02 10:10:01", "event_type": 8, "event_category": 12288, "computer_name": "UNICORN", "string_inserts": ["S-1-5-19", "LOCAL SERVICE", "NT AUTHORITY", "0x3e5", "2025-05-02T04:40:00.3245311Z", "2025-05-02T04:40:01.4600746Z", "0x8d8", "C:\\Windows\\System32\\svchost.exe"], "record_number": 808}
{"event_id": 4616, "source_name": "Microsoft-Windows-Security-Auditing", "time_generated": "2025-05-02 10:10:01", "event_type": 8, "event_category": 12288, "computer_name": "UNICORN", "string_inserts": ["S-1-5-19", "LOCAL SERVICE", "NT AUTHORITY", "0x3e5", "2025-05-02T04:40:01.4600746Z", "2025-05-02T04:40:01.4613060Z", "0x8d8", "C:\\Windows\\System32\\svchost.exe"], "record_number": 809}
{"event_id": 4616, "source_name": "Microsoft-Windows-Security-Auditing", "time_generated": "2025-05-02 20:57:13", "event_type": 8, "event_category": 12288, "computer_name": "UNICORN", "string_inserts": ["S-1-5-19", "LOCAL SERVICE", "NT AUTHORITY", "0x3e5", "2025-05-02T15:27:13.2179877Z", "2025-05-02T15:27:13.2177371Z", "0x8d8", "C:\\Windows\\System32\\svchost.exe"], "record_number": 810}
{"event_id": 4616, "source_name": "Microsoft-Windows-Security-Auditing", "time_generated": "2025-05-03 18:33:22", "event_type": 8, "event_category": 12288, "computer_name": "UNICORN", "string_inserts": ["S-1-5-19", "LOCAL SERVICE", "NT AUTHORITY", "0x3e5", "2025-05-03T13:03:22.8571263Z", "2025-05-03T13:03:22.8586837Z", "0x8d8", "C:\\Windows\\System32\\svchost.exe"], "record_number": 811}
{"event_id": 4616, "source_name": "Microsoft-Windows-Security-Auditing", "time_generated": "2025-05-04 17:18:25", "event_type": 8, "event_category": 12288, "computer_name": "UNICORN", "string_inserts": ["S-1-5-19", "LOCAL SERVICE", "NT AUTHORITY", "0x3e5", "2025-05-04T11:48:25.0555575Z", "2025-05-04T11:48:25.0556623Z", "0x8d8", "C:\\Windows\\System32\\svchost.exe"], "record_number": 812}
{"event_id": 4616, "source_name": "Microsoft-Windows-Security-Auditing", "time_generated": "2025-05-11 12:23:35", "event_type": 8, "event_category": 12288, "computer_name": "UNICORN", "string_inserts": ["S-1-5-19", "LOCAL SERVICE", "NT AUTHORITY", "0x3e5", "2025-05-11T06:53:33.6964628Z", "2025-05-11T06:53:35.0387467Z", "0x8d8", "C:\\Windows\\System32\\svchost.exe"], "record_number": 813}
{"event_id": 4616, "source_name": "Microsoft-Windows-Security-Auditing", "time_generated": "2025-05-11 12:23:35", "event_type": 8, "event_category": 12288, "computer_name": "UNICORN", "string_inserts": ["S-1-5-19", "LOCAL SERVICE", "NT AUTHORITY", "0x3e5", "2025-05-11T06:53:35.0400557Z", "2025-05-11T06:53:35.0400436Z", "0x8d8", "C:\\Windows\\System32\\svchost.exe"], "record_number": 814}
{"event_id": 4616, "source_name": "Microsoft-Windows-Security-Auditing", "time_generated": "2025-05-17 13:13:54", "event_type": 8, "event_category": 12288, "computer_name": "UNICORN", "string_inserts": ["S-1-5-19", "LOCAL SERVICE", "NT AUTHORITY", "0x3e5", "2025-05-17T07:43:54.7060598Z", "2025-05-17T07:43:54.7079430Z", "0x8d8", "C:\\Windows\\System32\\svchost.exe"], "record_number": 815}
{"event_id": 4616, "source_name": "Microsoft-Windows-Security-Auditing", "time_generated": "2025-05-18 22:42:52", "event_type": 8, "event_category": 12288, "computer_name": "UNICORN", "string_inserts": ["S-1-5-19", "LOCAL SERVICE", "NT AUTHORITY", "0x3e5", "2025-05-18T17:12:50.6229957Z", "2025-05-18T17:12:52.2640833Z", "0x8d8", "C:\\Windows\\System32\\svchost.exe"], "record_number": 816}
{"event_id": 4616, "source_name": "Microsoft-Windows-Security-Auditing", "time_generated": "2025-05-18 22:42:52", "event_type": 8, "event_category": 12288, "computer_name": "UNICORN", "string_inserts": ["S-1-5-19", "LOCAL SERVICE", "NT AUTHORITY", "0x3e5", "2025-05-18T17:12:52.2653425Z", "2025-05-18T17:12:52.2653779Z", "0x8d8", "C:\\Windows\\System32\\svchost.exe"], "record_number": 817}
{"event_id": 4616, "source_name": "Microsoft-Windows-Security-Auditing", "time_generated": "2025-05-20 09:59:14", "event_type": 8, "event_category": 12288, "computer_name": "UNICORN", "string_inserts": ["S-1-5-19", "LOCAL SERVICE", "NT AUTHORITY", "0x3e5", "2025-05-20T04:29:14.6240788Z", "2025-05-20T04:29:14.6372124Z", "0x8d8", "C:\\Windows\\System32\\svchost.exe"], "record_number": 818}
{"event_id": 1100, "source_name": "Microsoft-Windows-Eventlog", "time_generated": "2025-05-20 11:35:40", "event_type": 8, "event_category": 103, "computer_name": "UNICORN", "string_inserts": null, "record_number": 819}
{"event_id": 4616, "source_name": "Microsoft-Windows-Security-Auditing", "time_generated": "2025-05-20 11:35:40", "event_type": 8, "event_category": 12288, "computer_name": "UNICORN", "string_inserts": ["S-1-5-19", "LOCAL SERVICE", "NT AUTHORITY", "0x3e5", "2025-05-20T06:05:40.8334727Z", "2025-05-20T06:05:40.8300643Z", "0x8d8", "C:\\Windows\\System32\\svchost.exe"], "record_number": 820}
{"event_id": 4688, "source_name": "Microsoft-Windows-Security-Auditing", "time_generated": "2025-05-20 11:35:56", "event_type": 8, "event_category": 13312, "computer_name": "UNICORN", "string_inserts": ["S-1-5-18", "-", "-", "0x3e7", "0x8c", "", "%%1936", "0x4", "", "S-1-0-0", "-", "-", "0x0", "", "S-1-16-16384"], "record_number": 821}
{"event_id": 4688, "source_name": "Microsoft-Windows-Security-Auditing", "time_generated": "2025-05-20 11:35:56", "event_type": 8, "event_category": 13312, "computer_name": "UNICORN", "string_inserts": ["S-1-5-18", "-", "-", "0x3e7", "0xb8", "Registry", "%%1936", "0x4", "", "S-1-0-0", "-", "-", "0x0", "", "S-1-16-16384"], "record_number": 822}
{"event_id": 4696, "source_name": "Microsoft-Windows-Security-Auditing", "time_generated": "2025-05-20 11:35:56", "event_type": 8, "event_category": 13312, "computer_name": "UNICORN", "string_inserts": ["S-1-5-18", "-", "-", "0x3e7", "S-1-0-0", "-", "-", "0x3e7", "0xb8", "Registry", "0x4", ""], "record_number": 823}
{"event_id": 4826, "source_name": "Microsoft-Windows-Security-Auditing", "time_generated": "2025-05-20 11:35:56", "event_type": 8, "event_category": 13573, "computer_name": "UNICORN", "string_inserts": ["S-1-5-18", "-", "-", "0x3e7", "-", "%%1843", "%%1846", "%%1843", "%%1843", "%%1849", "%%1843", "%%1843", "%%1843", "-", "%%1849", "%%1843"], "record_number": 824}
{"event_id": 4688, "source_name": "Microsoft-Windows-Security-Auditing", "time_generated": "2025-05-20 11:35:56", "event_type": 8, "event_category": 13312, "computer_name": "UNICORN", "string_inserts": ["S-1-5-18", "-", "-", "0x3e7", "0x25c", "C:\\Windows\\System32\\smss.exe", "%%1936", "0x4", "", "S-1-0-0", "-", "-", "0x0", "", "S-1-16-16384"], "record_number": 825}
{"event_id": 4688, "source_name": "Microsoft-Windows-Security-Auditing", "time_generated": "2025-05-20 11:36:01", "event_type": 8, "event_category": 13312, "computer_name": "UNICORN", "string_inserts": ["S-1-5-18", "-", "-", "0x3e7", "0x2c8", "C:\\Windows\\System32\\autochk.exe", "%%1936", "0x25c", "", "S-1-0-0", "-", "-", "0x0", "C:\\Windows\\System32\\smss.exe", "S-1-16-16384"], "record_number": 826}
{"event_id": 4688, "source_name": "Microsoft-Windows-Security-Auditing", "time_generated": "2025-05-20 11:36:04", "event_type": 8, "event_category": 13312, "computer_name": "UNICORN", "string_inserts": ["S-1-5-18", "-", "-", "0x3e7", "0x38c", "C:\\Windows\\System32\\smss.exe", "%%1936", "0x25c", "", "S-1-0-0", "-", "-", "0x0", "C:\\Windows\\System32\\smss.exe", "S-1-16-16384"], "record_number": 827}
{"event_id": 4688, "source_name": "Microsoft-Windows-Security-Auditing", "time_generated": "2025-05-20 11:36:07", "event_type": 8, "event_category": 13312, "computer_name": "UNICORN", "string_inserts": ["S-1-5-18", "-", "-", "0x3e7", "0x39c", "C:\\Windows\\System32\\csrss.exe", "%%1936", "0x38c", "", "S-1-0-0", "-", "-", "0x0", "C:\\Windows\\System32\\smss.exe", "S-1-16-16384"], "record_number": 828}
{"event_id": 4688, "source_name": "Microsoft-Windows-Security-Auditing", "time_generated": "2025-05-20 11:36:08", "event_type": 8, "event_category": 13312, "computer_name": "UNICORN", "string_inserts": ["S-1-5-18", "-", "-", "0x3e7", "0x43c", "C:\\Windows\\System32\\smss.exe", "%%1936", "0x25c", "", "S-1-0-0", "-", "-", "0x0", "C:\\Windows\\System32\\smss.exe", "S-1-16-16384"], "record_number": 829}
{"event_id": 4688, "source_name": "Microsoft-Windows-Security-Auditing", "time_generated": "2025-05-20 11:36:08", "event_type": 8, "event_category": 13312, "computer_name": "UNICORN", "string_inserts": ["S-1-5-18", "-", "-", "0x3e7", "0x444", "C:\\Windows\\System32\\csrss.exe", "%%1936", "0x43c", "", "S-1-0-0", "-", "-", "0x0", "C:\\Windows\\System32\\smss.exe", "S-1-16-16384"], "record_number": 830}
{"event_id": 4688, "source_name": "Microsoft-Windows-Security-Auditing", "time_generated": "2025-05-20 11:36:08", "event_type": 8, "event_category": 13312, "computer_name": "UNICORN", "string_inserts": ["S-1-5-18", "-", "-", "0x3e7", "0x45c", "C:\\Windows\\System32\\wininit.exe", "%%1936", "0x38c", "", "S-1-0-0", "-", "-", "0x0", "C:\\Windows\\System32\\smss.exe", "S-1-16-16384"], "record_number": 831}
{"event_id": 4688, "source_name": "Microsoft-Windows-Security-Auditing", "time_generated": "2025-05-20 11:36:08", "event_type": 8, "event_category": 13312, "computer_name": "UNICORN", "string_inserts": ["S-1-5-18", "-", "-", "0x3e7", "0x48c", "C:\\Windows\\System32\\services.exe", "%%1936", "0x45c", "", "S-1-0-0", "-", "-", "0x0", "C:\\Windows\\System32\\wininit.exe", "S-1-16-16384"], "record_number": 832}
{"event_id": 4688, "source_name": "Microsoft-Windows-Security-Auditing", "time_generated": "2025-05-20 11:36:08", "event_type": 8, "event_category": 13312, "computer_name": "UNICORN", "string_inserts": ["S-1-5-18", "-", "-", "0x3e7", "0x494", "C:\\Windows\\System32\\LsaIso.exe", "%%1936", "0x45c", "", "S-1-0-0", "-", "-", "0x0", "C:\\Windows\\System32\\wininit.exe", "S-1-16-16384"], "record_number": 833}
{"event_id": 4688, "source_name": "Microsoft-Windows-Security-Auditing", "time_generated": "2025-05-20 11:36:08", "event_type": 8, "event_category": 13312, "computer_name": "UNICORN", "string_inserts": ["S-1-5-18", "-", "-", "0x3e7", "0x49c", "C:\\Windows\\System32\\lsass.exe", "%%1936", "0x45c", "", "S-1-0-0", "-", "-", "0x0", "C:\\Windows\\System32\\wininit.exe", "S-1-16-16384"], "record_number": 834}
{"event_id": 6417, "source_name": "Microsoft-Windows-Security-Auditing", "time_generated": "2025-05-20 11:36:08", "event_type": 8, "event_category": 12290, "computer_name": "UNICORN", "string_inserts": ["0x49c", "C:\\Windows\\System32\\lsass.exe"], "record_number": 835}
{"event_id": 4616, "source_name": "Microsoft-Windows-Security-Auditing", "time_generated": "2025-05-20 20:18:37", "event_type": 8, "event_category": 12288, "computer_name": "UNICORN", "string_inserts": ["S-1-5-19", "LOCAL SERVICE", "NT AUTHORITY", "0x3e5", "2025-05-20T14:48:37.4394900Z", "2025-05-20T14:48:37.4397358Z", "0x2004", "C:\\Windows\\System32\\svchost.exe"], "record_number": 836}
{"event_id": 4616, "source_name": "Microsoft-Windows-Security-Auditing", "time_generated": "2025-05-21 13:47:33", "event_type": 8, "event_category": 12288, "computer_name": "UNICORN", "string_inserts": ["S-1-5-19", "LOCAL SERVICE", "NT AUTHORITY", "0x3e5", "2025-05-21T08:17:33.3040249Z", "2025-05-21T08:17:33.3045774Z", "0x2004", "C:\\Windows\\System32\\svchost.exe"], "record_number": 837}
{"event_id": 4616, "source_name": "Microsoft-Windows-Security-Auditing", "time_generated": "2025-05-21 22:19:42", "event_type": 8, "event_category": 12288, "computer_name": "UNICORN", "string_inserts": ["S-1-5-19", "LOCAL SERVICE", "NT AUTHORITY", "0x3e5", "2025-05-21T16:49:42.7005302Z", "2025-05-21T16:49:42.7003473Z", "0x2004", "C:\\Windows\\System32\\svchost.exe"], "record_number": 838}
{"event_id": 4616, "source_name": "Microsoft-Windows-Security-Auditing", "time_generated": "2025-05-22 10:23:04", "event_type": 8, "event_category": 12288, "computer_name": "UNICORN", "string_inserts": ["S-1-5-19", "LOCAL SERVICE", "NT AUTHORITY", "0x3e5", "2025-05-22T04:53:04.2334754Z", "2025-05-22T04:53:04.2339792Z", "0x2004", "C:\\Windows\\System32\\svchost.exe"], "record_number": 839}
{"event_id": 4616, "source_name": "Microsoft-Windows-Security-Auditing", "time_generated": "2025-05-22 23:17:24", "event_type": 8, "event_category": 12288, "computer_name": "UNICORN", "string_inserts": ["S-1-5-19", "LOCAL SERVICE", "NT AUTHORITY", "0x3e5", "2025-05-22T17:47:24.9553619Z", "2025-05-22T17:47:24.9565414Z", "0x2004", "C:\\Windows\\System32\\svchost.exe"], "record_number": 840}
{"event_id": 4616, "source_name": "Microsoft-Windows-Security-Auditing", "time_generated": "2025-05-23 09:10:41", "event_type": 8, "event_category": 12288, "computer_name": "UNICORN", "string_inserts": ["S-1-5-19", "LOCAL SERVICE", "NT AUTHORITY", "0x3e5", "2025-05-23T03:40:41.5498346Z", "2025-05-23T03:40:41.5497437Z", "0x2004", "C:\\Windows\\System32\\svchost.exe"], "record_number": 841}
