{"event_id": 4688, "source_name": "Microsoft-Windows-Security-Auditing", "time_generated": "2025-01-30 20:22:17", "event_type": 8, "event_category": 13312, "computer_name": "UNICORN", "string_inserts": ["S-1-5-18", "-", "-", "0x3e7", "0x254", "C:\\Windows\\System32\\smss.exe", "%%1936", "0x4", "", "S-1-0-0", "-", "-", "0x0", "", "S-1-16-16384"], "record_number": 256}
{"event_id": 4688, "source_name": "Microsoft-Windows-Security-Auditing", "time_generated": "2025-01-30 20:22:21", "event_type": 8, "event_category": 13312, "computer_name": "UNICORN", "string_inserts": ["S-1-5-18", "-", "-", "0x3e7", "0x304", "C:\\Windows\\System32\\autochk.exe", "%%1936", "0x254", "", "S-1-0-0", "-", "-", "0x0", "C:\\Windows\\System32\\smss.exe", "S-1-16-16384"], "record_number": 257}
{"event_id": 4688, "source_name": "Microsoft-Windows-Security-Auditing", "time_generated": "2025-01-30 20:22:23", "event_type": 8, "event_category": 13312, "computer_name": "UNICORN", "string_inserts": ["S-1-5-18", "-", "-", "0x3e7", "0x3ac", "C:\\Windows\\System32\\smss.exe", "%%1936", "0x254", "", "S-1-0-0", "-", "-", "0x0", "C:\\Windows\\System32\\smss.exe", "S-1-16-16384"], "record_number": 258}
{"event_id": 4688, "source_name": "Microsoft-Windows-Security-Auditing", "time_generated": "2025-01-30 20:22:26", "event_type": 8, "event_category": 13312, "computer_name": "UNICORN", "string_inserts": ["S-1-5-18", "-", "-", "0x3e7", "0x248", "C:\\Windows\\System32\\csrss.exe", "%%1936", "0x3ac", "", "S-1-0-0", "-", "-", "0x0", "C:\\Windows\\System32\\smss.exe", "S-1-16-16384"], "record_number": 259}
{"event_id": 4688, "source_name": "Microsoft-Windows-Security-Auditing", "time_generated": "2025-01-30 20:22:27", "event_type": 8, "event_category": 13312, "computer_name": "UNICORN", "string_inserts": ["S-1-5-18", "-", "-", "0x3e7", "0x42c", "C:\\Windows\\System32\\smss.exe", "%%1936", "0x254", "", "S-1-0-0", "-", "-", "0x0", "C:\\Windows\\System32\\smss.exe", "S-1-16-16384"], "record_number": 260}
{"event_id": 4688, "source_name": "Microsoft-Windows-Security-Auditing", "time_generated": "2025-01-30 20:22:27", "event_type": 8, "event_category": 13312, "computer_name": "UNICORN", "string_inserts": ["S-1-5-18", "-", "-", "0x3e7", "0x438", "C:\\Windows\\System32\\wininit.exe", "%%1936", "0x3ac", "", "S-1-0-0", "-", "-", "0x0", "C:\\Windows\\System32\\smss.exe", "S-1-16-16384"], "record_number": 261}
{"event_id": 4688, "source_name": "Microsoft-Windows-Security-Auditing", "time_generated": "2025-01-30 20:22:27", "event_type": 8, "event_category": 13312, "computer_name": "UNICORN", "string_inserts": ["S-1-5-18", "-", "-", "0x3e7", "0x440", "C:\\Windows\\System32\\csrss.exe", "%%1936", "0x42c", "", "S-1-0-0", "-", "-", "0x0", "C:\\Windows\\System32\\smss.exe", "S-1-16-16384"], "record_number": 262}
{"event_id": 4688, "source_name": "Microsoft-Windows-Security-Auditing", "time_generated": "2025-01-30 20:22:27", "event_type": 8, "event_category": 13312, "computer_name": "UNICORN", "string_inserts": ["S-1-5-18", "-", "-", "0x3e7", "0x49c", "C:\\Windows\\System32\\winlogon.exe", "%%1936", "0x42c", "", "S-1-0-0", "-", "-", "0x0", "C:\\Windows\\System32\\smss.exe", "S-1-16-16384"], "record_number": 263}
{"event_id": 4688, "source_name": "Microsoft-Windows-Security-Auditing", "time_generated": "2025-01-30 20:22:27", "event_type": 8, "event_category": 13312, "computer_name": "UNICORN", "string_inserts": ["S-1-5-18", "-", "-", "0x3e7", "0x4b4", "C:\\Windows\\System32\\services.exe", "%%1936", "0x438", "", "S-1-0-0", "-", "-", "0x0", "C:\\Windows\\System32\\wininit.exe", "S-1-16-16384"], "record_number": 264}
{"event_id": 4688, "source_name": "Microsoft-Windows-Security-Auditing", "time_generated": "2025-01-30 20:22:27", "event_type": 8, "event_category": 13312, "computer_name": "UNICORN", "string_inserts": ["S-1-5-18", "-", "-", "0x3e7", "0x4d0", "C:\\Windows\\System32\\LsaIso.exe", "%%1936", "0x438", "", "S-1-0-0", "-", "-", "0x0", "C:\\Windows\\System32\\wininit.exe", "S-1-16-16384"], "record_number": 265}
{"event_id": 4688, "source_name": "Microsoft-Windows-Security-Auditing", "time_generated": "2025-01-30 20:22:27", "event_type": 8, "event_category": 13312, "computer_name": "UNICORN", "string_inserts": ["S-1-5-18", "-", "-", "0x3e7", "0x4e4", "C:\\Windows\\System32\\lsass.exe", "%%1936", "0x438", "", "S-1-0-0", "-", "-", "0x0", "C:\\Windows\\System32\\wininit.exe", "S-1-16-16384"], "record_number": 266}
{"event_id": 6417, "source_name": "Microsoft-Windows-Security-Auditing", "time_generated": "2025-01-30 20:22:27", "event_type": 8, "event_category": 12290, "computer_name": "UNICORN", "string_inserts": ["0x4e4", "C:\\Windows\\System32\\lsass.exe"], "record_number": 267}
{"event_id": 4616, "source_name": "Microsoft-Windows-Security-Auditing", "time_generated": "2025-01-31 12:02:45", "event_type": 8, "event_category": 12288, "computer_name": "UNICORN", "string_inserts": ["S-1-5-19", "LOCAL SERVICE", "NT AUTHORITY", "0x3e5", "2025-01-31T06:32:45.8740376Z", "2025-01-31T06:32:45.8731061Z", "0x1c94", "C:\\Windows\\System32\\svchost.exe"], "record_number": 268}
{"event_id": 4616, "source_name": "Microsoft-Windows-Security-Auditing", "time_generated": "2025-01-31 21:11:37", "event_type": 8, "event_category": 12288, "computer_name": "UNICORN", "string_inserts": ["S-1-5-19", "LOCAL SERVICE", "NT AUTHORITY", "0x3e5", "2025-01-31T15:41:37.0125809Z", "2025-01-31T15:41:37.0126507Z", "0x1c94", "C:\\Windows\\System32\\svchost.exe"], "record_number": 269}
{"event_id": 4616, "source_name": "Microsoft-Windows-Security-Auditing", "time_generated": "2025-02-01 10:05:54", "event_type": 8, "event_category": 12288, "computer_name": "UNICORN", "string_inserts": ["S-1-5-19", "LOCAL SERVICE", "NT AUTHORITY", "0x3e5", "2025-02-01T04:35:54.7489454Z", "2025-02-01T04:35:54.7485381Z", "0x1c94", "C:\\Windows\\System32\\svchost.exe"], "record_number": 270}
{"event_id": 4616, "source_name": "Microsoft-Windows-Security-Auditing", "time_generated": "2025-02-01 18:43:55", "event_type": 8, "event_category": 12288, "computer_name": "UNICORN", "string_inserts": ["S-1-5-19", "LOCAL SERVICE", "NT AUTHORITY", "0x3e5", "2025-02-01T13:13:54.3477403Z", "2025-02-01T13:13:55.4416837Z", "0x1c94", "C:\\Windows\\System32\\svchost.exe"], "record_number": 271}
{"event_id": 4616, "source_name": "Microsoft-Windows-Security-Auditing", "time_generated": "2025-02-01 18:43:55", "event_type": 8, "event_category": 12288, "computer_name": "UNICORN", "string_inserts": ["S-1-5-19", "LOCAL SERVICE", "NT AUTHORITY", "0x3e5", "2025-02-01T13:13:55.4420152Z", "2025-02-01T13:13:55.4437519Z", "0x1c94", "C:\\Windows\\System32\\svchost.exe"], "record_number": 272}
{"event_id": 4616, "source_name": "Microsoft-Windows-Security-Auditing", "time_generated": "2025-02-02 20:21:13", "event_type": 8, "event_category": 12288, "computer_name": "UNICORN", "string_inserts": ["S-1-5-19", "LOCAL SERVICE", "NT AUTHORITY", "0x3e5", "2025-02-02T14:51:13.2014719Z", "2025-02-02T14:51:13.2019011Z", "0x1c94", "C:\\Windows\\System32\\svchost.exe"], "record_number": 273}
{"event_id": 4616, "source_name": "Microsoft-Windows-Security-Auditing", "time_generated": "2025-02-03 13:29:31", "event_type": 8, "event_category": 12288, "computer_name": "UNICORN", "string_inserts": ["S-1-5-19", "LOCAL SERVICE", "NT AUTHORITY", "0x3e5", "2025-02-03T07:59:31.0440524Z", "2025-02-03T07:59:31.0445837Z", "0x1c94", "C:\\Windows\\System32\\svchost.exe"], "record_number": 274}
{"event_id": 4616, "source_name": "Microsoft-Windows-Security-Auditing", "time_generated": "2025-02-04 20:59:40", "event_type": 8, "event_category": 12288, "computer_name": "UNICORN", "string_inserts": ["S-1-5-19", "LOCAL SERVICE", "NT AUTHORITY", "0x3e5", "2025-02-04T15:29:40.6647109Z", "2025-02-04T15:29:40.6645392Z", "0x1c94", "C:\\Windows\\System32\\svchost.exe"], "record_number": 275}
{"event_id": 4616, "source_name": "Microsoft-Windows-Security-Auditing", "time_generated": "2025-02-05 10:31:33", "event_type": 8, "event_category": 12288, "computer_name": "UNICORN", "string_inserts": ["S-1-5-19", "LOCAL SERVICE", "NT AUTHORITY", "0x3e5", "2025-02-05T05:01:33.3201351Z", "2025-02-05T05:01:33.3202637Z", "0x1c94", "C:\\Windows\\System32\\svchost.exe"], "record_number": 276}
{"event_id": 4616, "source_name": "Microsoft-Windows-Security-Auditing", "time_generated": "2025-02-05 21:19:03", "event_type": 8, "event_category": 12288, "computer_name": "UNICORN", "string_inserts": ["S-1-5-19", "LOCAL SERVICE", "NT AUTHORITY", "0x3e5", "2025-02-05T15:49:03.5433307Z", "2025-02-05T15:49:03.5518209Z", "0x1c94", "C:\\Windows\\System32\\svchost.exe"], "record_number": 277}
{"event_id": 4616, "source_name": "Microsoft-Windows-Security-Auditing", "time_generated": "2025-02-06 12:17:26", "event_type": 8, "event_category": 12288, "computer_name": "UNICORN", "string_inserts": ["S-1-5-19", "LOCAL SERVICE", "NT AUTHORITY", "0x3e5", "2025-02-06T06:47:26.9511671Z", "2025-02-06T06:47:26.9514278Z", "0x1c94", "C:\\Windows\\System32\\svchost.exe"], "record_number": 278}
{"event_id": 4616, "source_name": "Microsoft-Windows-Security-Auditing", "time_generated": "2025-02-06 20:21:16", "event_type": 8, "event_category": 12288, "computer_name": "UNICORN", "string_inserts": ["S-1-5-19", "LOCAL SERVICE", "NT AUTHORITY", "0x3e5", "2025-02-06T14:51:16.1739648Z", "2025-02-06T14:51:16.1741437Z", "0x1c94", "C:\\Windows\\System32\\svchost.exe"], "record_number": 279}
{"event_id": 4616, "source_name": "Microsoft-Windows-Security-Auditing", "time_generated": "2025-02-07 10:24:13", "event_type": 8, "event_category": 12288, "computer_name": "UNICORN", "string_inserts": ["S-1-5-19", "LOCAL SERVICE", "NT AUTHORITY", "0x3e5", "2025-02-07T04:54:13.8999790Z", "2025-02-07T04:54:13.8977421Z", "0x1c94", "C:\\Windows\\System32\\svchost.exe"], "record_number": 280}
{"event_id": 4616, "source_name": "Microsoft-Windows-Security-Auditing", "time_generated": "2025-02-07 20:31:27", "event_type": 8, "event_category": 12288, "computer_name": "UNICORN", "string_inserts": ["S-1-5-19", "LOCAL SERVICE", "NT AUTHORITY", "0x3e5", "2025-02-07T15:01:27.4267252Z", "2025-02-07T15:01:27.4267713Z", "0x1c94", "C:\\Windows\\System32\\svchost.exe"], "record_number": 281}
{"event_id": 4616, "source_name": "Microsoft-Windows-Security-Auditing", "time_generated": "2025-02-08 11:32:05", "event_type": 8, "event_category": 12288, "computer_name": "UNICORN", "string_inserts": ["S-1-5-19", "LOCAL SERVICE", "NT AUTHORITY", "0x3e5", "2025-02-08T06:02:05.7829262Z", "2025-02-08T06:02:05.7827324Z", "0x1c94", "C:\\Windows\\System32\\svchost.exe"], "record_number": 282}
{"event_id": 4616, "source_name": "Microsoft-Windows-Security-Auditing", "time_generated": "2025-02-08 20:25:41", "event_type": 8, "event_category": 12288, "computer_name": "UNICORN", "string_inserts": ["S-1-5-19", "LOCAL SERVICE", "NT AUTHORITY", "0x3e5", "2025-02-08T14:55:41.0149266Z", "2025-02-08T14:55:41.0148579Z", "0x1c94", "C:\\Windows\\System32\\svchost.exe"], "record_number": 283}
{"event_id": 4616, "source_name": "Microsoft-Windows-Security-Auditing", "time_generated": "2025-02-09 12:09:38", "event_type": 8, "event_category": 12288, "computer_name": "UNICORN", "string_inserts": ["S-1-5-19", "LOCAL SERVICE", "NT AUTHORITY", "0x3e5", "2025-02-09T06:39:38.6222533Z", "2025-02-09T06:39:38.6253453Z", "0x1c94", "C:\\Windows\\System32\\svchost.exe"], "record_number": 284}
{"event_id": 4616, "source_name": "Microsoft-Windows-Security-Auditing", "time_generated": "2025-02-10 10:41:14", "event_type": 8, "event_category": 12288, "computer_name": "UNICORN", "string_inserts": ["S-1-5-19", "LOCAL SERVICE", "NT AUTHORITY", "0x3e5", "2025-02-10T05:11:14.7468353Z", "2025-02-10T05:11:14.7468679Z", "0x1c94", "C:\\Windows\\System32\\svchost.exe"], "record_number": 285}
{"event_id": 4616, "source_name": "Microsoft-Windows-Security-Auditing", "time_generated": "2025-02-10 19:45:15", "event_type": 8, "event_category": 12288, "computer_name": "UNICORN", "string_inserts": ["S-1-5-19", "LOCAL SERVICE", "NT AUTHORITY", "0x3e5", "2025-02-10T14:15:15.5041950Z", "2025-02-10T14:15:15.5048670Z", "0x1c94", "C:\\Windows\\System32\\svchost.exe"], "record_number": 286}
{"event_id": 4616, "source_name": "Microsoft-Windows-Security-Auditing", "time_generated": "2025-02-11 19:56:41", "event_type": 8, "event_category": 12288, "computer_name": "UNICORN", "string_inserts": ["S-1-5-19", "LOCAL SERVICE", "NT AUTHORITY", "0x3e5", "2025-02-11T14:26:41.5284753Z", "2025-02-11T14:26:41.5298435Z", "0x1c94", "C:\\Windows\\System32\\svchost.exe"], "record_number": 287}
{"event_id": 4616, "source_name": "Microsoft-Windows-Security-Auditing", "time_generated": "2025-02-12 20:24:54", "event_type": 8, "event_category": 12288, "computer_name": "UNICORN", "string_inserts": ["S-1-5-19", "LOCAL SERVICE", "NT AUTHORITY", "0x3e5", "2025-02-12T14:54:54.0962216Z", "2025-02-12T14:54:54.0959235Z", "0x1c94", "C:\\Windows\\System32\\svchost.exe"], "record_number": 288}
{"event_id": 4616, "source_name": "Microsoft-Windows-Security-Auditing", "time_generated": "2025-02-13 11:31:14", "event_type": 8, "event_category": 12288, "computer_name": "UNICORN", "string_inserts": ["S-1-5-19", "LOCAL SERVICE", "NT AUTHORITY", "0x3e5", "2025-02-13T06:01:14.0127191Z", "2025-02-13T06:01:14.0131421Z", "0x1c94", "C:\\Windows\\System32\\svchost.exe"], "record_number": 289}
{"event_id": 4616, "source_name": "Microsoft-Windows-Security-Auditing", "time_generated": "2025-02-13 20:35:07", "event_type": 8, "event_category": 12288, "computer_name": "UNICORN", "string_inserts": ["S-1-5-19", "LOCAL SERVICE", "NT AUTHORITY", "0x3e5", "2025-02-13T15:05:07.2267316Z", "2025-02-13T15:05:07.2269185Z", "0x1c94", "C:\\Windows\\System32\\svchost.exe"], "record_number": 290}
{"event_id": 1101, "source_name": "Microsoft-Windows-Eventlog", "time_generated": "2025-02-14 11:22:59", "event_type": 8, "event_category": 101, "computer_name": "UNICORN", "string_inserts": ["0"], "record_number": 291}
{"event_id": 4688, "source_name": "Microsoft-Windows-Security-Auditing", "time_generated": "2025-02-14 11:22:08", "event_type": 8, "event_category": 13312, "computer_name": "UNICORN", "string_inserts": ["S-1-5-18", "-", "-", "0x3e7", "0x8c", "", "%%1936", "0x4", "", "S-1-0-0", "-", "-", "0x0", "", "S-1-16-16384"], "record_number": 292}
{"event_id": 4688, "source_name": "Microsoft-Windows-Security-Auditing", "time_generated": "2025-02-14 11:22:08", "event_type": 8, "event_category": 13312, "computer_name": "UNICORN", "string_inserts": ["S-1-5-18", "-", "-", "0x3e7", "0xb8", "Registry", "%%1936", "0x4", "", "S-1-0-0", "-", "-", "0x0", "", "S-1-16-16384"], "record_number": 293}
{"event_id": 4696, "source_name": "Microsoft-Windows-Security-Auditing", "time_generated": "2025-02-14 11:22:08", "event_type": 8, "event_category": 13312, "computer_name": "UNICORN", "string_inserts": ["S-1-5-18", "-", "-", "0x3e7", "S-1-0-0", "-", "-", "0x3e7", "0xb8", "Registry", "0x4", ""], "record_number": 294}
{"event_id": 4826, "source_name": "Microsoft-Windows-Security-Auditing", "time_generated": "2025-02-14 11:22:08", "event_type": 8, "event_category": 13573, "computer_name": "UNICORN", "string_inserts": ["S-1-5-18", "-", "-", "0x3e7", "-", "%%1843", "%%1846", "%%1843", "%%1843", "%%1849", "%%1843", "%%1843", "%%1843", "-", "%%1849", "%%1843"], "record_number": 295}
{"event_id": 4688, "source_name": "Microsoft-Windows-Security-Auditing", "time_generated": "2025-02-14 11:22:08", "event_type": 8, "event_category": 13312, "computer_name": "UNICORN", "string_inserts": ["S-1-5-18", "-", "-", "0x3e7", "0x258", "C:\\Windows\\System32\\smss.exe", "%%1936", "0x4", "", "S-1-0-0", "-", "-", "0x0", "", "S-1-16-16384"], "record_number": 296}
{"event_id": 4688, "source_name": "Microsoft-Windows-Security-Auditing", "time_generated": "2025-02-14 11:22:11", "event_type": 8, "event_category": 13312, "computer_name": "UNICORN", "string_inserts": ["S-1-5-18", "-", "-", "0x3e7", "0x320", "C:\\Windows\\System32\\autochk.exe", "%%1936", "0x258", "", "S-1-0-0", "-", "-", "0x0", "C:\\Windows\\System32\\smss.exe", "S-1-16-16384"], "record_number": 297}
{"event_id": 4688, "source_name": "Microsoft-Windows-Security-Auditing", "time_generated": "2025-02-14 11:22:15", "event_type": 8, "event_category": 13312, "computer_name": "UNICORN", "string_inserts": ["S-1-5-18", "-", "-", "0x3e7", "0x448", "C:\\Windows\\System32\\smss.exe", "%%1936", "0x258", "", "S-1-0-0", "-", "-", "0x0", "C:\\Windows\\System32\\smss.exe", "S-1-16-16384"], "record_number": 298}
{"event_id": 4688, "source_name": "Microsoft-Windows-Security-Auditing", "time_generated": "2025-02-14 11:22:15", "event_type": 8, "event_category": 13312, "computer_name": "UNICORN", "string_inserts": ["S-1-5-18", "-", "-", "0x3e7", "0x458", "C:\\Windows\\System32\\csrss.exe", "%%1936", "0x448", "", "S-1-0-0", "-", "-", "0x0", "C:\\Windows\\System32\\smss.exe", "S-1-16-16384"], "record_number": 299}
{"event_id": 4688, "source_name": "Microsoft-Windows-Security-Auditing", "time_generated": "2025-02-14 11:22:15", "event_type": 8, "event_category": 13312, "computer_name": "UNICORN", "string_inserts": ["S-1-5-18", "-", "-", "0x3e7", "0x4a8", "C:\\Windows\\System32\\smss.exe", "%%1936", "0x258", "", "S-1-0-0", "-", "-", "0x0", "C:\\Windows\\System32\\smss.exe", "S-1-16-16384"], "record_number": 300}
{"event_id": 4688, "source_name": "Microsoft-Windows-Security-Auditing", "time_generated": "2025-02-14 11:22:15", "event_type": 8, "event_category": 13312, "computer_name": "UNICORN", "string_inserts": ["S-1-5-18", "-", "-", "0x3e7", "0x4b0", "C:\\Windows\\System32\\wininit.exe", "%%1936", "0x448", "", "S-1-0-0", "-", "-", "0x0", "C:\\Windows\\System32\\smss.exe", "S-1-16-16384"], "record_number": 301}
{"event_id": 4688, "source_name": "Microsoft-Windows-Security-Auditing", "time_generated": "2025-02-14 11:22:15", "event_type": 8, "event_category": 13312, "computer_name": "UNICORN", "string_inserts": ["S-1-5-18", "-", "-", "0x3e7", "0x4b8", "C:\\Windows\\System32\\csrss.exe", "%%1936", "0x4a8", "", "S-1-0-0", "-", "-", "0x0", "C:\\Windows\\System32\\smss.exe", "S-1-16-16384"], "record_number": 302}
{"event_id": 4688, "source_name": "Microsoft-Windows-Security-Auditing", "time_generated": "2025-02-14 11:22:15", "event_type": 8, "event_category": 13312, "computer_name": "UNICORN", "string_inserts": ["S-1-5-18", "-", "-", "0x3e7", "0x514", "C:\\Windows\\System32\\winlogon.exe", "%%1936", "0x4a8", "", "S-1-0-0", "-", "-", "0x0", "C:\\Windows\\System32\\smss.exe", "S-1-16-16384"], "record_number": 303}
{"event_id": 4688, "source_name": "Microsoft-Windows-Security-Auditing", "time_generated": "2025-02-14 11:22:15", "event_type": 8, "event_category": 13312, "computer_name": "UNICORN", "string_inserts": ["S-1-5-18", "-", "-", "0x3e7", "0x53c", "C:\\Windows\\System32\\services.exe", "%%1936", "0x4b0", "", "S-1-0-0", "-", "-", "0x0", "C:\\Windows\\System32\\wininit.exe", "S-1-16-16384"], "record_number": 304}
{"event_id": 4688, "source_name": "Microsoft-Windows-Security-Auditing", "time_generated": "2025-02-14 11:22:15", "event_type": 8, "event_category": 13312, "computer_name": "UNICORN", "string_inserts": ["S-1-5-18", "-", "-", "0x3e7", "0x548", "C:\\Windows\\System32\\LsaIso.exe", "%%1936", "0x4b0", "", "S-1-0-0", "-", "-", "0x0", "C:\\Windows\\System32\\wininit.exe", "S-1-16-16384"], "record_number": 305}
{"event_id": 4688, "source_name": "Microsoft-Windows-Security-Auditing", "time_generated": "2025-02-14 11:22:15", "event_type": 8, "event_category": 13312, "computer_name": "UNICORN", "string_inserts": ["S-1-5-18", "-", "-", "0x3e7", "0x55c", "C:\\Windows\\System32\\lsass.exe", "%%1936", "0x4b0", "", "S-1-0-0", "-", "-", "0x0", "C:\\Windows\\System32\\wininit.exe", "S-1-16-16384"], "record_number": 306}
{"event_id": 6417, "source_name": "Microsoft-Windows-Security-Auditing", "time_generated": "2025-02-14 11:22:15", "event_type": 8, "event_category": 12290, "computer_name": "UNICORN", "string_inserts": ["0x55c", "C:\\Windows\\System32\\lsass.exe"], "record_number": 307}
{"event_id": 1100, "source_name": "Microsoft-Windows-Eventlog", "time_generated": "2025-02-14 11:23:15", "event_type": 8, "event_category": 103, "computer_name": "UNICORN", "string_inserts": null, "record_number": 308}
{"event_id": 4688, "source_name": "Microsoft-Windows-Security-Auditing", "time_generated": "2025-02-14 11:23:33", "event_type": 8, "event_category": 13312, "computer_name": "UNICORN", "string_inserts": ["S-1-5-18", "-", "-", "0x3e7", "0x8c", "", "%%1936", "0x4", "", "S-1-0-0", "-", "-", "0x0", "", "S-1-16-16384"], "record_number": 309}
{"event_id": 4688, "source_name": "Microsoft-Windows-Security-Auditing", "time_generated": "2025-02-14 11:23:33", "event_type": 8, "event_category": 13312, "computer_name": "UNICORN", "string_inserts": ["S-1-5-18", "-", "-", "0x3e7", "0xb8", "Registry", "%%1936", "0x4", "", "S-1-0-0", "-", "-", "0x0", "", "S-1-16-16384"], "record_number": 310}
{"event_id": 4696, "source_name": "Microsoft-Windows-Security-Auditing", "time_generated": "2025-02-14 11:23:33", "event_type": 8, "event_category": 13312, "computer_name": "UNICORN", "string_inserts": ["S-1-5-18", "-", "-", "0x3e7", "S-1-0-0", "-", "-", "0x3e7", "0xb8", "Registry", "0x4", ""], "record_number": 311}
{"event_id": 4826, "source_name": "Microsoft-Windows-Security-Auditing", "time_generated": "2025-02-14 11:23:33", "event_type": 8, "event_category": 13573, "computer_name": "UNICORN", "string_inserts": ["S-1-5-18", "-", "-", "0x3e7", "-", "%%1843", "%%1846", "%%1843", "%%1843", "%%1849", "%%1843", "%%1843", "%%1843", "-", "%%1849", "%%1843"], "record_number": 312}
{"event_id": 4688, "source_name": "Microsoft-Windows-Security-Auditing", "time_generated": "2025-02-14 11:23:33", "event_type": 8, "event_category": 13312, "computer_name": "UNICORN", "string_inserts": ["S-1-5-18", "-", "-", "0x3e7", "0x254", "C:\\Windows\\System32\\smss.exe", "%%1936", "0x4", "", "S-1-0-0", "-", "-", "0x0", "", "S-1-16-16384"], "record_number": 313}
{"event_id": 4688, "source_name": "Microsoft-Windows-Security-Auditing", "time_generated": "2025-02-14 11:23:36", "event_type": 8, "event_category": 13312, "computer_name": "UNICORN", "string_inserts": ["S-1-5-18", "-", "-", "0x3e7", "0x300", "C:\\Windows\\System32\\autochk.exe", "%%1936", "0x254", "", "S-1-0-0", "-", "-", "0x0", "C:\\Windows\\System32\\smss.exe", "S-1-16-16384"], "record_number": 314}
{"event_id": 4688, "source_name": "Microsoft-Windows-Security-Auditing", "time_generated": "2025-02-14 11:23:39", "event_type": 8, "event_category": 13312, "computer_name": "UNICORN", "string_inserts": ["S-1-5-18", "-", "-", "0x3e7", "0x308", "C:\\Windows\\System32\\smss.exe", "%%1936", "0x254", "", "S-1-0-0", "-", "-", "0x0", "C:\\Windows\\System32\\smss.exe", "S-1-16-16384"], "record_number": 315}
{"event_id": 4688, "source_name": "Microsoft-Windows-Security-Auditing", "time_generated": "2025-02-14 11:23:39", "event_type": 8, "event_category": 13312, "computer_name": "UNICORN", "string_inserts": ["S-1-5-18", "-", "-", "0x3e7", "0x300", "C:\\Windows\\System32\\csrss.exe", "%%1936", "0x308", "", "S-1-0-0", "-", "-", "0x0", "C:\\Windows\\System32\\smss.exe", "S-1-16-16384"], "record_number": 316}
{"event_id": 4688, "source_name": "Microsoft-Windows-Security-Auditing", "time_generated": "2025-02-14 11:23:39", "event_type": 8, "event_category": 13312, "computer_name": "UNICORN", "string_inserts": ["S-1-5-18", "-", "-", "0x3e7", "0x42c", "C:\\Windows\\System32\\smss.exe", "%%1936", "0x254", "", "S-1-0-0", "-", "-", "0x0", "C:\\Windows\\System32\\smss.exe", "S-1-16-16384"], "record_number": 317}
{"event_id": 4688, "source_name": "Microsoft-Windows-Security-Auditing", "time_generated": "2025-02-14 11:23:39", "event_type": 8, "event_category": 13312, "computer_name": "UNICORN", "string_inserts": ["S-1-5-18", "-", "-", "0x3e7", "0x438", "C:\\Windows\\System32\\wininit.exe", "%%1936", "0x308", "", "S-1-0-0", "-", "-", "0x0", "C:\\Windows\\System32\\smss.exe", "S-1-16-16384"], "record_number": 318}
{"event_id": 4688, "source_name": "Microsoft-Windows-Security-Auditing", "time_generated": "2025-02-14 11:23:39", "event_type": 8, "event_category": 13312, "computer_name": "UNICORN", "string_inserts": ["S-1-5-18", "-", "-", "0x3e7", "0x440", "C:\\Windows\\System32\\csrss.exe", "%%1936", "0x42c", "", "S-1-0-0", "-", "-", "0x0", "C:\\Windows\\System32\\smss.exe", "S-1-16-16384"], "record_number": 319}
{"event_id": 4688, "source_name": "Microsoft-Windows-Security-Auditing", "time_generated": "2025-02-14 11:23:39", "event_type": 8, "event_category": 13312, "computer_name": "UNICORN", "string_inserts": ["S-1-5-18", "-", "-", "0x3e7", "0x480", "C:\\Windows\\System32\\winlogon.exe", "%%1936", "0x42c", "", "S-1-0-0", "-", "-", "0x0", "C:\\Windows\\System32\\smss.exe", "S-1-16-16384"], "record_number": 320}
{"event_id": 4688, "source_name": "Microsoft-Windows-Security-Auditing", "time_generated": "2025-02-14 11:23:39", "event_type": 8, "event_category": 13312, "computer_name": "UNICORN", "string_inserts": ["S-1-5-18", "-", "-", "0x3e7", "0x4c8", "C:\\Windows\\System32\\services.exe", "%%1936", "0x438", "", "S-1-0-0", "-", "-", "0x0", "C:\\Windows\\System32\\wininit.exe", "S-1-16-16384"], "record_number": 321}
{"event_id": 4688, "source_name": "Microsoft-Windows-Security-Auditing", "time_generated": "2025-02-14 11:23:39", "event_type": 8, "event_category": 13312, "computer_name": "UNICORN", "string_inserts": ["S-1-5-18", "-", "-", "0x3e7", "0x4dc", "C:\\Windows\\System32\\LsaIso.exe", "%%1936", "0x438", "", "S-1-0-0", "-", "-", "0x0", "C:\\Windows\\System32\\wininit.exe", "S-1-16-16384"], "record_number": 322}
{"event_id": 4688, "source_name": "Microsoft-Windows-Security-Auditing", "time_generated": "2025-02-14 11:23:39", "event_type": 8, "event_category": 13312, "computer_name": "UNICORN", "string_inserts": ["S-1-5-18", "-", "-", "0x3e7", "0x4e4", "C:\\Windows\\System32\\lsass.exe", "%%1936", "0x438", "", "S-1-0-0", "-", "-", "0x0", "C:\\Windows\\System32\\wininit.exe", "S-1-16-16384"], "record_number": 323}
{"event_id": 6417, "source_name": "Microsoft-Windows-Security-Auditing", "time_generated": "2025-02-14 11:23:39", "event_type": 8, "event_category": 12290, "computer_name": "UNICORN", "string_inserts": ["0x4e4", "C:\\Windows\\System32\\lsass.exe"], "record_number": 324}
{"event_id": 1100, "source_name": "Microsoft-Windows-Eventlog", "time_generated": "2025-02-14 12:32:54", "event_type": 8, "event_category": 103, "computer_name": "UNICORN", "string_inserts": null, "record_number": 325}
{"event_id": 4688, "source_name": "Microsoft-Windows-Security-Auditing", "time_generated": "2025-02-14 12:33:08", "event_type": 8, "event_category": 13312, "computer_name": "UNICORN", "string_inserts": ["S-1-5-18", "-", "-", "0x3e7", "0x8c", "", "%%1936", "0x4", "", "S-1-0-0", "-", "-", "0x0", "", "S-1-16-16384"], "record_number": 326}
{"event_id": 4688, "source_name": "Microsoft-Windows-Security-Auditing", "time_generated": "2025-02-14 12:33:08", "event_type": 8, "event_category": 13312, "computer_name": "UNICORN", "string_inserts": ["S-1-5-18", "-", "-", "0x3e7", "0xb8", "Registry", "%%1936", "0x4", "", "S-1-0-0", "-", "-", "0x0", "", "S-1-16-16384"], "record_number": 327}
{"event_id": 4696, "source_name": "Microsoft-Windows-Security-Auditing", "time_generated": "2025-02-14 12:33:08", "event_type": 8, "event_category": 13312, "computer_name": "UNICORN", "string_inserts": ["S-1-5-18", "-", "-", "0x3e7", "S-1-0-0", "-", "-", "0x3e7", "0xb8", "Registry", "0x4", ""], "record_number": 328}
{"event_id": 4826, "source_name": "Microsoft-Windows-Security-Auditing", "time_generated": "2025-02-14 12:33:08", "event_type": 8, "event_category": 13573, "computer_name": "UNICORN", "string_inserts": ["S-1-5-18", "-", "-", "0x3e7", "-", "%%1843", "%%1846", "%%1843", "%%1843", "%%1849", "%%1843", "%%1843", "%%1843", "-", "%%1849", "%%1843"], "record_number": 329}
{"event_id": 4688, "source_name": "Microsoft-Windows-Security-Auditing", "time_generated": "2025-02-14 12:33:08", "event_type": 8, "event_category": 13312, "computer_name": "UNICORN", "string_inserts": ["S-1-5-18", "-", "-", "0x3e7", "0x254", "C:\\Windows\\System32\\smss.exe", "%%1936", "0x4", "", "S-1-0-0", "-", "-", "0x0", "", "S-1-16-16384"], "record_number": 330}
{"event_id": 4688, "source_name": "Microsoft-Windows-Security-Auditing", "time_generated": "2025-02-14 12:33:10", "event_type": 8, "event_category": 13312, "computer_name": "UNICORN", "string_inserts": ["S-1-5-18", "-", "-", "0x3e7", "0x2b4", "C:\\Windows\\System32\\autochk.exe", "%%1936", "0x254", "", "S-1-0-0", "-", "-", "0x0", "C:\\Windows\\System32\\smss.exe", "S-1-16-16384"], "record_number": 331}
{"event_id": 4688, "source_name": "Microsoft-Windows-Security-Auditing", "time_generated": "2025-02-14 12:33:12", "event_type": 8, "event_category": 13312, "computer_name": "UNICORN", "string_inserts": ["S-1-5-18", "-", "-", "0x3e7", "0x3a8", "C:\\Windows\\System32\\smss.exe", "%%1936", "0x254", "", "S-1-0-0", "-", "-", "0x0", "C:\\Windows\\System32\\smss.exe", "S-1-16-16384"], "record_number": 332}
{"event_id": 4688, "source_name": "Microsoft-Windows-Security-Auditing", "time_generated": "2025-02-14 12:33:14", "event_type": 8, "event_category": 13312, "computer_name": "UNICORN", "string_inserts": ["S-1-5-18", "-", "-", "0x3e7", "0x248", "C:\\Windows\\System32\\csrss.exe", "%%1936", "0x3a8", "", "S-1-0-0", "-", "-", "0x0", "C:\\Windows\\System32\\smss.exe", "S-1-16-16384"], "record_number": 333}
{"event_id": 4688, "source_name": "Microsoft-Windows-Security-Auditing", "time_generated": "2025-02-14 12:33:15", "event_type": 8, "event_category": 13312, "computer_name": "UNICORN", "string_inserts": ["S-1-5-18", "-", "-", "0x3e7", "0x42c", "C:\\Windows\\System32\\smss.exe", "%%1936", "0x254", "", "S-1-0-0", "-", "-", "0x0", "C:\\Windows\\System32\\smss.exe", "S-1-16-16384"], "record_number": 334}
{"event_id": 4688, "source_name": "Microsoft-Windows-Security-Auditing", "time_generated": "2025-02-14 12:33:15", "event_type": 8, "event_category": 13312, "computer_name": "UNICORN", "string_inserts": ["S-1-5-18", "-", "-", "0x3e7", "0x434", "C:\\Windows\\System32\\wininit.exe", "%%1936", "0x3a8", "", "S-1-0-0", "-", "-", "0x0", "C:\\Windows\\System32\\smss.exe", "S-1-16-16384"], "record_number": 335}
{"event_id": 4688, "source_name": "Microsoft-Windows-Security-Auditing", "time_generated": "2025-02-14 12:33:15", "event_type": 8, "event_category": 13312, "computer_name": "UNICORN", "string_inserts": ["S-1-5-18", "-", "-", "0x3e7", "0x440", "C:\\Windows\\System32\\csrss.exe", "%%1936", "0x42c", "", "S-1-0-0", "-", "-", "0x0", "C:\\Windows\\System32\\smss.exe", "S-1-16-16384"], "record_number": 336}
{"event_id": 4688, "source_name": "Microsoft-Windows-Security-Auditing", "time_generated": "2025-02-14 12:33:15", "event_type": 8, "event_category": 13312, "computer_name": "UNICORN", "string_inserts": ["S-1-5-18", "-", "-", "0x3e7", "0x49c", "C:\\Windows\\System32\\winlogon.exe", "%%1936", "0x42c", "", "S-1-0-0", "-", "-", "0x0", "C:\\Windows\\System32\\smss.exe", "S-1-16-16384"], "record_number": 337}
{"event_id": 4688, "source_name": "Microsoft-Windows-Security-Auditing", "time_generated": "2025-02-14 12:33:15", "event_type": 8, "event_category": 13312, "computer_name": "UNICORN", "string_inserts": ["S-1-5-18", "-", "-", "0x3e7", "0x4c8", "C:\\Windows\\System32\\services.exe", "%%1936", "0x434", "", "S-1-0-0", "-", "-", "0x0", "C:\\Windows\\System32\\wininit.exe", "S-1-16-16384"], "record_number": 338}
{"event_id": 4688, "source_name": "Microsoft-Windows-Security-Auditing", "time_generated": "2025-02-14 12:33:15", "event_type": 8, "event_category": 13312, "computer_name": "UNICORN", "string_inserts": ["S-1-5-18", "-", "-", "0x3e7", "0x4d8", "C:\\Windows\\System32\\LsaIso.exe", "%%1936", "0x434", "", "S-1-0-0", "-", "-", "0x0", "C:\\Windows\\System32\\wininit.exe", "S-1-16-16384"], "record_number": 339}
{"event_id": 4688, "source_name": "Microsoft-Windows-Security-Auditing", "time_generated": "2025-02-14 12:33:15", "event_type": 8, "event_category": 13312, "computer_name": "UNICORN", "string_inserts": ["S-1-5-18", "-", "-", "0x3e7", "0x4e4", "C:\\Windows\\System32\\lsass.exe", "%%1936", "0x434", "", "S-1-0-0", "-", "-", "0x0", "C:\\Windows\\System32\\wininit.exe", "S-1-16-16384"], "record_number": 340}
{"event_id": 6417, "source_name": "Microsoft-Windows-Security-Auditing", "time_generated": "2025-02-14 12:33:15", "event_type": 8, "event_category": 12290, "computer_name": "UNICORN", "string_inserts": ["0x4e4", "C:\\Windows\\System32\\lsass.exe"], "record_number": 341}
{"event_id": 1100, "source_name": "Microsoft-Windows-Eventlog", "time_generated": "2025-02-14 12:34:03", "event_type": 8, "event_category": 103, "computer_name": "UNICORN", "string_inserts": null, "record_number": 342}
{"event_id": 4688, "source_name": "Microsoft-Windows-Security-Auditing", "time_generated": "2025-02-14 12:34:19", "event_type": 8, "event_category": 13312, "computer_name": "UNICORN", "string_inserts": ["S-1-5-18", "-", "-", "0x3e7", "0x8c", "", "%%1936", "0x4", "", "S-1-0-0", "-", "-", "0x0", "", "S-1-16-16384"], "record_number": 343}
{"event_id": 4688, "source_name": "Microsoft-Windows-Security-Auditing", "time_generated": "2025-02-14 12:34:19", "event_type": 8, "event_category": 13312, "computer_name": "UNICORN", "string_inserts": ["S-1-5-18", "-", "-", "0x3e7", "0xb8", "Registry", "%%1936", "0x4", "", "S-1-0-0", "-", "-", "0x0", "", "S-1-16-16384"], "record_number": 344}
{"event_id": 4696, "source_name": "Microsoft-Windows-Security-Auditing", "time_generated": "2025-02-14 12:34:19", "event_type": 8, "event_category": 13312, "computer_name": "UNICORN", "string_inserts": ["S-1-5-18", "-", "-", "0x3e7", "S-1-0-0", "-", "-", "0x3e7", "0xb8", "Registry", "0x4", ""], "record_number": 345}
{"event_id": 4826, "source_name": "Microsoft-Windows-Security-Auditing", "time_generated": "2025-02-14 12:34:19", "event_type": 8, "event_category": 13573, "computer_name": "UNICORN", "string_inserts": ["S-1-5-18", "-", "-", "0x3e7", "-", "%%1843", "%%1846", "%%1843", "%%1843", "%%1849", "%%1843", "%%1843", "%%1843", "-", "%%1849", "%%1843"], "record_number": 346}
{"event_id": 4688, "source_name": "Microsoft-Windows-Security-Auditing", "time_generated": "2025-02-14 12:34:19", "event_type": 8, "event_category": 13312, "computer_name": "UNICORN", "string_inserts": ["S-1-5-18", "-", "-", "0x3e7", "0x254", "C:\\Windows\\System32\\smss.exe", "%%1936", "0x4", "", "S-1-0-0", "-", "-", "0x0", "", "S-1-16-16384"], "record_number": 347}
{"event_id": 4688, "source_name": "Microsoft-Windows-Security-Auditing", "time_generated": "2025-02-14 12:34:21", "event_type": 8, "event_category": 13312, "computer_name": "UNICORN", "string_inserts": ["S-1-5-18", "-", "-", "0x3e7", "0x2b4", "C:\\Windows\\System32\\autochk.exe", "%%1936", "0x254", "", "S-1-0-0", "-", "-", "0x0", "C:\\Windows\\System32\\smss.exe", "S-1-16-16384"], "record_number": 348}
{"event_id": 4688, "source_name": "Microsoft-Windows-Security-Auditing", "time_generated": "2025-02-14 12:34:23", "event_type": 8, "event_category": 13312, "computer_name": "UNICORN", "string_inserts": ["S-1-5-18", "-", "-", "0x3e7", "0x3a8", "C:\\Windows\\System32\\smss.exe", "%%1936", "0x254", "", "S-1-0-0", "-", "-", "0x0", "C:\\Windows\\System32\\smss.exe", "S-1-16-16384"], "record_number": 349}
{"event_id": 4688, "source_name": "Microsoft-Windows-Security-Auditing", "time_generated": "2025-02-14 12:34:25", "event_type": 8, "event_category": 13312, "computer_name": "UNICORN", "string_inserts": ["S-1-5-18", "-", "-", "0x3e7", "0x23c", "C:\\Windows\\System32\\csrss.exe", "%%1936", "0x3a8", "", "S-1-0-0", "-", "-", "0x0", "C:\\Windows\\System32\\smss.exe", "S-1-16-16384"], "record_number": 350}
{"event_id": 4688, "source_name": "Microsoft-Windows-Security-Auditing", "time_generated": "2025-02-14 12:34:26", "event_type": 8, "event_category": 13312, "computer_name": "UNICORN", "string_inserts": ["S-1-5-18", "-", "-", "0x3e7", "0x42c", "C:\\Windows\\System32\\smss.exe", "%%1936", "0x254", "", "S-1-0-0", "-", "-", "0x0", "C:\\Windows\\System32\\smss.exe", "S-1-16-16384"], "record_number": 351}
{"event_id": 4688, "source_name": "Microsoft-Windows-Security-Auditing", "time_generated": "2025-02-14 12:34:26", "event_type": 8, "event_category": 13312, "computer_name": "UNICORN", "string_inserts": ["S-1-5-18", "-", "-", "0x3e7", "0x438", "C:\\Windows\\System32\\wininit.exe", "%%1936", "0x3a8", "", "S-1-0-0", "-", "-", "0x0", "C:\\Windows\\System32\\smss.exe", "S-1-16-16384"], "record_number": 352}
{"event_id": 4688, "source_name": "Microsoft-Windows-Security-Auditing", "time_generated": "2025-02-14 12:34:26", "event_type": 8, "event_category": 13312, "computer_name": "UNICORN", "string_inserts": ["S-1-5-18", "-", "-", "0x3e7", "0x440", "C:\\Windows\\System32\\csrss.exe", "%%1936", "0x42c", "", "S-1-0-0", "-", "-", "0x0", "C:\\Windows\\System32\\smss.exe", "S-1-16-16384"], "record_number": 353}
{"event_id": 4688, "source_name": "Microsoft-Windows-Security-Auditing", "time_generated": "2025-02-14 12:34:26", "event_type": 8, "event_category": 13312, "computer_name": "UNICORN", "string_inserts": ["S-1-5-18", "-", "-", "0x3e7", "0x49c", "C:\\Windows\\System32\\winlogon.exe", "%%1936", "0x42c", "", "S-1-0-0", "-", "-", "0x0", "C:\\Windows\\System32\\smss.exe", "S-1-16-16384"], "record_number": 354}
{"event_id": 4688, "source_name": "Microsoft-Windows-Security-Auditing", "time_generated": "2025-02-14 12:34:26", "event_type": 8, "event_category": 13312, "computer_name": "UNICORN", "string_inserts": ["S-1-5-18", "-", "-", "0x3e7", "0x4c8", "C:\\Windows\\System32\\services.exe", "%%1936", "0x438", "", "S-1-0-0", "-", "-", "0x0", "C:\\Windows\\System32\\wininit.exe", "S-1-16-16384"], "record_number": 355}
{"event_id": 4688, "source_name": "Microsoft-Windows-Security-Auditing", "time_generated": "2025-02-14 12:34:26", "event_type": 8, "event_category": 13312, "computer_name": "UNICORN", "string_inserts": ["S-1-5-18", "-", "-", "0x3e7", "0x4dc", "C:\\Windows\\System32\\LsaIso.exe", "%%1936", "0x438", "", "S-1-0-0", "-", "-", "0x0", "C:\\Windows\\System32\\wininit.exe", "S-1-16-16384"], "record_number": 356}
{"event_id": 4688, "source_name": "Microsoft-Windows-Security-Auditing", "time_generated": "2025-02-14 12:34:26", "event_type": 8, "event_category": 13312, "computer_name": "UNICORN", "string_inserts": ["S-1-5-18", "-", "-", "0x3e7", "0x4e4", "C:\\Windows\\System32\\lsass.exe", "%%1936", "0x438", "", "S-1-0-0", "-", "-", "0x0", "C:\\Windows\\System32\\wininit.exe", "S-1-16-16384"], "record_number": 357}
{"event_id": 6417, "source_name": "Microsoft-Windows-Security-Auditing", "time_generated": "2025-02-14 12:34:26", "event_type": 8, "event_category": 12290, "computer_name": "UNICORN", "string_inserts": ["0x4e4", "C:\\Windows\\System32\\lsass.exe"], "record_number": 358}
{"event_id": 4616, "source_name": "Microsoft-Windows-Security-Auditing", "time_generated": "2025-02-15 10:42:52", "event_type": 8, "event_category": 12288, "computer_name": "UNICORN", "string_inserts": ["S-1-5-19", "LOCAL SERVICE", "NT AUTHORITY", "0x3e5", "2025-02-15T05:12:52.2827747Z", "2025-02-15T05:12:52.2829473Z", "0x270c", "C:\\Windows\\System32\\svchost.exe"], "record_number": 359}
{"event_id": 4616, "source_name": "Microsoft-Windows-Security-Auditing", "time_generated": "2025-02-15 20:29:25", "event_type": 8, "event_category": 12288, "computer_name": "UNICORN", "string_inserts": ["S-1-5-19", "LOCAL SERVICE", "NT AUTHORITY", "0x3e5", "2025-02-15T14:59:25.1319220Z", "2025-02-15T14:59:25.1315737Z", "0x270c", "C:\\Windows\\System32\\svchost.exe"], "record_number": 360}
{"event_id": 4616, "source_name": "Microsoft-Windows-Security-Auditing", "time_generated": "2025-02-16 20:12:01", "event_type": 8, "event_category": 12288, "computer_name": "UNICORN", "string_inserts": ["S-1-5-19", "LOCAL SERVICE", "NT AUTHORITY", "0x3e5", "2025-02-16T14:42:01.4207633Z", "2025-02-16T14:42:01.4219285Z", "0x270c", "C:\\Windows\\System32\\svchost.exe"], "record_number": 361}
{"event_id": 4616, "source_name": "Microsoft-Windows-Security-Auditing", "time_generated": "2025-02-17 12:34:23", "event_type": 8, "event_category": 12288, "computer_name": "UNICORN", "string_inserts": ["S-1-5-19", "LOCAL SERVICE", "NT AUTHORITY", "0x3e5", "2025-02-17T07:04:23.1986699Z", "2025-02-17T07:04:23.1994949Z", "0x270c", "C:\\Windows\\System32\\svchost.exe"], "record_number": 362}
{"event_id": 1100, "source_name": "Microsoft-Windows-Eventlog", "time_generated": "2025-02-17 17:59:20", "event_type": 8, "event_category": 103, "computer_name": "UNICORN", "string_inserts": null, "record_number": 363}
{"event_id": 4616, "source_name": "Microsoft-Windows-Security-Auditing", "time_generated": "2025-02-17 17:59:20", "event_type": 8, "event_category": 12288, "computer_name": "UNICORN", "string_inserts": ["S-1-5-19", "LOCAL SERVICE", "NT AUTHORITY", "0x3e5", "2025-02-17T12:29:20.1067943Z", "2025-02-17T12:29:20.1042614Z", "0x270c", "C:\\Windows\\System32\\svchost.exe"], "record_number": 364}
{"event_id": 4688, "source_name": "Microsoft-Windows-Security-Auditing", "time_generated": "2025-02-17 17:59:35", "event_type": 8, "event_category": 13312, "computer_name": "UNICORN", "string_inserts": ["S-1-5-18", "-", "-", "0x3e7", "0x8c", "", "%%1936", "0x4", "", "S-1-0-0", "-", "-", "0x0", "", "S-1-16-16384"], "record_number": 365}
{"event_id": 4688, "source_name": "Microsoft-Windows-Security-Auditing", "time_generated": "2025-02-17 17:59:35", "event_type": 8, "event_category": 13312, "computer_name": "UNICORN", "string_inserts": ["S-1-5-18", "-", "-", "0x3e7", "0xb8", "Registry", "%%1936", "0x4", "", "S-1-0-0", "-", "-", "0x0", "", "S-1-16-16384"], "record_number": 366}
{"event_id": 4696, "source_name": "Microsoft-Windows-Security-Auditing", "time_generated": "2025-02-17 17:59:35", "event_type": 8, "event_category": 13312, "computer_name": "UNICORN", "string_inserts": ["S-1-5-18", "-", "-", "0x3e7", "S-1-0-0", "-", "-", "0x3e7", "0xb8", "Registry", "0x4", ""], "record_number": 367}
{"event_id": 4826, "source_name": "Microsoft-Windows-Security-Auditing", "time_generated": "2025-02-17 17:59:35", "event_type": 8, "event_category": 13573, "computer_name": "UNICORN", "string_inserts": ["S-1-5-18", "-", "-", "0x3e7", "-", "%%1843", "%%1846", "%%1843", "%%1843", "%%1849", "%%1843", "%%1843", "%%1843", "-", "%%1849", "%%1843"], "record_number": 368}
{"event_id": 4688, "source_name": "Microsoft-Windows-Security-Auditing", "time_generated": "2025-02-17 17:59:35", "event_type": 8, "event_category": 13312, "computer_name": "UNICORN", "string_inserts": ["S-1-5-18", "-", "-", "0x3e7", "0x254", "C:\\Windows\\System32\\smss.exe", "%%1936", "0x4", "", "S-1-0-0", "-", "-", "0x0", "", "S-1-16-16384"], "record_number": 369}
{"event_id": 4688, "source_name": "Microsoft-Windows-Security-Auditing", "time_generated": "2025-02-17 17:59:36", "event_type": 8, "event_category": 13312, "computer_name": "UNICORN", "string_inserts": ["S-1-5-18", "-", "-", "0x3e7", "0x290", "C:\\Windows\\System32\\autochk.exe", "%%1936", "0x254", "", "S-1-0-0", "-", "-", "0x0", "C:\\Windows\\System32\\smss.exe", "S-1-16-16384"], "record_number": 370}
{"event_id": 4688, "source_name": "Microsoft-Windows-Security-Auditing", "time_generated": "2025-02-17 17:59:38", "event_type": 8, "event_category": 13312, "computer_name": "UNICORN", "string_inserts": ["S-1-5-18", "-", "-", "0x3e7", "0x3a8", "C:\\Windows\\System32\\smss.exe", "%%1936", "0x254", "", "S-1-0-0", "-", "-", "0x0", "C:\\Windows\\System32\\smss.exe", "S-1-16-16384"], "record_number": 371}
{"event_id": 4688, "source_name": "Microsoft-Windows-Security-Auditing", "time_generated": "2025-02-17 17:59:40", "event_type": 8, "event_category": 13312, "computer_name": "UNICORN", "string_inserts": ["S-1-5-18", "-", "-", "0x3e7", "0x384", "C:\\Windows\\System32\\csrss.exe", "%%1936", "0x3a8", "", "S-1-0-0", "-", "-", "0x0", "C:\\Windows\\System32\\smss.exe", "S-1-16-16384"], "record_number": 372}
{"event_id": 4688, "source_name": "Microsoft-Windows-Security-Auditing", "time_generated": "2025-02-17 17:59:41", "event_type": 8, "event_category": 13312, "computer_name": "UNICORN", "string_inserts": ["S-1-5-18", "-", "-", "0x3e7", "0x428", "C:\\Windows\\System32\\smss.exe", "%%1936", "0x254", "", "S-1-0-0", "-", "-", "0x0", "C:\\Windows\\System32\\smss.exe", "S-1-16-16384"], "record_number": 373}
{"event_id": 4688, "source_name": "Microsoft-Windows-Security-Auditing", "time_generated": "2025-02-17 17:59:41", "event_type": 8, "event_category": 13312, "computer_name": "UNICORN", "string_inserts": ["S-1-5-18", "-", "-", "0x3e7", "0x430", "C:\\Windows\\System32\\wininit.exe", "%%1936", "0x3a8", "", "S-1-0-0", "-", "-", "0x0", "C:\\Windows\\System32\\smss.exe", "S-1-16-16384"], "record_number": 374}
{"event_id": 4688, "source_name": "Microsoft-Windows-Security-Auditing", "time_generated": "2025-02-17 17:59:41", "event_type": 8, "event_category": 13312, "computer_name": "UNICORN", "string_inserts": ["S-1-5-18", "-", "-", "0x3e7", "0x438", "C:\\Windows\\System32\\csrss.exe", "%%1936", "0x428", "", "S-1-0-0", "-", "-", "0x0", "C:\\Windows\\System32\\smss.exe", "S-1-16-16384"], "record_number": 375}
{"event_id": 4688, "source_name": "Microsoft-Windows-Security-Auditing", "time_generated": "2025-02-17 17:59:41", "event_type": 8, "event_category": 13312, "computer_name": "UNICORN", "string_inserts": ["S-1-5-18", "-", "-", "0x3e7", "0x474", "C:\\Windows\\System32\\winlogon.exe", "%%1936", "0x428", "", "S-1-0-0", "-", "-", "0x0", "C:\\Windows\\System32\\smss.exe", "S-1-16-16384"], "record_number": 376}
{"event_id": 4688, "source_name": "Microsoft-Windows-Security-Auditing", "time_generated": "2025-02-17 17:59:41", "event_type": 8, "event_category": 13312, "computer_name": "UNICORN", "string_inserts": ["S-1-5-18", "-", "-", "0x3e7", "0x4c0", "C:\\Windows\\System32\\services.exe", "%%1936", "0x430", "", "S-1-0-0", "-", "-", "0x0", "C:\\Windows\\System32\\wininit.exe", "S-1-16-16384"], "record_number": 377}
{"event_id": 4688, "source_name": "Microsoft-Windows-Security-Auditing", "time_generated": "2025-02-17 17:59:41", "event_type": 8, "event_category": 13312, "computer_name": "UNICORN", "string_inserts": ["S-1-5-18", "-", "-", "0x3e7", "0x4d4", "C:\\Windows\\System32\\LsaIso.exe", "%%1936", "0x430", "", "S-1-0-0", "-", "-", "0x0", "C:\\Windows\\System32\\wininit.exe", "S-1-16-16384"], "record_number": 378}
{"event_id": 4688, "source_name": "Microsoft-Windows-Security-Auditing", "time_generated": "2025-02-17 17:59:41", "event_type": 8, "event_category": 13312, "computer_name": "UNICORN", "string_inserts": ["S-1-5-18", "-", "-", "0x3e7", "0x4dc", "C:\\Windows\\System32\\lsass.exe", "%%1936", "0x430", "", "S-1-0-0", "-", "-", "0x0", "C:\\Windows\\System32\\wininit.exe", "S-1-16-16384"], "record_number": 379}
{"event_id": 6417, "source_name": "Microsoft-Windows-Security-Auditing", "time_generated": "2025-02-17 17:59:41", "event_type": 8, "event_category": 12290, "computer_name": "UNICORN", "string_inserts": ["0x4dc", "C:\\Windows\\System32\\lsass.exe"], "record_number": 380}
{"event_id": 4616, "source_name": "Microsoft-Windows-Security-Auditing", "time_generated": "2025-02-17 20:40:48", "event_type": 8, "event_category": 12288, "computer_name": "UNICORN", "string_inserts": ["S-1-5-19", "LOCAL SERVICE", "NT AUTHORITY", "0x3e5", "2025-02-17T15:10:48.9894166Z", "2025-02-17T15:10:48.9897353Z", "0x2338", "C:\\Windows\\System32\\svchost.exe"], "record_number": 381}
{"event_id": 4616, "source_name": "Microsoft-Windows-Security-Auditing", "time_generated": "2025-02-18 12:05:55", "event_type": 8, "event_category": 12288, "computer_name": "UNICORN", "string_inserts": ["S-1-5-19", "LOCAL SERVICE", "NT AUTHORITY", "0x3e5", "2025-02-18T06:35:55.3192691Z", "2025-02-18T06:35:55.3201640Z", "0x2338", "C:\\Windows\\System32\\svchost.exe"], "record_number": 382}
{"event_id": 4616, "source_name": "Microsoft-Windows-Security-Auditing", "time_generated": "2025-02-18 20:35:55", "event_type": 8, "event_category": 12288, "computer_name": "UNICORN", "string_inserts": ["S-1-5-19", "LOCAL SERVICE", "NT AUTHORITY", "0x3e5", "2025-02-18T15:05:55.5562031Z", "2025-02-18T15:05:55.5572513Z", "0x2338", "C:\\Windows\\System32\\svchost.exe"], "record_number": 383}
{"event_id": 4616, "source_name": "Microsoft-Windows-Security-Auditing", "time_generated": "2025-02-19 11:24:27", "event_type": 8, "event_category": 12288, "computer_name": "UNICORN", "string_inserts": ["S-1-5-19", "LOCAL SERVICE", "NT AUTHORITY", "0x3e5", "2025-02-19T05:54:27.2594323Z", "2025-02-19T05:54:27.2604260Z", "0x2338", "C:\\Windows\\System32\\svchost.exe"], "record_number": 384}
{"event_id": 4616, "source_name": "Microsoft-Windows-Security-Auditing", "time_generated": "2025-02-19 20:00:20", "event_type": 8, "event_category": 12288, "computer_name": "UNICORN", "string_inserts": ["S-1-5-19", "LOCAL SERVICE", "NT AUTHORITY", "0x3e5", "2025-02-19T14:30:20.9321260Z", "2025-02-19T14:30:20.9326848Z", "0x2338", "C:\\Windows\\System32\\svchost.exe"], "record_number": 385}
{"event_id": 4616, "source_name": "Microsoft-Windows-Security-Auditing", "time_generated": "2025-02-20 18:58:14", "event_type": 8, "event_category": 12288, "computer_name": "UNICORN", "string_inserts": ["S-1-5-19", "LOCAL SERVICE", "NT AUTHORITY", "0x3e5", "2025-02-20T13:28:14.6865723Z", "2025-02-20T13:28:14.6864211Z", "0x2338", "C:\\Windows\\System32\\svchost.exe"], "record_number": 386}
{"event_id": 4616, "source_name": "Microsoft-Windows-Security-Auditing", "time_generated": "2025-02-21 20:49:29", "event_type": 8, "event_category": 12288, "computer_name": "UNICORN", "string_inserts": ["S-1-5-19", "LOCAL SERVICE", "NT AUTHORITY", "0x3e5", "2025-02-21T15:19:29.3083418Z", "2025-02-21T15:19:29.3082621Z", "0x2338", "C:\\Windows\\System32\\svchost.exe"], "record_number": 387}
