{"event_id": 4616, "source_name": "Microsoft-Windows-Security-Auditing", "time_generated": "2025-02-22 11:17:12", "event_type": 8, "event_category": 12288, "computer_name": "UNICORN", "string_inserts": ["S-1-5-19", "LOCAL SERVICE", "NT AUTHORITY", "0x3e5", "2025-02-22T05:47:12.5273534Z", "2025-02-22T05:47:12.5264907Z", "0x2338", "C:\\Windows\\System32\\svchost.exe"], "record_number": 388}
{"event_id": 4616, "source_name": "Microsoft-Windows-Security-Auditing", "time_generated": "2025-02-22 20:55:44", "event_type": 8, "event_category": 12288, "computer_name": "UNICORN", "string_inserts": ["S-1-5-19", "LOCAL SERVICE", "NT AUTHORITY", "0x3e5", "2025-02-22T15:25:44.9589975Z", "2025-02-22T15:25:44.9650844Z", "0x2338", "C:\\Windows\\System32\\svchost.exe"], "record_number": 389}
{"event_id": 4616, "source_name": "Microsoft-Windows-Security-Auditing", "time_generated": "2025-02-23 11:36:01", "event_type": 8, "event_category": 12288, "computer_name": "UNICORN", "string_inserts": ["S-1-5-19", "LOCAL SERVICE", "NT AUTHORITY", "0x3e5", "2025-02-23T06:06:01.1464699Z", "2025-02-23T06:06:01.1413664Z", "0x2338", "C:\\Windows\\System32\\svchost.exe"], "record_number": 390}
{"event_id": 4616, "source_name": "Microsoft-Windows-Security-Auditing", "time_generated": "2025-02-23 20:22:29", "event_type": 8, "event_category": 12288, "computer_name": "UNICORN", "string_inserts": ["S-1-5-19", "LOCAL SERVICE", "NT AUTHORITY", "0x3e5", "2025-02-23T14:52:29.1631541Z", "2025-02-23T14:52:29.1630585Z", "0x2338", "C:\\Windows\\System32\\svchost.exe"], "record_number": 391}
{"event_id": 4616, "source_name": "Microsoft-Windows-Security-Auditing", "time_generated": "2025-02-24 10:26:29", "event_type": 8, "event_category": 12288, "computer_name": "UNICORN", "string_inserts": ["S-1-5-19", "LOCAL SERVICE", "NT AUTHORITY", "0x3e5", "2025-02-24T04:56:28.4144625Z", "2025-02-24T04:56:29.9781265Z", "0x2338", "C:\\Windows\\System32\\svchost.exe"], "record_number": 392}
{"event_id": 4616, "source_name": "Microsoft-Windows-Security-Auditing", "time_generated": "2025-02-24 10:26:29", "event_type": 8, "event_category": 12288, "computer_name": "UNICORN", "string_inserts": ["S-1-5-19", "LOCAL SERVICE", "NT AUTHORITY", "0x3e5", "2025-02-24T04:56:29.9781813Z", "2025-02-24T04:56:29.9794036Z", "0x2338", "C:\\Windows\\System32\\svchost.exe"], "record_number": 393}
{"event_id": 1100, "source_name": "Microsoft-Windows-Eventlog", "time_generated": "2025-02-24 21:11:33", "event_type": 8, "event_category": 103, "computer_name": "UNICORN", "string_inserts": null, "record_number": 394}
{"event_id": 4616, "source_name": "Microsoft-Windows-Security-Auditing", "time_generated": "2025-02-24 21:11:33", "event_type": 8, "event_category": 12288, "computer_name": "UNICORN", "string_inserts": ["S-1-5-19", "LOCAL SERVICE", "NT AUTHORITY", "0x3e5", "2025-02-24T15:41:33.3415177Z", "2025-02-24T15:41:33.3422619Z", "0x2338", "C:\\Windows\\System32\\svchost.exe"], "record_number": 395}
{"event_id": 4688, "source_name": "Microsoft-Windows-Security-Auditing", "time_generated": "2025-02-24 21:15:04", "event_type": 8, "event_category": 13312, "computer_name": "UNICORN", "string_inserts": ["S-1-5-18", "-", "-", "0x3e7", "0x8c", "", "%%1936", "0x4", "", "S-1-0-0", "-", "-", "0x0", "", "S-1-16-16384"], "record_number": 396}
{"event_id": 4688, "source_name": "Microsoft-Windows-Security-Auditing", "time_generated": "2025-02-24 21:15:04", "event_type": 8, "event_category": 13312, "computer_name": "UNICORN", "string_inserts": ["S-1-5-18", "-", "-", "0x3e7", "0xb8", "Registry", "%%1936", "0x4", "", "S-1-0-0", "-", "-", "0x0", "", "S-1-16-16384"], "record_number": 397}
{"event_id": 4696, "source_name": "Microsoft-Windows-Security-Auditing", "time_generated": "2025-02-24 21:15:04", "event_type": 8, "event_category": 13312, "computer_name": "UNICORN", "string_inserts": ["S-1-5-18", "-", "-", "0x3e7", "S-1-0-0", "-", "-", "0x3e7", "0xb8", "Registry", "0x4", ""], "record_number": 398}
{"event_id": 4826, "source_name": "Microsoft-Windows-Security-Auditing", "time_generated": "2025-02-24 21:15:04", "event_type": 8, "event_category": 13573, "computer_name": "UNICORN", "string_inserts": ["S-1-5-18", "-", "-", "0x3e7", "-", "%%1843", "%%1846", "%%1843", "%%1843", "%%1849", "%%1843", "%%1843", "%%1843", "-", "%%1849", "%%1843"], "record_number": 399}
{"event_id": 4688, "source_name": "Microsoft-Windows-Security-Auditing", "time_generated": "2025-02-24 21:15:04", "event_type": 8, "event_category": 13312, "computer_name": "UNICORN", "string_inserts": ["S-1-5-18", "-", "-", "0x3e7", "0x254", "C:\\Windows\\System32\\smss.exe", "%%1936", "0x4", "", "S-1-0-0", "-", "-", "0x0", "", "S-1-16-16384"], "record_number": 400}
{"event_id": 4688, "source_name": "Microsoft-Windows-Security-Auditing", "time_generated": "2025-02-24 21:15:06", "event_type": 8, "event_category": 13312, "computer_name": "UNICORN", "string_inserts": ["S-1-5-18", "-", "-", "0x3e7", "0x2c8", "C:\\Windows\\System32\\autochk.exe", "%%1936", "0x254", "", "S-1-0-0", "-", "-", "0x0", "C:\\Windows\\System32\\smss.exe", "S-1-16-16384"], "record_number": 401}
{"event_id": 4688, "source_name": "Microsoft-Windows-Security-Auditing", "time_generated": "2025-02-24 21:15:08", "event_type": 8, "event_category": 13312, "computer_name": "UNICORN", "string_inserts": ["S-1-5-18", "-", "-", "0x3e7", "0x3ac", "C:\\Windows\\System32\\smss.exe", "%%1936", "0x254", "", "S-1-0-0", "-", "-", "0x0", "C:\\Windows\\System32\\smss.exe", "S-1-16-16384"], "record_number": 402}
{"event_id": 4688, "source_name": "Microsoft-Windows-Security-Auditing", "time_generated": "2025-02-24 21:15:12", "event_type": 8, "event_category": 13312, "computer_name": "UNICORN", "string_inserts": ["S-1-5-18", "-", "-", "0x3e7", "0x384", "C:\\Windows\\System32\\csrss.exe", "%%1936", "0x3ac", "", "S-1-0-0", "-", "-", "0x0", "C:\\Windows\\System32\\smss.exe", "S-1-16-16384"], "record_number": 403}
{"event_id": 4688, "source_name": "Microsoft-Windows-Security-Auditing", "time_generated": "2025-02-24 21:15:12", "event_type": 8, "event_category": 13312, "computer_name": "UNICORN", "string_inserts": ["S-1-5-18", "-", "-", "0x3e7", "0x430", "C:\\Windows\\System32\\smss.exe", "%%1936", "0x254", "", "S-1-0-0", "-", "-", "0x0", "C:\\Windows\\System32\\smss.exe", "S-1-16-16384"], "record_number": 404}
{"event_id": 4688, "source_name": "Microsoft-Windows-Security-Auditing", "time_generated": "2025-02-24 21:15:12", "event_type": 8, "event_category": 13312, "computer_name": "UNICORN", "string_inserts": ["S-1-5-18", "-", "-", "0x3e7", "0x438", "C:\\Windows\\System32\\wininit.exe", "%%1936", "0x3ac", "", "S-1-0-0", "-", "-", "0x0", "C:\\Windows\\System32\\smss.exe", "S-1-16-16384"], "record_number": 405}
{"event_id": 4688, "source_name": "Microsoft-Windows-Security-Auditing", "time_generated": "2025-02-24 21:15:12", "event_type": 8, "event_category": 13312, "computer_name": "UNICORN", "string_inserts": ["S-1-5-18", "-", "-", "0x3e7", "0x444", "C:\\Windows\\System32\\csrss.exe", "%%1936", "0x430", "", "S-1-0-0", "-", "-", "0x0", "C:\\Windows\\System32\\smss.exe", "S-1-16-16384"], "record_number": 406}
{"event_id": 4688, "source_name": "Microsoft-Windows-Security-Auditing", "time_generated": "2025-02-24 21:15:12", "event_type": 8, "event_category": 13312, "computer_name": "UNICORN", "string_inserts": ["S-1-5-18", "-", "-", "0x3e7", "0x484", "C:\\Windows\\System32\\winlogon.exe", "%%1936", "0x430", "", "S-1-0-0", "-", "-", "0x0", "C:\\Windows\\System32\\smss.exe", "S-1-16-16384"], "record_number": 407}
{"event_id": 4688, "source_name": "Microsoft-Windows-Security-Auditing", "time_generated": "2025-02-24 21:15:12", "event_type": 8, "event_category": 13312, "computer_name": "UNICORN", "string_inserts": ["S-1-5-18", "-", "-", "0x3e7", "0x4cc", "C:\\Windows\\System32\\services.exe", "%%1936", "0x438", "", "S-1-0-0", "-", "-", "0x0", "C:\\Windows\\System32\\wininit.exe", "S-1-16-16384"], "record_number": 408}
{"event_id": 4688, "source_name": "Microsoft-Windows-Security-Auditing", "time_generated": "2025-02-24 21:15:12", "event_type": 8, "event_category": 13312, "computer_name": "UNICORN", "string_inserts": ["S-1-5-18", "-", "-", "0x3e7", "0x4d4", "C:\\Windows\\System32\\LsaIso.exe", "%%1936", "0x438", "", "S-1-0-0", "-", "-", "0x0", "C:\\Windows\\System32\\wininit.exe", "S-1-16-16384"], "record_number": 409}
{"event_id": 4688, "source_name": "Microsoft-Windows-Security-Auditing", "time_generated": "2025-02-24 21:15:12", "event_type": 8, "event_category": 13312, "computer_name": "UNICORN", "string_inserts": ["S-1-5-18", "-", "-", "0x3e7", "0x4e8", "C:\\Windows\\System32\\lsass.exe", "%%1936", "0x438", "", "S-1-0-0", "-", "-", "0x0", "C:\\Windows\\System32\\wininit.exe", "S-1-16-16384"], "record_number": 410}
{"event_id": 6417, "source_name": "Microsoft-Windows-Security-Auditing", "time_generated": "2025-02-24 21:15:12", "event_type": 8, "event_category": 12290, "computer_name": "UNICORN", "string_inserts": ["0x4e8", "C:\\Windows\\System32\\lsass.exe"], "record_number": 411}
{"event_id": 4616, "source_name": "Microsoft-Windows-Security-Auditing", "time_generated": "2025-02-25 10:34:38", "event_type": 8, "event_category": 12288, "computer_name": "UNICORN", "string_inserts": ["S-1-5-19", "LOCAL SERVICE", "NT AUTHORITY", "0x3e5", "2025-02-25T05:04:38.1827343Z", "2025-02-25T05:04:38.1822293Z", "0x32a8", "C:\\Windows\\System32\\svchost.exe"], "record_number": 412}
{"event_id": 4616, "source_name": "Microsoft-Windows-Security-Auditing", "time_generated": "2025-02-25 19:20:19", "event_type": 8, "event_category": 12288, "computer_name": "UNICORN", "string_inserts": ["S-1-5-19", "LOCAL SERVICE", "NT AUTHORITY", "0x3e5", "2025-02-25T13:50:19.9925532Z", "2025-02-25T13:50:19.9926969Z", "0x32a8", "C:\\Windows\\System32\\svchost.exe"], "record_number": 413}
{"event_id": 4616, "source_name": "Microsoft-Windows-Security-Auditing", "time_generated": "2025-02-26 20:20:55", "event_type": 8, "event_category": 12288, "computer_name": "UNICORN", "string_inserts": ["S-1-5-19", "LOCAL SERVICE", "NT AUTHORITY", "0x3e5", "2025-02-26T14:50:55.6831888Z", "2025-02-26T14:50:55.6916450Z", "0x32a8", "C:\\Windows\\System32\\svchost.exe"], "record_number": 414}
{"event_id": 4616, "source_name": "Microsoft-Windows-Security-Auditing", "time_generated": "2025-02-27 13:35:56", "event_type": 8, "event_category": 12288, "computer_name": "UNICORN", "string_inserts": ["S-1-5-19", "LOCAL SERVICE", "NT AUTHORITY", "0x3e5", "2025-02-27T08:05:56.9465843Z", "2025-02-27T08:05:56.9475571Z", "0x32a8", "C:\\Windows\\System32\\svchost.exe"], "record_number": 415}
{"event_id": 4616, "source_name": "Microsoft-Windows-Security-Auditing", "time_generated": "2025-02-27 20:25:22", "event_type": 8, "event_category": 12288, "computer_name": "UNICORN", "string_inserts": ["S-1-5-19", "LOCAL SERVICE", "NT AUTHORITY", "0x3e5", "2025-02-27T14:55:22.2139244Z", "2025-02-27T14:55:22.2137448Z", "0x32a8", "C:\\Windows\\System32\\svchost.exe"], "record_number": 416}
{"event_id": 4616, "source_name": "Microsoft-Windows-Security-Auditing", "time_generated": "2025-02-28 11:24:16", "event_type": 8, "event_category": 12288, "computer_name": "UNICORN", "string_inserts": ["S-1-5-19", "LOCAL SERVICE", "NT AUTHORITY", "0x3e5", "2025-02-28T05:54:16.4651597Z", "2025-02-28T05:54:16.4656362Z", "0x32a8", "C:\\Windows\\System32\\svchost.exe"], "record_number": 417}
{"event_id": 4616, "source_name": "Microsoft-Windows-Security-Auditing", "time_generated": "2025-02-28 20:04:27", "event_type": 8, "event_category": 12288, "computer_name": "UNICORN", "string_inserts": ["S-1-5-19", "LOCAL SERVICE", "NT AUTHORITY", "0x3e5", "2025-02-28T14:34:27.1477354Z", "2025-02-28T14:34:27.1477490Z", "0x32a8", "C:\\Windows\\System32\\svchost.exe"], "record_number": 418}
{"event_id": 4616, "source_name": "Microsoft-Windows-Security-Auditing", "time_generated": "2025-03-01 12:12:07", "event_type": 8, "event_category": 12288, "computer_name": "UNICORN", "string_inserts": ["S-1-5-19", "LOCAL SERVICE", "NT AUTHORITY", "0x3e5", "2025-03-01T06:42:07.0486297Z", "2025-03-01T06:42:07.0483569Z", "0x32a8", "C:\\Windows\\System32\\svchost.exe"], "record_number": 419}
{"event_id": 4616, "source_name": "Microsoft-Windows-Security-Auditing", "time_generated": "2025-03-02 11:48:33", "event_type": 8, "event_category": 12288, "computer_name": "UNICORN", "string_inserts": ["S-1-5-19", "LOCAL SERVICE", "NT AUTHORITY", "0x3e5", "2025-03-02T06:18:33.9113020Z", "2025-03-02T06:18:33.9103820Z", "0x32a8", "C:\\Windows\\System32\\svchost.exe"], "record_number": 420}
{"event_id": 4616, "source_name": "Microsoft-Windows-Security-Auditing", "time_generated": "2025-03-02 19:51:48", "event_type": 8, "event_category": 12288, "computer_name": "UNICORN", "string_inserts": ["S-1-5-19", "LOCAL SERVICE", "NT AUTHORITY", "0x3e5", "2025-03-02T14:21:48.9677501Z", "2025-03-02T14:21:48.9682778Z", "0x32a8", "C:\\Windows\\System32\\svchost.exe"], "record_number": 421}
{"event_id": 4616, "source_name": "Microsoft-Windows-Security-Auditing", "time_generated": "2025-03-03 10:44:59", "event_type": 8, "event_category": 12288, "computer_name": "UNICORN", "string_inserts": ["S-1-5-19", "LOCAL SERVICE", "NT AUTHORITY", "0x3e5", "2025-03-03T05:14:58.1436343Z", "2025-03-03T05:14:59.6465315Z", "0x32a8", "C:\\Windows\\System32\\svchost.exe"], "record_number": 422}
{"event_id": 4616, "source_name": "Microsoft-Windows-Security-Auditing", "time_generated": "2025-03-03 10:44:59", "event_type": 8, "event_category": 12288, "computer_name": "UNICORN", "string_inserts": ["S-1-5-19", "LOCAL SERVICE", "NT AUTHORITY", "0x3e5", "2025-03-03T05:14:59.6469669Z", "2025-03-03T05:14:59.6481610Z", "0x32a8", "C:\\Windows\\System32\\svchost.exe"], "record_number": 423}
{"event_id": 4616, "source_name": "Microsoft-Windows-Security-Auditing", "time_generated": "2025-03-03 20:36:11", "event_type": 8, "event_category": 12288, "computer_name": "UNICORN", "string_inserts": ["S-1-5-19", "LOCAL SERVICE", "NT AUTHORITY", "0x3e5", "2025-03-03T15:06:11.8531836Z", "2025-03-03T15:06:11.8531328Z", "0x32a8", "C:\\Windows\\System32\\svchost.exe"], "record_number": 424}
{"event_id": 4616, "source_name": "Microsoft-Windows-Security-Auditing", "time_generated": "2025-03-04 19:40:35", "event_type": 8, "event_category": 12288, "computer_name": "UNICORN", "string_inserts": ["S-1-5-19", "LOCAL SERVICE", "NT AUTHORITY", "0x3e5", "2025-03-04T14:10:35.7966874Z", "2025-03-04T14:10:35.7964920Z", "0x32a8", "C:\\Windows\\System32\\svchost.exe"], "record_number": 425}
{"event_id": 4616, "source_name": "Microsoft-Windows-Security-Auditing", "time_generated": "2025-03-05 10:59:33", "event_type": 8, "event_category": 12288, "computer_name": "UNICORN", "string_inserts": ["S-1-5-19", "LOCAL SERVICE", "NT AUTHORITY", "0x3e5", "2025-03-05T05:29:32.5643681Z", "2025-03-05T05:29:33.6917747Z", "0x32a8", "C:\\Windows\\System32\\svchost.exe"], "record_number": 426}
{"event_id": 4616, "source_name": "Microsoft-Windows-Security-Auditing", "time_generated": "2025-03-05 10:59:33", "event_type": 8, "event_category": 12288, "computer_name": "UNICORN", "string_inserts": ["S-1-5-19", "LOCAL SERVICE", "NT AUTHORITY", "0x3e5", "2025-03-05T05:29:33.6929456Z", "2025-03-05T05:29:33.6937333Z", "0x32a8", "C:\\Windows\\System32\\svchost.exe"], "record_number": 427}
{"event_id": 1100, "source_name": "Microsoft-Windows-Eventlog", "time_generated": "2025-03-05 12:36:23", "event_type": 8, "event_category": 103, "computer_name": "UNICORN", "string_inserts": null, "record_number": 428}
{"event_id": 4616, "source_name": "Microsoft-Windows-Security-Auditing", "time_generated": "2025-03-05 12:36:23", "event_type": 8, "event_category": 12288, "computer_name": "UNICORN", "string_inserts": ["S-1-5-19", "LOCAL SERVICE", "NT AUTHORITY", "0x3e5", "2025-03-05T07:06:23.5336543Z", "2025-03-05T07:06:23.5347633Z", "0x32a8", "C:\\Windows\\System32\\svchost.exe"], "record_number": 429}
{"event_id": 4688, "source_name": "Microsoft-Windows-Security-Auditing", "time_generated": "2025-03-05 12:36:49", "event_type": 8, "event_category": 13312, "computer_name": "UNICORN", "string_inserts": ["S-1-5-18", "-", "-", "0x3e7", "0x8c", "", "%%1936", "0x4", "", "S-1-0-0", "-", "-", "0x0", "", "S-1-16-16384"], "record_number": 430}
{"event_id": 4688, "source_name": "Microsoft-Windows-Security-Auditing", "time_generated": "2025-03-05 12:36:49", "event_type": 8, "event_category": 13312, "computer_name": "UNICORN", "string_inserts": ["S-1-5-18", "-", "-", "0x3e7", "0xb8", "Registry", "%%1936", "0x4", "", "S-1-0-0", "-", "-", "0x0", "", "S-1-16-16384"], "record_number": 431}
{"event_id": 4696, "source_name": "Microsoft-Windows-Security-Auditing", "time_generated": "2025-03-05 12:36:49", "event_type": 8, "event_category": 13312, "computer_name": "UNICORN", "string_inserts": ["S-1-5-18", "-", "-", "0x3e7", "S-1-0-0", "-", "-", "0x3e7", "0xb8", "Registry", "0x4", ""], "record_number": 432}
{"event_id": 4826, "source_name": "Microsoft-Windows-Security-Auditing", "time_generated": "2025-03-05 12:36:49", "event_type": 8, "event_category": 13573, "computer_name": "UNICORN", "string_inserts": ["S-1-5-18", "-", "-", "0x3e7", "-", "%%1843", "%%1846", "%%1843", "%%1843", "%%1849", "%%1843", "%%1843", "%%1843", "-", "%%1849", "%%1843"], "record_number": 433}
{"event_id": 4688, "source_name": "Microsoft-Windows-Security-Auditing", "time_generated": "2025-03-05 12:36:49", "event_type": 8, "event_category": 13312, "computer_name": "UNICORN", "string_inserts": ["S-1-5-18", "-", "-", "0x3e7", "0x258", "C:\\Windows\\System32\\smss.exe", "%%1936", "0x4", "", "S-1-0-0", "-", "-", "0x0", "", "S-1-16-16384"], "record_number": 434}
{"event_id": 4688, "source_name": "Microsoft-Windows-Security-Auditing", "time_generated": "2025-03-05 12:36:50", "event_type": 8, "event_category": 13312, "computer_name": "UNICORN", "string_inserts": ["S-1-5-18", "-", "-", "0x3e7", "0x2f0", "C:\\Windows\\System32\\autochk.exe", "%%1936", "0x258", "", "S-1-0-0", "-", "-", "0x0", "C:\\Windows\\System32\\smss.exe", "S-1-16-16384"], "record_number": 435}
{"event_id": 4688, "source_name": "Microsoft-Windows-Security-Auditing", "time_generated": "2025-03-05 12:36:53", "event_type": 8, "event_category": 13312, "computer_name": "UNICORN", "string_inserts": ["S-1-5-18", "-", "-", "0x3e7", "0x3e4", "C:\\Windows\\System32\\smss.exe", "%%1936", "0x258", "", "S-1-0-0", "-", "-", "0x0", "C:\\Windows\\System32\\smss.exe", "S-1-16-16384"], "record_number": 436}
{"event_id": 4688, "source_name": "Microsoft-Windows-Security-Auditing", "time_generated": "2025-03-05 12:36:54", "event_type": 8, "event_category": 13312, "computer_name": "UNICORN", "string_inserts": ["S-1-5-18", "-", "-", "0x3e7", "0x24c", "C:\\Windows\\System32\\csrss.exe", "%%1936", "0x3e4", "", "S-1-0-0", "-", "-", "0x0", "C:\\Windows\\System32\\smss.exe", "S-1-16-16384"], "record_number": 437}
{"event_id": 4688, "source_name": "Microsoft-Windows-Security-Auditing", "time_generated": "2025-03-05 12:36:55", "event_type": 8, "event_category": 13312, "computer_name": "UNICORN", "string_inserts": ["S-1-5-18", "-", "-", "0x3e7", "0x43c", "C:\\Windows\\System32\\smss.exe", "%%1936", "0x258", "", "S-1-0-0", "-", "-", "0x0", "C:\\Windows\\System32\\smss.exe", "S-1-16-16384"], "record_number": 438}
{"event_id": 4688, "source_name": "Microsoft-Windows-Security-Auditing", "time_generated": "2025-03-05 12:36:55", "event_type": 8, "event_category": 13312, "computer_name": "UNICORN", "string_inserts": ["S-1-5-18", "-", "-", "0x3e7", "0x448", "C:\\Windows\\System32\\wininit.exe", "%%1936", "0x3e4", "", "S-1-0-0", "-", "-", "0x0", "C:\\Windows\\System32\\smss.exe", "S-1-16-16384"], "record_number": 439}
{"event_id": 4688, "source_name": "Microsoft-Windows-Security-Auditing", "time_generated": "2025-03-05 12:36:55", "event_type": 8, "event_category": 13312, "computer_name": "UNICORN", "string_inserts": ["S-1-5-18", "-", "-", "0x3e7", "0x450", "C:\\Windows\\System32\\csrss.exe", "%%1936", "0x43c", "", "S-1-0-0", "-", "-", "0x0", "C:\\Windows\\System32\\smss.exe", "S-1-16-16384"], "record_number": 440}
{"event_id": 4688, "source_name": "Microsoft-Windows-Security-Auditing", "time_generated": "2025-03-05 12:36:55", "event_type": 8, "event_category": 13312, "computer_name": "UNICORN", "string_inserts": ["S-1-5-18", "-", "-", "0x3e7", "0x4a8", "C:\\Windows\\System32\\winlogon.exe", "%%1936", "0x43c", "", "S-1-0-0", "-", "-", "0x0", "C:\\Windows\\System32\\smss.exe", "S-1-16-16384"], "record_number": 441}
{"event_id": 4688, "source_name": "Microsoft-Windows-Security-Auditing", "time_generated": "2025-03-05 12:36:55", "event_type": 8, "event_category": 13312, "computer_name": "UNICORN", "string_inserts": ["S-1-5-18", "-", "-", "0x3e7", "0x4d8", "C:\\Windows\\System32\\services.exe", "%%1936", "0x448", "", "S-1-0-0", "-", "-", "0x0", "C:\\Windows\\System32\\wininit.exe", "S-1-16-16384"], "record_number": 442}
{"event_id": 4688, "source_name": "Microsoft-Windows-Security-Auditing", "time_generated": "2025-03-05 12:36:55", "event_type": 8, "event_category": 13312, "computer_name": "UNICORN", "string_inserts": ["S-1-5-18", "-", "-", "0x3e7", "0x4e4", "C:\\Windows\\System32\\LsaIso.exe", "%%1936", "0x448", "", "S-1-0-0", "-", "-", "0x0", "C:\\Windows\\System32\\wininit.exe", "S-1-16-16384"], "record_number": 443}
{"event_id": 4688, "source_name": "Microsoft-Windows-Security-Auditing", "time_generated": "2025-03-05 12:36:55", "event_type": 8, "event_category": 13312, "computer_name": "UNICORN", "string_inserts": ["S-1-5-18", "-", "-", "0x3e7", "0x4f4", "C:\\Windows\\System32\\lsass.exe", "%%1936", "0x448", "", "S-1-0-0", "-", "-", "0x0", "C:\\Windows\\System32\\wininit.exe", "S-1-16-16384"], "record_number": 444}
{"event_id": 6417, "source_name": "Microsoft-Windows-Security-Auditing", "time_generated": "2025-03-05 12:36:55", "event_type": 8, "event_category": 12290, "computer_name": "UNICORN", "string_inserts": ["0x4f4", "C:\\Windows\\System32\\lsass.exe"], "record_number": 445}
{"event_id": 4616, "source_name": "Microsoft-Windows-Security-Auditing", "time_generated": "2025-03-05 22:19:27", "event_type": 8, "event_category": 12288, "computer_name": "UNICORN", "string_inserts": ["S-1-5-19", "LOCAL SERVICE", "NT AUTHORITY", "0x3e5", "2025-03-05T16:49:27.3398725Z", "2025-03-05T16:49:27.3403000Z", "0x3a68", "C:\\Windows\\System32\\svchost.exe"], "record_number": 446}
{"event_id": 4616, "source_name": "Microsoft-Windows-Security-Auditing", "time_generated": "2025-03-06 12:36:55", "event_type": 8, "event_category": 12288, "computer_name": "UNICORN", "string_inserts": ["S-1-5-19", "LOCAL SERVICE", "NT AUTHORITY", "0x3e5", "2025-03-06T07:06:55.8599220Z", "2025-03-06T07:06:55.8595612Z", "0x3a68", "C:\\Windows\\System32\\svchost.exe"], "record_number": 447}
{"event_id": 4616, "source_name": "Microsoft-Windows-Security-Auditing", "time_generated": "2025-03-06 20:50:46", "event_type": 8, "event_category": 12288, "computer_name": "UNICORN", "string_inserts": ["S-1-5-19", "LOCAL SERVICE", "NT AUTHORITY", "0x3e5", "2025-03-06T15:20:46.3585982Z", "2025-03-06T15:20:46.3576799Z", "0x3a68", "C:\\Windows\\System32\\svchost.exe"], "record_number": 448}
{"event_id": 4616, "source_name": "Microsoft-Windows-Security-Auditing", "time_generated": "2025-03-07 11:32:44", "event_type": 8, "event_category": 12288, "computer_name": "UNICORN", "string_inserts": ["S-1-5-19", "LOCAL SERVICE", "NT AUTHORITY", "0x3e5", "2025-03-07T06:02:44.5583518Z", "2025-03-07T06:02:44.5586310Z", "0x3a68", "C:\\Windows\\System32\\svchost.exe"], "record_number": 449}
{"event_id": 4616, "source_name": "Microsoft-Windows-Security-Auditing", "time_generated": "2025-03-07 19:52:38", "event_type": 8, "event_category": 12288, "computer_name": "UNICORN", "string_inserts": ["S-1-5-19", "LOCAL SERVICE", "NT AUTHORITY", "0x3e5", "2025-03-07T14:22:38.7720289Z", "2025-03-07T14:22:38.7723444Z", "0x3a68", "C:\\Windows\\System32\\svchost.exe"], "record_number": 450}
{"event_id": 4616, "source_name": "Microsoft-Windows-Security-Auditing", "time_generated": "2025-03-08 20:40:02", "event_type": 8, "event_category": 12288, "computer_name": "UNICORN", "string_inserts": ["S-1-5-19", "LOCAL SERVICE", "NT AUTHORITY", "0x3e5", "2025-03-08T15:10:02.4873113Z", "2025-03-08T15:10:02.4856316Z", "0x3a68", "C:\\Windows\\System32\\svchost.exe"], "record_number": 451}
{"event_id": 4616, "source_name": "Microsoft-Windows-Security-Auditing", "time_generated": "2025-03-09 10:59:33", "event_type": 8, "event_category": 12288, "computer_name": "UNICORN", "string_inserts": ["S-1-5-19", "LOCAL SERVICE", "NT AUTHORITY", "0x3e5", "2025-03-09T05:29:33.9437344Z", "2025-03-09T05:29:33.9434555Z", "0x3a68", "C:\\Windows\\System32\\svchost.exe"], "record_number": 452}
{"event_id": 4616, "source_name": "Microsoft-Windows-Security-Auditing", "time_generated": "2025-03-09 20:48:29", "event_type": 8, "event_category": 12288, "computer_name": "UNICORN", "string_inserts": ["S-1-5-19", "LOCAL SERVICE", "NT AUTHORITY", "0x3e5", "2025-03-09T15:18:29.6013450Z", "2025-03-09T15:18:29.6017809Z", "0x3a68", "C:\\Windows\\System32\\svchost.exe"], "record_number": 453}
{"event_id": 1100, "source_name": "Microsoft-Windows-Eventlog", "time_generated": "2025-03-09 22:21:57", "event_type": 8, "event_category": 103, "computer_name": "UNICORN", "string_inserts": null, "record_number": 454}
{"event_id": 4616, "source_name": "Microsoft-Windows-Security-Auditing", "time_generated": "2025-03-09 22:21:57", "event_type": 8, "event_category": 12288, "computer_name": "UNICORN", "string_inserts": ["S-1-5-19", "LOCAL SERVICE", "NT AUTHORITY", "0x3e5", "2025-03-09T16:51:57.8105809Z", "2025-03-09T16:51:57.8136773Z", "0x3a68", "C:\\Windows\\System32\\svchost.exe"], "record_number": 455}
{"event_id": 4688, "source_name": "Microsoft-Windows-Security-Auditing", "time_generated": "2025-03-09 22:22:17", "event_type": 8, "event_category": 13312, "computer_name": "UNICORN", "string_inserts": ["S-1-5-18", "-", "-", "0x3e7", "0x8c", "", "%%1936", "0x4", "", "S-1-0-0", "-", "-", "0x0", "", "S-1-16-16384"], "record_number": 456}
{"event_id": 4688, "source_name": "Microsoft-Windows-Security-Auditing", "time_generated": "2025-03-09 22:22:17", "event_type": 8, "event_category": 13312, "computer_name": "UNICORN", "string_inserts": ["S-1-5-18", "-", "-", "0x3e7", "0xb8", "Registry", "%%1936", "0x4", "", "S-1-0-0", "-", "-", "0x0", "", "S-1-16-16384"], "record_number": 457}
{"event_id": 4696, "source_name": "Microsoft-Windows-Security-Auditing", "time_generated": "2025-03-09 22:22:17", "event_type": 8, "event_category": 13312, "computer_name": "UNICORN", "string_inserts": ["S-1-5-18", "-", "-", "0x3e7", "S-1-0-0", "-", "-", "0x3e7", "0xb8", "Registry", "0x4", ""], "record_number": 458}
{"event_id": 4826, "source_name": "Microsoft-Windows-Security-Auditing", "time_generated": "2025-03-09 22:22:17", "event_type": 8, "event_category": 13573, "computer_name": "UNICORN", "string_inserts": ["S-1-5-18", "-", "-", "0x3e7", "-", "%%1843", "%%1846", "%%1843", "%%1843", "%%1849", "%%1843", "%%1843", "%%1843", "-", "%%1849", "%%1843"], "record_number": 459}
{"event_id": 4688, "source_name": "Microsoft-Windows-Security-Auditing", "time_generated": "2025-03-09 22:22:17", "event_type": 8, "event_category": 13312, "computer_name": "UNICORN", "string_inserts": ["S-1-5-18", "-", "-", "0x3e7", "0x254", "C:\\Windows\\System32\\smss.exe", "%%1936", "0x4", "", "S-1-0-0", "-", "-", "0x0", "", "S-1-16-16384"], "record_number": 460}
{"event_id": 4688, "source_name": "Microsoft-Windows-Security-Auditing", "time_generated": "2025-03-09 22:22:18", "event_type": 8, "event_category": 13312, "computer_name": "UNICORN", "string_inserts": ["S-1-5-18", "-", "-", "0x3e7", "0x290", "C:\\Windows\\System32\\autochk.exe", "%%1936", "0x254", "", "S-1-0-0", "-", "-", "0x0", "C:\\Windows\\System32\\smss.exe", "S-1-16-16384"], "record_number": 461}
{"event_id": 4688, "source_name": "Microsoft-Windows-Security-Auditing", "time_generated": "2025-03-09 22:22:20", "event_type": 8, "event_category": 13312, "computer_name": "UNICORN", "string_inserts": ["S-1-5-18", "-", "-", "0x3e7", "0x3d8", "C:\\Windows\\System32\\smss.exe", "%%1936", "0x254", "", "S-1-0-0", "-", "-", "0x0", "C:\\Windows\\System32\\smss.exe", "S-1-16-16384"], "record_number": 462}
{"event_id": 4688, "source_name": "Microsoft-Windows-Security-Auditing", "time_generated": "2025-03-09 22:22:22", "event_type": 8, "event_category": 13312, "computer_name": "UNICORN", "string_inserts": ["S-1-5-18", "-", "-", "0x3e7", "0x38c", "C:\\Windows\\System32\\csrss.exe", "%%1936", "0x3d8", "", "S-1-0-0", "-", "-", "0x0", "C:\\Windows\\System32\\smss.exe", "S-1-16-16384"], "record_number": 463}
{"event_id": 4688, "source_name": "Microsoft-Windows-Security-Auditing", "time_generated": "2025-03-09 22:22:22", "event_type": 8, "event_category": 13312, "computer_name": "UNICORN", "string_inserts": ["S-1-5-18", "-", "-", "0x3e7", "0x42c", "C:\\Windows\\System32\\smss.exe", "%%1936", "0x254", "", "S-1-0-0", "-", "-", "0x0", "C:\\Windows\\System32\\smss.exe", "S-1-16-16384"], "record_number": 464}
{"event_id": 4688, "source_name": "Microsoft-Windows-Security-Auditing", "time_generated": "2025-03-09 22:22:22", "event_type": 8, "event_category": 13312, "computer_name": "UNICORN", "string_inserts": ["S-1-5-18", "-", "-", "0x3e7", "0x434", "C:\\Windows\\System32\\wininit.exe", "%%1936", "0x3d8", "", "S-1-0-0", "-", "-", "0x0", "C:\\Windows\\System32\\smss.exe", "S-1-16-16384"], "record_number": 465}
{"event_id": 4688, "source_name": "Microsoft-Windows-Security-Auditing", "time_generated": "2025-03-09 22:22:22", "event_type": 8, "event_category": 13312, "computer_name": "UNICORN", "string_inserts": ["S-1-5-18", "-", "-", "0x3e7", "0x440", "C:\\Windows\\System32\\csrss.exe", "%%1936", "0x42c", "", "S-1-0-0", "-", "-", "0x0", "C:\\Windows\\System32\\smss.exe", "S-1-16-16384"], "record_number": 466}
{"event_id": 4688, "source_name": "Microsoft-Windows-Security-Auditing", "time_generated": "2025-03-09 22:22:22", "event_type": 8, "event_category": 13312, "computer_name": "UNICORN", "string_inserts": ["S-1-5-18", "-", "-", "0x3e7", "0x480", "C:\\Windows\\System32\\winlogon.exe", "%%1936", "0x42c", "", "S-1-0-0", "-", "-", "0x0", "C:\\Windows\\System32\\smss.exe", "S-1-16-16384"], "record_number": 467}
{"event_id": 4688, "source_name": "Microsoft-Windows-Security-Auditing", "time_generated": "2025-03-09 22:22:22", "event_type": 8, "event_category": 13312, "computer_name": "UNICORN", "string_inserts": ["S-1-5-18", "-", "-", "0x3e7", "0x4c8", "C:\\Windows\\System32\\services.exe", "%%1936", "0x434", "", "S-1-0-0", "-", "-", "0x0", "C:\\Windows\\System32\\wininit.exe", "S-1-16-16384"], "record_number": 468}
{"event_id": 4688, "source_name": "Microsoft-Windows-Security-Auditing", "time_generated": "2025-03-09 22:22:22", "event_type": 8, "event_category": 13312, "computer_name": "UNICORN", "string_inserts": ["S-1-5-18", "-", "-", "0x3e7", "0x4dc", "C:\\Windows\\System32\\LsaIso.exe", "%%1936", "0x434", "", "S-1-0-0", "-", "-", "0x0", "C:\\Windows\\System32\\wininit.exe", "S-1-16-16384"], "record_number": 469}
{"event_id": 4688, "source_name": "Microsoft-Windows-Security-Auditing", "time_generated": "2025-03-09 22:22:22", "event_type": 8, "event_category": 13312, "computer_name": "UNICORN", "string_inserts": ["S-1-5-18", "-", "-", "0x3e7", "0x4e4", "C:\\Windows\\System32\\lsass.exe", "%%1936", "0x434", "", "S-1-0-0", "-", "-", "0x0", "C:\\Windows\\System32\\wininit.exe", "S-1-16-16384"], "record_number": 470}
{"event_id": 6417, "source_name": "Microsoft-Windows-Security-Auditing", "time_generated": "2025-03-09 22:22:23", "event_type": 8, "event_category": 12290, "computer_name": "UNICORN", "string_inserts": ["0x4e4", "C:\\Windows\\System32\\lsass.exe"], "record_number": 471}
{"event_id": 1100, "source_name": "Microsoft-Windows-Eventlog", "time_generated": "2025-03-09 22:23:55", "event_type": 8, "event_category": 103, "computer_name": "UNICORN", "string_inserts": null, "record_number": 472}
{"event_id": 4688, "source_name": "Microsoft-Windows-Security-Auditing", "time_generated": "2025-03-10 10:45:19", "event_type": 8, "event_category": 13312, "computer_name": "UNICORN", "string_inserts": ["S-1-5-18", "-", "-", "0x3e7", "0x8c", "", "%%1936", "0x4", "", "S-1-0-0", "-", "-", "0x0", "", "S-1-16-16384"], "record_number": 473}
{"event_id": 4688, "source_name": "Microsoft-Windows-Security-Auditing", "time_generated": "2025-03-10 10:45:19", "event_type": 8, "event_category": 13312, "computer_name": "UNICORN", "string_inserts": ["S-1-5-18", "-", "-", "0x3e7", "0xb8", "Registry", "%%1936", "0x4", "", "S-1-0-0", "-", "-", "0x0", "", "S-1-16-16384"], "record_number": 474}
{"event_id": 4696, "source_name": "Microsoft-Windows-Security-Auditing", "time_generated": "2025-03-10 10:45:19", "event_type": 8, "event_category": 13312, "computer_name": "UNICORN", "string_inserts": ["S-1-5-18", "-", "-", "0x3e7", "S-1-0-0", "-", "-", "0x3e7", "0xb8", "Registry", "0x4", ""], "record_number": 475}
{"event_id": 4826, "source_name": "Microsoft-Windows-Security-Auditing", "time_generated": "2025-03-10 10:45:19", "event_type": 8, "event_category": 13573, "computer_name": "UNICORN", "string_inserts": ["S-1-5-18", "-", "-", "0x3e7", "-", "%%1843", "%%1846", "%%1843", "%%1843", "%%1849", "%%1843", "%%1843", "%%1843", "-", "%%1849", "%%1843"], "record_number": 476}
{"event_id": 4688, "source_name": "Microsoft-Windows-Security-Auditing", "time_generated": "2025-03-10 10:45:20", "event_type": 8, "event_category": 13312, "computer_name": "UNICORN", "string_inserts": ["S-1-5-18", "-", "-", "0x3e7", "0x284", "C:\\Windows\\System32\\smss.exe", "%%1936", "0x4", "", "S-1-0-0", "-", "-", "0x0", "", "S-1-16-16384"], "record_number": 477}
{"event_id": 4688, "source_name": "Microsoft-Windows-Security-Auditing", "time_generated": "2025-03-10 10:45:21", "event_type": 8, "event_category": 13312, "computer_name": "UNICORN", "string_inserts": ["S-1-5-18", "-", "-", "0x3e7", "0x2f8", "C:\\Windows\\System32\\autochk.exe", "%%1936", "0x284", "", "S-1-0-0", "-", "-", "0x0", "C:\\Windows\\System32\\smss.exe", "S-1-16-16384"], "record_number": 478}
{"event_id": 4688, "source_name": "Microsoft-Windows-Security-Auditing", "time_generated": "2025-03-10 10:45:21", "event_type": 8, "event_category": 13312, "computer_name": "UNICORN", "string_inserts": ["S-1-5-18", "-", "-", "0x3e7", "0x3b0", "C:\\Windows\\System32\\smss.exe", "%%1936", "0x284", "", "S-1-0-0", "-", "-", "0x0", "C:\\Windows\\System32\\smss.exe", "S-1-16-16384"], "record_number": 479}
{"event_id": 4688, "source_name": "Microsoft-Windows-Security-Auditing", "time_generated": "2025-03-10 10:45:25", "event_type": 8, "event_category": 13312, "computer_name": "UNICORN", "string_inserts": ["S-1-5-18", "-", "-", "0x3e7", "0x39c", "C:\\Windows\\System32\\csrss.exe", "%%1936", "0x3b0", "", "S-1-0-0", "-", "-", "0x0", "C:\\Windows\\System32\\smss.exe", "S-1-16-16384"], "record_number": 480}
{"event_id": 4688, "source_name": "Microsoft-Windows-Security-Auditing", "time_generated": "2025-03-10 10:45:25", "event_type": 8, "event_category": 13312, "computer_name": "UNICORN", "string_inserts": ["S-1-5-18", "-", "-", "0x3e7", "0x430", "C:\\Windows\\System32\\smss.exe", "%%1936", "0x284", "", "S-1-0-0", "-", "-", "0x0", "C:\\Windows\\System32\\smss.exe", "S-1-16-16384"], "record_number": 481}
{"event_id": 4688, "source_name": "Microsoft-Windows-Security-Auditing", "time_generated": "2025-03-10 10:45:25", "event_type": 8, "event_category": 13312, "computer_name": "UNICORN", "string_inserts": ["S-1-5-18", "-", "-", "0x3e7", "0x438", "C:\\Windows\\System32\\wininit.exe", "%%1936", "0x3b0", "", "S-1-0-0", "-", "-", "0x0", "C:\\Windows\\System32\\smss.exe", "S-1-16-16384"], "record_number": 482}
{"event_id": 4688, "source_name": "Microsoft-Windows-Security-Auditing", "time_generated": "2025-03-10 10:45:25", "event_type": 8, "event_category": 13312, "computer_name": "UNICORN", "string_inserts": ["S-1-5-18", "-", "-", "0x3e7", "0x444", "C:\\Windows\\System32\\csrss.exe", "%%1936", "0x430", "", "S-1-0-0", "-", "-", "0x0", "C:\\Windows\\System32\\smss.exe", "S-1-16-16384"], "record_number": 483}
{"event_id": 4688, "source_name": "Microsoft-Windows-Security-Auditing", "time_generated": "2025-03-10 10:45:25", "event_type": 8, "event_category": 13312, "computer_name": "UNICORN", "string_inserts": ["S-1-5-18", "-", "-", "0x3e7", "0x4a0", "C:\\Windows\\System32\\winlogon.exe", "%%1936", "0x430", "", "S-1-0-0", "-", "-", "0x0", "C:\\Windows\\System32\\smss.exe", "S-1-16-16384"], "record_number": 484}
{"event_id": 4688, "source_name": "Microsoft-Windows-Security-Auditing", "time_generated": "2025-03-10 10:45:25", "event_type": 8, "event_category": 13312, "computer_name": "UNICORN", "string_inserts": ["S-1-5-18", "-", "-", "0x3e7", "0x4cc", "C:\\Windows\\System32\\services.exe", "%%1936", "0x438", "", "S-1-0-0", "-", "-", "0x0", "C:\\Windows\\System32\\wininit.exe", "S-1-16-16384"], "record_number": 485}
{"event_id": 4688, "source_name": "Microsoft-Windows-Security-Auditing", "time_generated": "2025-03-10 10:45:25", "event_type": 8, "event_category": 13312, "computer_name": "UNICORN", "string_inserts": ["S-1-5-18", "-", "-", "0x3e7", "0x4e0", "C:\\Windows\\System32\\LsaIso.exe", "%%1936", "0x438", "", "S-1-0-0", "-", "-", "0x0", "C:\\Windows\\System32\\wininit.exe", "S-1-16-16384"], "record_number": 486}
{"event_id": 4688, "source_name": "Microsoft-Windows-Security-Auditing", "time_generated": "2025-03-10 10:45:25", "event_type": 8, "event_category": 13312, "computer_name": "UNICORN", "string_inserts": ["S-1-5-18", "-", "-", "0x3e7", "0x4e8", "C:\\Windows\\System32\\lsass.exe", "%%1936", "0x438", "", "S-1-0-0", "-", "-", "0x0", "C:\\Windows\\System32\\wininit.exe", "S-1-16-16384"], "record_number": 487}
{"event_id": 6417, "source_name": "Microsoft-Windows-Security-Auditing", "time_generated": "2025-03-10 10:45:25", "event_type": 8, "event_category": 12290, "computer_name": "UNICORN", "string_inserts": ["0x4e8", "C:\\Windows\\System32\\lsass.exe"], "record_number": 488}
{"event_id": 4616, "source_name": "Microsoft-Windows-Security-Auditing", "time_generated": "2025-03-10 20:47:37", "event_type": 8, "event_category": 12288, "computer_name": "UNICORN", "string_inserts": ["S-1-5-19", "LOCAL SERVICE", "NT AUTHORITY", "0x3e5", "2025-03-10T15:17:37.5674054Z", "2025-03-10T15:17:37.5674427Z", "0x3048", "C:\\Windows\\System32\\svchost.exe"], "record_number": 489}
{"event_id": 4616, "source_name": "Microsoft-Windows-Security-Auditing", "time_generated": "2025-03-11 11:34:09", "event_type": 8, "event_category": 12288, "computer_name": "UNICORN", "string_inserts": ["S-1-5-19", "LOCAL SERVICE", "NT AUTHORITY", "0x3e5", "2025-03-11T06:04:09.9506453Z", "2025-03-11T06:04:09.9516119Z", "0x3048", "C:\\Windows\\System32\\svchost.exe"], "record_number": 490}
{"event_id": 4616, "source_name": "Microsoft-Windows-Security-Auditing", "time_generated": "2025-03-12 13:18:51", "event_type": 8, "event_category": 12288, "computer_name": "UNICORN", "string_inserts": ["S-1-5-19", "LOCAL SERVICE", "NT AUTHORITY", "0x3e5", "2025-03-12T07:48:51.3015256Z", "2025-03-12T07:48:51.3014769Z", "0x3048", "C:\\Windows\\System32\\svchost.exe"], "record_number": 491}
{"event_id": 1101, "source_name": "Microsoft-Windows-Eventlog", "time_generated": "2025-03-12 20:16:41", "event_type": 8, "event_category": 101, "computer_name": "UNICORN", "string_inserts": ["0"], "record_number": 492}
{"event_id": 4688, "source_name": "Microsoft-Windows-Security-Auditing", "time_generated": "2025-03-12 20:16:33", "event_type": 8, "event_category": 13312, "computer_name": "UNICORN", "string_inserts": ["S-1-5-18", "-", "-", "0x3e7", "0x8c", "", "%%1936", "0x4", "", "S-1-0-0", "-", "-", "0x0", "", "S-1-16-16384"], "record_number": 493}
{"event_id": 4688, "source_name": "Microsoft-Windows-Security-Auditing", "time_generated": "2025-03-12 20:16:33", "event_type": 8, "event_category": 13312, "computer_name": "UNICORN", "string_inserts": ["S-1-5-18", "-", "-", "0x3e7", "0xb8", "Registry", "%%1936", "0x4", "", "S-1-0-0", "-", "-", "0x0", "", "S-1-16-16384"], "record_number": 494}
{"event_id": 4696, "source_name": "Microsoft-Windows-Security-Auditing", "time_generated": "2025-03-12 20:16:33", "event_type": 8, "event_category": 13312, "computer_name": "UNICORN", "string_inserts": ["S-1-5-18", "-", "-", "0x3e7", "S-1-0-0", "-", "-", "0x3e7", "0xb8", "Registry", "0x4", ""], "record_number": 495}
{"event_id": 4826, "source_name": "Microsoft-Windows-Security-Auditing", "time_generated": "2025-03-12 20:16:33", "event_type": 8, "event_category": 13573, "computer_name": "UNICORN", "string_inserts": ["S-1-5-18", "-", "-", "0x3e7", "-", "%%1843", "%%1846", "%%1843", "%%1843", "%%1849", "%%1843", "%%1843", "%%1843", "-", "%%1849", "%%1843"], "record_number": 496}
{"event_id": 4688, "source_name": "Microsoft-Windows-Security-Auditing", "time_generated": "2025-03-12 20:16:33", "event_type": 8, "event_category": 13312, "computer_name": "UNICORN", "string_inserts": ["S-1-5-18", "-", "-", "0x3e7", "0x250", "C:\\Windows\\System32\\smss.exe", "%%1936", "0x4", "", "S-1-0-0", "-", "-", "0x0", "", "S-1-16-16384"], "record_number": 497}
{"event_id": 4688, "source_name": "Microsoft-Windows-Security-Auditing", "time_generated": "2025-03-12 20:16:35", "event_type": 8, "event_category": 13312, "computer_name": "UNICORN", "string_inserts": ["S-1-5-18", "-", "-", "0x3e7", "0x300", "C:\\Windows\\System32\\autochk.exe", "%%1936", "0x250", "", "S-1-0-0", "-", "-", "0x0", "C:\\Windows\\System32\\smss.exe", "S-1-16-16384"], "record_number": 498}
{"event_id": 4688, "source_name": "Microsoft-Windows-Security-Auditing", "time_generated": "2025-03-12 20:16:39", "event_type": 8, "event_category": 13312, "computer_name": "UNICORN", "string_inserts": ["S-1-5-18", "-", "-", "0x3e7", "0x30c", "C:\\Windows\\System32\\smss.exe", "%%1936", "0x250", "", "S-1-0-0", "-", "-", "0x0", "C:\\Windows\\System32\\smss.exe", "S-1-16-16384"], "record_number": 499}
{"event_id": 4688, "source_name": "Microsoft-Windows-Security-Auditing", "time_generated": "2025-03-12 20:16:39", "event_type": 8, "event_category": 13312, "computer_name": "UNICORN", "string_inserts": ["S-1-5-18", "-", "-", "0x3e7", "0x300", "C:\\Windows\\System32\\csrss.exe", "%%1936", "0x30c", "", "S-1-0-0", "-", "-", "0x0", "C:\\Windows\\System32\\smss.exe", "S-1-16-16384"], "record_number": 500}
{"event_id": 4688, "source_name": "Microsoft-Windows-Security-Auditing", "time_generated": "2025-03-12 20:16:40", "event_type": 8, "event_category": 13312, "computer_name": "UNICORN", "string_inserts": ["S-1-5-18", "-", "-", "0x3e7", "0x418", "C:\\Windows\\System32\\smss.exe", "%%1936", "0x250", "", "S-1-0-0", "-", "-", "0x0", "C:\\Windows\\System32\\smss.exe", "S-1-16-16384"], "record_number": 501}
{"event_id": 4688, "source_name": "Microsoft-Windows-Security-Auditing", "time_generated": "2025-03-12 20:16:40", "event_type": 8, "event_category": 13312, "computer_name": "UNICORN", "string_inserts": ["S-1-5-18", "-", "-", "0x3e7", "0x420", "C:\\Windows\\System32\\wininit.exe", "%%1936", "0x30c", "", "S-1-0-0", "-", "-", "0x0", "C:\\Windows\\System32\\smss.exe", "S-1-16-16384"], "record_number": 502}
{"event_id": 4688, "source_name": "Microsoft-Windows-Security-Auditing", "time_generated": "2025-03-12 20:16:40", "event_type": 8, "event_category": 13312, "computer_name": "UNICORN", "string_inserts": ["S-1-5-18", "-", "-", "0x3e7", "0x42c", "C:\\Windows\\System32\\csrss.exe", "%%1936", "0x418", "", "S-1-0-0", "-", "-", "0x0", "C:\\Windows\\System32\\smss.exe", "S-1-16-16384"], "record_number": 503}
{"event_id": 4688, "source_name": "Microsoft-Windows-Security-Auditing", "time_generated": "2025-03-12 20:16:40", "event_type": 8, "event_category": 13312, "computer_name": "UNICORN", "string_inserts": ["S-1-5-18", "-", "-", "0x3e7", "0x46c", "C:\\Windows\\System32\\winlogon.exe", "%%1936", "0x418", "", "S-1-0-0", "-", "-", "0x0", "C:\\Windows\\System32\\smss.exe", "S-1-16-16384"], "record_number": 504}
{"event_id": 4688, "source_name": "Microsoft-Windows-Security-Auditing", "time_generated": "2025-03-12 20:16:40", "event_type": 8, "event_category": 13312, "computer_name": "UNICORN", "string_inserts": ["S-1-5-18", "-", "-", "0x3e7", "0x4b4", "C:\\Windows\\System32\\services.exe", "%%1936", "0x420", "", "S-1-0-0", "-", "-", "0x0", "C:\\Windows\\System32\\wininit.exe", "S-1-16-16384"], "record_number": 505}
{"event_id": 4688, "source_name": "Microsoft-Windows-Security-Auditing", "time_generated": "2025-03-12 20:16:41", "event_type": 8, "event_category": 13312, "computer_name": "UNICORN", "string_inserts": ["S-1-5-18", "-", "-", "0x3e7", "0x4c8", "C:\\Windows\\System32\\LsaIso.exe", "%%1936", "0x420", "", "S-1-0-0", "-", "-", "0x0", "C:\\Windows\\System32\\wininit.exe", "S-1-16-16384"], "record_number": 506}
{"event_id": 4688, "source_name": "Microsoft-Windows-Security-Auditing", "time_generated": "2025-03-12 20:16:41", "event_type": 8, "event_category": 13312, "computer_name": "UNICORN", "string_inserts": ["S-1-5-18", "-", "-", "0x3e7", "0x4d0", "C:\\Windows\\System32\\lsass.exe", "%%1936", "0x420", "", "S-1-0-0", "-", "-", "0x0", "C:\\Windows\\System32\\wininit.exe", "S-1-16-16384"], "record_number": 507}
{"event_id": 6417, "source_name": "Microsoft-Windows-Security-Auditing", "time_generated": "2025-03-12 20:16:41", "event_type": 8, "event_category": 12290, "computer_name": "UNICORN", "string_inserts": ["0x4d0", "C:\\Windows\\System32\\lsass.exe"], "record_number": 508}
{"event_id": 1100, "source_name": "Microsoft-Windows-Eventlog", "time_generated": "2025-03-12 22:10:54", "event_type": 8, "event_category": 103, "computer_name": "UNICORN", "string_inserts": null, "record_number": 509}
{"event_id": 4688, "source_name": "Microsoft-Windows-Security-Auditing", "time_generated": "2025-03-12 22:11:12", "event_type": 8, "event_category": 13312, "computer_name": "UNICORN", "string_inserts": ["S-1-5-18", "-", "-", "0x3e7", "0x8c", "", "%%1936", "0x4", "", "S-1-0-0", "-", "-", "0x0", "", "S-1-16-16384"], "record_number": 510}
{"event_id": 4688, "source_name": "Microsoft-Windows-Security-Auditing", "time_generated": "2025-03-12 22:11:12", "event_type": 8, "event_category": 13312, "computer_name": "UNICORN", "string_inserts": ["S-1-5-18", "-", "-", "0x3e7", "0xb8", "Registry", "%%1936", "0x4", "", "S-1-0-0", "-", "-", "0x0", "", "S-1-16-16384"], "record_number": 511}
{"event_id": 4696, "source_name": "Microsoft-Windows-Security-Auditing", "time_generated": "2025-03-12 22:11:12", "event_type": 8, "event_category": 13312, "computer_name": "UNICORN", "string_inserts": ["S-1-5-18", "-", "-", "0x3e7", "S-1-0-0", "-", "-", "0x3e7", "0xb8", "Registry", "0x4", ""], "record_number": 512}
{"event_id": 4826, "source_name": "Microsoft-Windows-Security-Auditing", "time_generated": "2025-03-12 22:11:12", "event_type": 8, "event_category": 13573, "computer_name": "UNICORN", "string_inserts": ["S-1-5-18", "-", "-", "0x3e7", "-", "%%1843", "%%1846", "%%1843", "%%1843", "%%1849", "%%1843", "%%1843", "%%1843", "-", "%%1849", "%%1843"], "record_number": 513}
{"event_id": 4688, "source_name": "Microsoft-Windows-Security-Auditing", "time_generated": "2025-03-12 22:11:12", "event_type": 8, "event_category": 13312, "computer_name": "UNICORN", "string_inserts": ["S-1-5-18", "-", "-", "0x3e7", "0x258", "C:\\Windows\\System32\\smss.exe", "%%1936", "0x4", "", "S-1-0-0", "-", "-", "0x0", "", "S-1-16-16384"], "record_number": 514}
{"event_id": 4688, "source_name": "Microsoft-Windows-Security-Auditing", "time_generated": "2025-03-12 22:11:15", "event_type": 8, "event_category": 13312, "computer_name": "UNICORN", "string_inserts": ["S-1-5-18", "-", "-", "0x3e7", "0x2c0", "C:\\Windows\\System32\\autochk.exe", "%%1936", "0x258", "", "S-1-0-0", "-", "-", "0x0", "C:\\Windows\\System32\\smss.exe", "S-1-16-16384"], "record_number": 515}
{"event_id": 4688, "source_name": "Microsoft-Windows-Security-Auditing", "time_generated": "2025-03-12 22:11:17", "event_type": 8, "event_category": 13312, "computer_name": "UNICORN", "string_inserts": ["S-1-5-18", "-", "-", "0x3e7", "0x3d0", "C:\\Windows\\System32\\smss.exe", "%%1936", "0x258", "", "S-1-0-0", "-", "-", "0x0", "C:\\Windows\\System32\\smss.exe", "S-1-16-16384"], "record_number": 516}
{"event_id": 4688, "source_name": "Microsoft-Windows-Security-Auditing", "time_generated": "2025-03-12 22:11:19", "event_type": 8, "event_category": 13312, "computer_name": "UNICORN", "string_inserts": ["S-1-5-18", "-", "-", "0x3e7", "0x3a0", "C:\\Windows\\System32\\csrss.exe", "%%1936", "0x3d0", "", "S-1-0-0", "-", "-", "0x0", "C:\\Windows\\System32\\smss.exe", "S-1-16-16384"], "record_number": 517}
{"event_id": 4688, "source_name": "Microsoft-Windows-Security-Auditing", "time_generated": "2025-03-12 22:11:19", "event_type": 8, "event_category": 13312, "computer_name": "UNICORN", "string_inserts": ["S-1-5-18", "-", "-", "0x3e7", "0x43c", "C:\\Windows\\System32\\smss.exe", "%%1936", "0x258", "", "S-1-0-0", "-", "-", "0x0", "C:\\Windows\\System32\\smss.exe", "S-1-16-16384"], "record_number": 518}
{"event_id": 4688, "source_name": "Microsoft-Windows-Security-Auditing", "time_generated": "2025-03-12 22:11:19", "event_type": 8, "event_category": 13312, "computer_name": "UNICORN", "string_inserts": ["S-1-5-18", "-", "-", "0x3e7", "0x444", "C:\\Windows\\System32\\wininit.exe", "%%1936", "0x3d0", "", "S-1-0-0", "-", "-", "0x0", "C:\\Windows\\System32\\smss.exe", "S-1-16-16384"], "record_number": 519}
{"event_id": 4688, "source_name": "Microsoft-Windows-Security-Auditing", "time_generated": "2025-03-12 22:11:19", "event_type": 8, "event_category": 13312, "computer_name": "UNICORN", "string_inserts": ["S-1-5-18", "-", "-", "0x3e7", "0x44c", "C:\\Windows\\System32\\csrss.exe", "%%1936", "0x43c", "", "S-1-0-0", "-", "-", "0x0", "C:\\Windows\\System32\\smss.exe", "S-1-16-16384"], "record_number": 520}
